Log file open, 11/30/18 00:29:33
LogWindows: Failed to load 'aqProf.dll' (GetLastError=126)
LogWindows: File 'aqProf.dll' does not exist
LogWindows: Failed to load 'VSPerf140.dll' (GetLastError=126)
LogWindows: File 'VSPerf140.dll' does not exist
LogWindows: Failed to load 'VtuneApi.dll' (GetLastError=126)
LogWindows: File 'VtuneApi.dll' does not exist
LogWindows: Failed to load 'VtuneApi32e.dll' (GetLastError=126)
LogWindows: File 'VtuneApi32e.dll' does not exist
LogInit: Display: Running engine for game: ExpeditionVR
LogPlatformFile: Not using cached read wrapper
LogTaskGraph: Started task graph with 5 named threads and 20 total threads with 3 sets of task threads.
LogStats: Stats thread started at 0.253635
LogD3D11RHI: Loaded GFSDK_Aftermath_Lib.x64.dll
LogICUInternationalization: Display: ICU TimeZone Detection - Raw Offset: +9:00, Platform Override: ''
LogPluginManager: Mounting plugin Paper2D
LogPluginManager: Mounting plugin AISupport
LogPluginManager: Mounting plugin LightPropagationVolume
LogPluginManager: Mounting plugin CLionSourceCodeAccess
LogPluginManager: Mounting plugin CodeLiteSourceCodeAccess
LogPluginManager: Mounting plugin GitSourceControl
LogPluginManager: Mounting plugin KDevelopSourceCodeAccess
LogPluginManager: Mounting plugin NullSourceCodeAccess
LogPluginManager: Mounting plugin PerforceSourceControl
LogPluginManager: Mounting plugin SubversionSourceControl
LogPluginManager: Mounting plugin UObjectPlugin
LogPluginManager: Mounting plugin VisualStudioCodeSourceCodeAccess
LogPluginManager: Mounting plugin VisualStudioSourceCodeAccess
LogPluginManager: Mounting plugin XCodeSourceCodeAccess
LogPluginManager: Mounting plugin AssetManagerEditor
LogPluginManager: Mounting plugin CryptoKeys
LogPluginManager: Mounting plugin DataValidation
LogPluginManager: Mounting plugin FacialAnimation
LogPluginManager: Mounting plugin GameplayTagsEditor
LogPluginManager: Mounting plugin MacGraphicsSwitching
LogPluginManager: Mounting plugin MeshEditor
LogPluginManager: Mounting plugin MobileLauncherProfileWizard
LogPluginManager: Mounting plugin PluginBrowser
LogPluginManager: Mounting plugin SpeedTreeImporter
LogPluginManager: Mounting plugin DatasmithContent
LogPluginManager: Mounting plugin AlembicImporter
LogPluginManager: Mounting plugin AppleImageUtils
LogPluginManager: Mounting plugin AppleVision
LogPluginManager: Mounting plugin BackChannel
LogPluginManager: Mounting plugin CharacterAI
LogPluginManager: Mounting plugin GeometryCache
LogPluginManager: Mounting plugin HTML5Networking
LogPluginManager: Mounting plugin ProxyLODPlugin
LogPluginManager: Mounting plugin MagicLeap
LogPluginManager: Mounting plugin MagicLeapEmulator
LogPluginManager: Mounting plugin MagicLeapMedia
LogPluginManager: Mounting plugin AndroidMedia
LogPluginManager: Mounting plugin AvfMedia
LogPluginManager: Mounting plugin ImgMedia
LogPluginManager: Mounting plugin LinearTimecode
LogPluginManager: Mounting plugin MediaCompositing
LogPluginManager: Mounting plugin MediaPlayerEditor
LogPluginManager: Mounting plugin WmfMedia
LogPluginManager: Mounting plugin TcpMessaging
LogPluginManager: Mounting plugin UdpMessaging
LogPluginManager: Mounting plugin ActorSequence
LogPluginManager: Mounting plugin LevelSequenceEditor
LogPluginManager: Mounting plugin MatineeToLevelSequence
LogPluginManager: Mounting plugin NetcodeUnitTest
LogPluginManager: Mounting plugin NUTUnrealEngine4
LogPluginManager: Mounting plugin OnlineSubsystemGooglePlay
LogPluginManager: Mounting plugin OnlineSubsystemIOS
LogPluginManager: Mounting plugin OnlineSubsystem
LogPluginManager: Mounting plugin OnlineSubsystemNull
LogPluginManager: Mounting plugin OnlineSubsystemUtils
LogPluginManager: Mounting plugin LauncherChunkInstaller
LogPluginManager: Mounting plugin AndroidDeviceProfileSelector
LogPluginManager: Mounting plugin AndroidMoviePlayer
LogPluginManager: Mounting plugin AndroidPermission
LogPluginManager: Mounting plugin AppleMoviePlayer
LogPluginManager: Mounting plugin ArchVisCharacter
LogPluginManager: Mounting plugin AudioCapture
LogPluginManager: Mounting plugin CableComponent
LogPluginManager: Mounting plugin CustomMeshComponent
LogPluginManager: Mounting plugin EditableMesh
LogPluginManager: Mounting plugin ExampleDeviceProfileSelector
LogPluginManager: Mounting plugin GoogleCloudMessaging
LogPluginManager: Mounting plugin ImmediatePhysics
LogPluginManager: Mounting plugin IOSDeviceProfileSelector
LogPluginManager: Mounting plugin LinuxDeviceProfileSelector
LogPluginManager: Mounting plugin LocationServicesBPLibrary
LogPluginManager: Mounting plugin MobilePatchingUtils
LogPluginManager: Mounting plugin OculusVR
LogPluginManager: Plugin shader directory ../../../Engine/Plugins/Runtime/Oculus/OculusVR/Shaders found
LogPluginManager: Mapping shader source directory ../../../Engine/Plugins/Runtime/Oculus/OculusVR/Shaders to virtual directory /Plugin/OculusVR
LogPluginManager: Mounting plugin PhysXVehicles
LogPluginManager: Mounting plugin ProceduralMeshComponent
LogPluginManager: Mounting plugin RuntimePhysXCooking
LogPluginManager: Mounting plugin SteamVR
LogPluginManager: Mounting plugin WindowsMoviePlayer
LogStreaming: Display: Took  0.183s to configure plugins.
LogInit: Using libcurl 7.55.1-DEV
LogInit:  - built for x86_64-pc-win32
LogInit:  - supports SSL with OpenSSL/1.0.2h
LogInit:  - supports HTTP deflate (compression) using libz 1.2.8
LogInit:  - other features:
LogInit:      CURL_VERSION_SSL
LogInit:      CURL_VERSION_LIBZ
LogInit:      CURL_VERSION_IPV6
LogInit:      CURL_VERSION_ASYNCHDNS
LogInit:      CURL_VERSION_LARGEFILE
LogInit:      CURL_VERSION_IDN
LogInit:  CurlRequestOptions (configurable via config and command line):
LogInit:  - bVerifyPeer = false  - Libcurl will NOT verify peer certificate
LogInit:  - bUseHttpProxy = false  - Libcurl will NOT use HTTP proxy
LogInit:  - bDontReuseConnections = false  - Libcurl will reuse connections
LogInit:  - CertBundlePath = nullptr  - Libcurl will use whatever was configured at build time.
LogInit:  - MaxHostConnections = 16  - Libcurl will limit the number of connections to a host
LogInit:  - LocalHostAddr = Default
LogInit:  - BufferSize = 65536
LogInit: WinSock: version 1.1 (2.2), MaxSocks=32767, MaxUdp=65467
LogInit: Build: ++UE4+Release-4.20-CL-4369336
LogInit: Engine Version: 4.20.3-4369336+++UE4+Release-4.20
LogInit: Compatible Engine Version: 4.20.0-4212847+++UE4+Release-4.20
LogInit: Net CL: 4212847
LogInit: OS: Windows 10 (), CPU: Intel(R) Core(TM) i5-8400 CPU @ 2.80GHz, GPU: NVIDIA GeForce GTX 1070
LogInit: Compiled (64-bit): Sep 17 2018 12:26:19
LogInit: Compiled with Visual C++: 19.13.26129.00
LogInit: Build Configuration: Development
LogInit: Branch Name: ++UE4+Release-4.20
LogInit: Command Line: 
LogInit: Base Directory: D:/Program Files (x86)/UE_4.20/Engine/Binaries/Win64/
LogInit: Installed Engine Build: 1
LogDevObjectVersion: Number of dev versions registered: 20
LogDevObjectVersion:   Dev-Blueprints (B0D832E4-1F89-4F0D-ACCF-7EB736FD4AA2): 10
LogDevObjectVersion:   Dev-Build (E1C64328-A22C-4D53-A36C-8E866417BD8C): 0
LogDevObjectVersion:   Dev-Core (375EC13C-06E4-48FB-B500-84F0262A717E): 2
LogDevObjectVersion:   Dev-Editor (E4B068ED-F494-42E9-A231-DA0B2E46BB41): 24
LogDevObjectVersion:   Dev-Framework (CFFC743F-43B0-4480-9391-14DF171D2073): 34
LogDevObjectVersion:   Dev-Mobile (B02B49B5-BB20-44E9-A304-32B752E40360): 2
LogDevObjectVersion:   Dev-Networking (A4E4105C-59A1-49B5-A7C5-40C4547EDFEE): 0
LogDevObjectVersion:   Dev-Online (39C831C9-5AE6-47DC-9A44-9C173E1C8E7C): 0
LogDevObjectVersion:   Dev-Physics (78F01B33-EBEA-4F98-B9B4-84EACCB95AA2): 0
LogDevObjectVersion:   Dev-Platform (6631380F-2D4D-43E0-8009-CF276956A95A): 0
LogDevObjectVersion:   Dev-Rendering (12F88B9F-8875-4AFC-A67C-D90C383ABD29): 26
LogDevObjectVersion:   Dev-Sequencer (7B5AE74C-D270-4C10-A958-57980B212A5A): 9
LogDevObjectVersion:   Dev-VR (D7296918-1DD6-4BDD-9DE2-64A83CC13884): 2
LogDevObjectVersion:   Dev-LoadTimes (C2A15278-BFE7-4AFE-6C17-90FF531DF755): 1
LogDevObjectVersion:   Private-Geometry (6EACA3D4-40EC-4CC1-B786-8BED09428FC5): 3
LogDevObjectVersion:   Dev-AnimPhys (29E575DD-E0A3-4627-9D10-D276232CDCEA): 17
LogDevObjectVersion:   Dev-ReflectionCapture (6B266CEC-1EC7-4B8F-A30B-E4D90942FC07): 1
LogDevObjectVersion:   Dev-Automation (0DF73D61-A23F-47EA-B727-89E90C41499A): 1
LogDevObjectVersion:   FortniteMain (601D1886-AC64-4F84-AA16-D3DE0DEAC7D6): 12
LogDevObjectVersion:   Dev-Enterprise (9DFFBCD6-494F-0158-E221-12823C92A888): 1
LogStreaming: Display: Took  0.000s to delete old logs.
LogInit: Presizing for max 8388607 objects, including 0 objects not considered by GC, pre-allocating 0 bytes for permanent pool.
LogInit: Object subsystem initialized
[2018.11.29-15.29.34:062][  0]LogInit: Selected Device Profile: [Windows]
[2018.11.29-15.29.34:062][  0]LogInit: Applying CVar settings loaded from the selected device profile: [Windows]
[2018.11.29-15.29.34:082][  0]LogHAL: Display: Platform has ~ 16 GB [17096945664 / 17179869184 / 16], which maps to Larger [LargestMinGB=32, LargerMinGB=12, DefaultMinGB=8, SmallerMinGB=6, SmallestMinGB=0)
[2018.11.29-15.29.34:082][  0]LogInit: Setting Device Profile CVar: [[r.Vulkan.UseRealUBs:1]]
[2018.11.29-15.29.34:082][  0]LogInit: Going up to parent DeviceProfile []
[2018.11.29-15.29.34:083][  0]LogInit: Computer: DESKTOP-HAFISC9
[2018.11.29-15.29.34:083][  0]LogInit: User: pc
[2018.11.29-15.29.34:083][  0]LogInit: CPU Page size=4096, Cores=6
[2018.11.29-15.29.34:083][  0]LogInit: High frequency timer resolution =2.742189 MHz
[2018.11.29-15.29.34:083][  0]LogMemory: Memory total: Physical=15.9GB (16GB approx)
[2018.11.29-15.29.34:083][  0]LogMemory: Platform Memory Stats for Windows
[2018.11.29-15.29.34:083][  0]LogMemory: Process Physical Memory: 101.28 MB used, 101.28 MB peak
[2018.11.29-15.29.34:083][  0]LogMemory: Process Virtual Memory: 91.08 MB used, 91.08 MB peak
[2018.11.29-15.29.34:083][  0]LogMemory: Physical Memory: 4481.34 MB used,  11823.57 MB free, 16304.92 MB total
[2018.11.29-15.29.34:083][  0]LogMemory: Virtual Memory: 4641.16 MB used,  11823.57 MB free, 134217728.00 MB total
[2018.11.29-15.29.34:117][  0]LogInit: Using OS detected language (ko-KR).
[2018.11.29-15.29.34:117][  0]LogInit: Using OS detected locale (ko-KR).
[2018.11.29-15.29.34:118][  0]LogTextLocalizationManager: No specific localization for 'ko-KR' exists, so the 'ko' localization will be used.
[2018.11.29-15.29.34:420][  0]LogStreaming: Display: Took  0.302s to InitEngineTextLocalization.
[2018.11.29-15.29.34:420][  0]LogInit: Setting process to per monitor DPI aware
[2018.11.29-15.29.34:456][  0]LogSlate: New Slate User Created.  User Index 0, Is Virtual User: 0
[2018.11.29-15.29.34:456][  0]LogSlate: Slate User Registered.  User Index 0, Is Virtual User: 0
[2018.11.29-15.29.34:909][  0]LogHMD: Failed to initialize OpenVR with code 110
[2018.11.29-15.29.34:909][  0]LogD3D11RHI: D3D11 adapters:
[2018.11.29-15.29.34:991][  0]LogD3D11RHI:    0. 'NVIDIA GeForce GTX 1070' (Feature Level 11_0)
[2018.11.29-15.29.34:991][  0]LogD3D11RHI:       8088/0/8152 MB DedicatedVideo/DedicatedSystem/SharedSystem, Outputs:1, VendorId:0x10de
[2018.11.29-15.29.34:994][  0]LogD3D11RHI:    1. 'Microsoft Basic Render Driver' (Feature Level 11_0)
[2018.11.29-15.29.34:994][  0]LogD3D11RHI:       0/0/8152 MB DedicatedVideo/DedicatedSystem/SharedSystem, Outputs:0, VendorId:0x1414
[2018.11.29-15.29.34:994][  0]LogD3D11RHI: Chosen D3D11 Adapter: 0
[2018.11.29-15.29.34:999][  0]LogD3D11RHI: Creating new Direct3DDevice
[2018.11.29-15.29.34:999][  0]LogD3D11RHI:     GPU DeviceId: 0x1b81 (for the marketing name, search the web for "GPU Device Id")
[2018.11.29-15.29.34:999][  0]LogWindows: EnumDisplayDevices:
[2018.11.29-15.29.34:999][  0]LogWindows:    0. 'NVIDIA GeForce GTX 1070' (P:1 D:1)
[2018.11.29-15.29.35:001][  0]LogWindows:    1. 'NVIDIA GeForce GTX 1070' (P:0 D:0)
[2018.11.29-15.29.35:002][  0]LogWindows:    2. 'NVIDIA GeForce GTX 1070' (P:0 D:0)
[2018.11.29-15.29.35:003][  0]LogWindows:    3. 'NVIDIA GeForce GTX 1070' (P:0 D:0)
[2018.11.29-15.29.35:003][  0]LogWindows: DebugString: FoundDriverCount:4 
[2018.11.29-15.29.35:004][  0]LogD3D11RHI:     Adapter Name: NVIDIA GeForce GTX 1070
[2018.11.29-15.29.35:004][  0]LogD3D11RHI:   Driver Version: 398.82 (internal:24.21.13.9882, unified:398.82)
[2018.11.29-15.29.35:004][  0]LogD3D11RHI:      Driver Date: 7-30-2018
[2018.11.29-15.29.35:004][  0]LogRHI: Texture pool is 5661 MB (70% of 8088 MB)
[2018.11.29-15.29.35:043][  0]LogD3D11RHI: Async texture creation enabled
[2018.11.29-15.29.35:067][  0]LogD3D11RHI: GPU Timing Frequency: 1000.000000 (Debug: 2 2)
[2018.11.29-15.29.35:071][  0]LogShaderCompilers: Guid format shader working directory is -27 characters bigger than the processId version (../../../../../pc/Documents/Unreal Projects/ExpeditionVR/ExpeditionVR/Intermediate/Shaders/WorkingDirectory/15500/).
[2018.11.29-15.29.35:071][  0]LogShaderCompilers: Cleaned the shader compiler working directory 'C:/Users/pc/AppData/Local/Temp/UnrealShaderWorkingDir/DB8F767241A0077E9393C985CC702330/'.
[2018.11.29-15.29.35:418][  0]LogTemp: Display: Loaded TP AllDesktopTargetPlatform
[2018.11.29-15.29.35:432][  0]LogTemp: Display: Loaded TP MacClientTargetPlatform
[2018.11.29-15.29.35:443][  0]LogTemp: Display: Loaded TP MacNoEditorTargetPlatform
[2018.11.29-15.29.35:455][  0]LogTemp: Display: Loaded TP MacServerTargetPlatform
[2018.11.29-15.29.35:467][  0]LogTemp: Display: Loaded TP MacTargetPlatform
[2018.11.29-15.29.35:478][  0]LogTemp: Display: Loaded TP WindowsClientTargetPlatform
[2018.11.29-15.29.35:489][  0]LogTemp: Display: Loaded TP WindowsNoEditorTargetPlatform
[2018.11.29-15.29.35:500][  0]LogTemp: Display: Loaded TP WindowsServerTargetPlatform
[2018.11.29-15.29.35:506][  0]LogTemp: Display: Loaded TP WindowsTargetPlatform
[2018.11.29-15.29.35:573][  0]LogTemp: Display: Loaded TP AndroidTargetPlatform
[2018.11.29-15.29.35:573][  0]LogTemp: Display: Loaded TP AndroidTargetPlatform
[2018.11.29-15.29.35:573][  0]LogTemp: Display: Loaded TP AndroidTargetPlatform
[2018.11.29-15.29.35:573][  0]LogTemp: Display: Loaded TP AndroidTargetPlatform
[2018.11.29-15.29.35:573][  0]LogTemp: Display: Loaded TP AndroidTargetPlatform
[2018.11.29-15.29.35:573][  0]LogTemp: Display: Loaded TP AndroidTargetPlatform
[2018.11.29-15.29.35:573][  0]LogTemp: Display: Loaded TP AndroidTargetPlatform
[2018.11.29-15.29.35:573][  0]LogTemp: Display: Loaded TP AndroidTargetPlatform
[2018.11.29-15.29.35:573][  0]LogTemp: Display: Loaded TP AndroidTargetPlatform
[2018.11.29-15.29.35:573][  0]LogTemp: Display: Loaded TP AndroidTargetPlatform
[2018.11.29-15.29.35:573][  0]LogTemp: Display: Loaded TP AndroidTargetPlatform
[2018.11.29-15.29.35:573][  0]LogTemp: Display: Loaded TP AndroidTargetPlatform
[2018.11.29-15.29.35:573][  0]LogTemp: Display: Loaded TP AndroidTargetPlatform
[2018.11.29-15.29.35:573][  0]LogTemp: Display: Loaded TP AndroidTargetPlatform
[2018.11.29-15.29.35:573][  0]LogTemp: Display: Loaded TP AndroidTargetPlatform
[2018.11.29-15.29.35:573][  0]LogTemp: Display: Loaded TP AndroidTargetPlatform
[2018.11.29-15.29.35:573][  0]LogTemp: Display: Loaded TP AndroidTargetPlatform
[2018.11.29-15.29.35:573][  0]LogTemp: Display: Loaded TP AndroidTargetPlatform
[2018.11.29-15.29.35:575][  0]LogTemp: Display: Loaded TP HTML5TargetPlatform
[2018.11.29-15.29.35:641][  0]LogTemp: Display: Loaded TP IOSTargetPlatform
[2018.11.29-15.29.35:641][  0]LogTemp: Display: Loaded TP IOSTargetPlatform
[2018.11.29-15.29.35:670][  0]LogTemp: Display: Loaded TP TVOSTargetPlatform
[2018.11.29-15.29.35:670][  0]LogTemp: Display: Loaded TP TVOSTargetPlatform
[2018.11.29-15.29.35:682][  0]LogTemp: Display: Loaded TP LinuxClientTargetPlatform
[2018.11.29-15.29.35:693][  0]LogTemp: Display: Loaded TP LinuxNoEditorTargetPlatform
[2018.11.29-15.29.35:703][  0]LogTemp: Display: Loaded TP LinuxServerTargetPlatform
[2018.11.29-15.29.35:715][  0]LogTemp: Display: Loaded TP LinuxTargetPlatform
[2018.11.29-15.29.35:723][  0]LogTemp: Display: Loaded TP LuminTargetPlatform
[2018.11.29-15.29.35:723][  0]LogTargetPlatformManager: Display: Building Assets For Windows
[2018.11.29-15.29.35:783][  0]LogXGEController: Cannot use XGE Controller as Incredibuild is not installed on this machine.
[2018.11.29-15.29.35:783][  0]LogShaderCompilers: Cannot use XGE Shader Compiler as Incredibuild is not installed on this machine.
[2018.11.29-15.29.35:783][  0]LogShaderCompilers: Display: Using Local Shader Compiler.
[2018.11.29-15.29.36:401][  0]LogDerivedDataCache: Display: Max Cache Size: 512 MB
[2018.11.29-15.29.36:449][  0]LogDerivedDataCache: Loaded boot cache 0.05s 71MB C:/Users/pc/AppData/Local/UnrealEngine/4.20/DerivedDataCache/Boot.ddc.
[2018.11.29-15.29.36:449][  0]LogDerivedDataCache: Display: Loaded Boot cache: C:/Users/pc/AppData/Local/UnrealEngine/4.20/DerivedDataCache/Boot.ddc
[2018.11.29-15.29.36:449][  0]LogDerivedDataCache: FDerivedDataBackendGraph:  Pak pak cache file ../../../../../pc/Documents/Unreal Projects/ExpeditionVR/ExpeditionVR/DerivedDataCache/DDC.ddp not found, will not use a pak cache.
[2018.11.29-15.29.36:449][  0]LogDerivedDataCache: Unable to find inner node Pak for hierarchical cache Hierarchy.
[2018.11.29-15.29.36:449][  0]LogDerivedDataCache: FDerivedDataBackendGraph:  CompressedPak pak cache file ../../../../../pc/Documents/Unreal Projects/ExpeditionVR/ExpeditionVR/DerivedDataCache/Compressed.ddp not found, will not use a pak cache.
[2018.11.29-15.29.36:449][  0]LogDerivedDataCache: Unable to find inner node CompressedPak for hierarchical cache Hierarchy.
[2018.11.29-15.29.36:461][  0]LogDerivedDataCache: Display: Pak cache opened for reading ../../../Engine/DerivedDataCache/Compressed.ddp.
[2018.11.29-15.29.36:473][  0]LogDerivedDataCache: Using Local data cache path C:/Users/pc/AppData/Local/UnrealEngine/Common/DerivedDataCache: Writable
[2018.11.29-15.29.36:473][  0]LogDerivedDataCache: Shared data cache path not found in *engine.ini, will not use an Shared cache.
[2018.11.29-15.29.36:473][  0]LogDerivedDataCache: Unable to find inner node Shared for hierarchical cache Hierarchy.
[2018.11.29-15.29.36:493][  0]LogMaterial: Verifying Global Shaders for PCD3D_SM5
[2018.11.29-15.29.36:494][  0]LogSlate: Using FreeType 2.6.0
[2018.11.29-15.29.36:495][  0]LogSlate: SlateFontServices - WITH_FREETYPE: 1, WITH_HARFBUZZ: 1
[2018.11.29-15.29.36:594][  0]LogAssetRegistry: FAssetRegistry took 0.0252 seconds to start up
[2018.11.29-15.29.36:856][  0]LogInit: Selected Device Profile: [Windows]
[2018.11.29-15.29.36:971][  0]LogSimplygon: Simplygon DLL not present - disabling.
[2018.11.29-15.29.36:975][  0]LogMeshReduction: Using SimplygonSwarm for distributed automatic mesh merging
[2018.11.29-15.29.36:975][  0]LogMeshReduction: Using ProxyLODMeshReduction for automatic mesh merging
[2018.11.29-15.29.36:975][  0]LogMeshReduction: Using QuadricMeshReduction for automatic static mesh reduction
[2018.11.29-15.29.36:975][  0]LogMeshReduction: No automatic skeletal mesh reduction module available
[2018.11.29-15.29.36:992][  0]LogNetVersion: ExpeditionVR 1.0.0, NetCL: 4212847, EngineNetVer: 5, GameNetVer: 0 (Checksum: 821079305)
[2018.11.29-15.29.37:601][  0]LogPackageLocalizationCache: Processed 11 localized package path(s) for 2 prioritized culture(s) in 0.183771 seconds
[2018.11.29-15.29.37:607][  0]LogUObjectArray: 38425 objects as part of root set at end of initial load.
[2018.11.29-15.29.37:607][  0]LogUObjectAllocator: 6690872 out of 0 bytes used by permanent object pool.
[2018.11.29-15.29.37:607][  0]LogUObjectArray: CloseDisregardForGC: 0/0 objects in disregard for GC pool
[2018.11.29-15.29.38:697][  0]LogTcpMessaging: Initializing TcpMessaging bridge
[2018.11.29-15.29.38:721][  0]LogUdpMessaging: Initializing bridge on interface 0.0.0.0:0 to multicast group 230.0.0.1:6666.
[2018.11.29-15.29.38:920][  0]SourceControl: 소스 컨트롤이 꺼졌습니다.
[2018.11.29-15.29.38:920][  0]SourceControl: 소스 컨트롤이 꺼졌습니다.
[2018.11.29-15.29.38:927][  0]SourceControl: 소스 컨트롤이 꺼졌습니다.
[2018.11.29-15.29.38:930][  0]SourceControl: 소스 컨트롤이 꺼졌습니다.
[2018.11.29-15.29.39:122][  0]LogAndroidPermission: UAndroidPermissionCallbackProxy::GetInstance
[2018.11.29-15.29.39:242][  0]LogOcInput: OculusInput pre-init called
[2018.11.29-15.29.39:300][  0]LogEngine: Initializing Engine...
[2018.11.29-15.29.39:302][  0]LogHMD: Failed to initialize OpenVR with code 110
[2018.11.29-15.29.39:315][  0]LogStats: UGameplayTagsManager::ConstructGameplayTagTree: ImportINI prefixes -  0.000 s
[2018.11.29-15.29.39:315][  0]LogStats: UGameplayTagsManager::ConstructGameplayTagTree: Construct from data asset -  0.000 s
[2018.11.29-15.29.39:316][  0]LogStats: UGameplayTagsManager::ConstructGameplayTagTree: ImportINI -  0.001 s
[2018.11.29-15.29.39:316][  0]LogStats: UGameplayTagsManager::ConstructGameplayTagTree: GameplayTagTreeChangedEvent.Broadcast -  0.000 s
[2018.11.29-15.29.39:497][  0]LogInit: Initializing FReadOnlyCVARCache
[2018.11.29-15.29.39:508][  0]LogAIModule: Creating AISystem for world Untitled
[2018.11.29-15.29.39:544][  0]LogInit: XAudio2 using '스피커(2- High Definition Audio 장치)' : 2 channels at 48 kHz using 16 bits per sample (channel mask 0x3)
[2018.11.29-15.29.39:581][  0]LogInit: FAudioDevice initialized.
[2018.11.29-15.29.39:581][  0]LogNetVersion: Set ProjectVersion to 1.0.0.0. Version Checksum will be recalculated on next use.
[2018.11.29-15.29.39:660][  0]LogDerivedDataCache: Saved boot cache 0.08s 71MB C:/Users/pc/AppData/Local/UnrealEngine/4.20/DerivedDataCache/Boot.ddc.
[2018.11.29-15.29.39:667][  0]LogInit: Texture streaming: Enabled
[2018.11.29-15.29.39:685][  0]LogEngineSessionManager: EngineSessionManager initialized
[2018.11.29-15.29.39:699][  0]LogInit: Transaction tracking system initialized
[2018.11.29-15.29.39:719][  0]BlueprintLog: New page: 에디터 로드
[2018.11.29-15.29.39:783][  0]LogInit: Warning: CVar named 'r.MobileHDR' marked up in RendererSettings was not found or is set to read-only
[2018.11.29-15.29.39:945][  0]LocalizationService: 현지화 서비스가 비활성화되었습니다.
[2018.11.29-15.29.40:209][  0]LogFileCache: Scanning file cache for directory 'D:/pc/Documents/Unreal Projects/ExpeditionVR/ExpeditionVR/Content/' took 0.01s
[2018.11.29-15.29.40:209][  0]LogCook: Display: Max memory allowance for cook 16384mb min free memory 0mb
[2018.11.29-15.29.40:209][  0]LogCook: Display: Mobile HDR setting 0
[2018.11.29-15.29.40:209][  0]LogGameplayTags: Display: UGameplayTagsManager::DoneAddingNativeTags. DelegateIsBound: 0
[2018.11.29-15.29.40:209][  0]LogStats: UGameplayTagsManager::ConstructGameplayTagTree: ImportINI prefixes -  0.000 s
[2018.11.29-15.29.40:209][  0]LogStats: UGameplayTagsManager::ConstructGameplayTagTree: Construct from data asset -  0.000 s
[2018.11.29-15.29.40:209][  0]LogStats: UGameplayTagsManager::ConstructGameplayTagTree: ImportINI -  0.000 s
[2018.11.29-15.29.40:209][  0]LogStats: UGameplayTagsManager::ConstructGameplayTagTree: GameplayTagTreeChangedEvent.Broadcast -  0.000 s
[2018.11.29-15.29.40:342][  0]SourceControl: 소스 컨트롤이 꺼졌습니다.
[2018.11.29-15.29.40:342][  0]Cmd: MAP LOAD FILE="../../../Engine/Content/Maps/Templates/Template_Default.umap" TEMPLATE=1 SHOWPROGRESS=1 FEATURELEVEL=3
[2018.11.29-15.29.40:343][  0]LightingResults: New page: 라이팅 빌드
[2018.11.29-15.29.40:345][  0]MapCheck: New page: 맵 체크
[2018.11.29-15.29.40:345][  0]LightingResults: New page: 라이팅 빌드
[2018.11.29-15.29.40:514][  0]LogAIModule: Creating AISystem for world Untitled_1
[2018.11.29-15.29.40:519][  0]LogEditorServer: Finished looking for orphan Actors (0.000 secs)
[2018.11.29-15.29.40:541][  0]Cmd: MAP CHECKDEP NOCLEARLOG
[2018.11.29-15.29.40:638][  0]MapCheck: 맵 체크 완료: 오류 0 회, 경고 0 회, 소요 시간 96.114ms.
[2018.11.29-15.29.40:638][  0]LogFileHelpers: Loading map 'Template_Default' took 0.296
[2018.11.29-15.29.41:272][  0]LogSlate: Updating window title bar state: overlay mode, drag disabled, window buttons hidden, title bar hidden
[2018.11.29-15.29.41:282][  0]LogSlate: Updating window title bar state: overlay mode, drag disabled, window buttons hidden, title bar hidden
[2018.11.29-15.29.41:289][  0]LogSlate: Updating window title bar state: overlay mode, drag disabled, window buttons hidden, title bar hidden
[2018.11.29-15.29.41:295][  0]LogSlate: Updating window title bar state: overlay mode, drag disabled, window buttons hidden, title bar hidden
[2018.11.29-15.29.41:302][  0]LogCollectionManager: Loaded 0 collections in 0.000981 seconds
[2018.11.29-15.29.41:358][  0]LogFileCache: Scanning file cache for directory 'D:/pc/Documents/Unreal Projects/ExpeditionVR/ExpeditionVR/Saved/Collections/' took 0.01s
[2018.11.29-15.29.41:358][  0]LogFileCache: Scanning file cache for directory 'D:/pc/Documents/Unreal Projects/ExpeditionVR/ExpeditionVR/Content/Developers/pc/Collections/' took 0.01s
[2018.11.29-15.29.41:358][  0]LogFileCache: Scanning file cache for directory 'D:/pc/Documents/Unreal Projects/ExpeditionVR/ExpeditionVR/Content/Collections/' took 0.01s
[2018.11.29-15.29.41:358][  0]LogCollectionManager: Rebuilt the GUID cache for 0 collections in 0.000000 seconds
[2018.11.29-15.29.41:366][  0]LogContentBrowser: Native class hierarchy populated in 0.0072 seconds. Added 2572 classes and 603 folders.
[2018.11.29-15.29.41:399][  0]LogContentBrowser: Native class hierarchy updated for 'WidgetCarousel' in 0.0003 seconds. Added 0 classes and 0 folders.
[2018.11.29-15.29.43:617][  0]LogContentBrowser: Native class hierarchy updated for 'AddContentDialog' in 0.0007 seconds. Added 0 classes and 0 folders.
[2018.11.29-15.29.43:700][  0]LogContentBrowser: Native class hierarchy updated for 'SceneOutliner' in 0.0003 seconds. Added 1 classes and 2 folders.
[2018.11.29-15.29.43:888][  0]LogSlate: Took 0.000676 seconds to synchronously load lazily loaded font '../../../Engine/Content/Slate/Fonts/Roboto-Regular.ttf' (155K)
[2018.11.29-15.29.43:891][  0]LogSlate: Took 0.002016 seconds to synchronously load lazily loaded font '../../../Engine/Content/Editor/Slate/Fonts/NanumGothic.ttf' (4243K)
[2018.11.29-15.29.43:895][  0]LogSlate: Took 0.003331 seconds to synchronously load lazily loaded font '../../../Engine/Content/Editor/Slate/Fonts/NanumGothicBold.ttf' (4188K)
[2018.11.29-15.29.43:896][  0]LogSlate: Took 0.000310 seconds to synchronously load lazily loaded font '../../../Engine/Content/Slate/Fonts/Roboto-Bold.ttf' (160K)
[2018.11.29-15.29.43:925][  0]LogSlate: Took 0.025854 seconds to synchronously load lazily loaded font '../../../Engine/Content/Editor/Slate/Fonts/FontAwesome.ttf' (139K)
[2018.11.29-15.29.44:157][  0]LogRenderer: Reallocating scene render targets to support 1208x576 Format 10 NumSamples 1 (Frame:1).
[2018.11.29-15.29.44:421][  0]LogContentBrowser: Native class hierarchy updated for 'HierarchicalLODOutliner' in 0.0005 seconds. Added 0 classes and 0 folders.
[2018.11.29-15.29.44:421][  0]LogLoad: (Engine Initialization) Total time: 12.67 seconds
[2018.11.29-15.29.44:421][  0]LogLoad: (Engine Initialization) Total Blueprint compile time: 0.00 seconds
[2018.11.29-15.29.44:439][  0]LogWindowsTextInputMethodSystem: Display: IME system now activated using TSF (Microsoft 입력기).
[2018.11.29-15.29.44:481][  0]LogContentStreaming: Texture pool size now 1000 MB
[2018.11.29-15.29.45:149][ 66]LogAssetRegistry: Asset discovery search completed in 8.5775 seconds
[2018.11.29-15.29.45:151][ 66]LogCollectionManager: Rebuilt the object cache for 0 collections in 0.000000 seconds (found 0 objects)
[2018.11.29-15.29.45:151][ 66]LogCollectionManager: Fixed up redirectors for 0 collections in 0.000040 seconds (updated 0 objects)
[2018.11.29-15.29.52:907][994]LogSlate: FSceneViewport::OnFocusLost() reason 0
[2018.11.29-15.29.54:049][105]LogSlate: Took 0.000372 seconds to synchronously load lazily loaded font '../../../Engine/Content/Slate/Fonts/Roboto-Light.ttf' (167K)
[2018.11.29-15.30.14:186][494]LogSlate: Took 0.002053 seconds to synchronously load lazily loaded font '../../../Engine/Content/Slate/Fonts/Roboto-Light.ttf' (167K)
[2018.11.29-15.30.17:712][494]LogSlate: Window '부모 클래스 선택' being destroyed
[2018.11.29-15.30.30:734][881]LogSlate: Window '부모 클래스 선택' being destroyed
[2018.11.29-15.30.41:676][186]LogAssetEditorManager: Opening Asset editor for Blueprint /Game/Blueprints/VRPawn.VRPawn
[2018.11.29-15.30.42:326][186]LogContentBrowser: Native class hierarchy updated for 'BlueprintGraph' in 0.0019 seconds. Added 116 classes and 0 folders.
[2018.11.29-15.30.43:627][186]LogRenderer: Reallocating scene render targets to support 1208x712 Format 10 NumSamples 1 (Frame:1).
[2018.11.29-15.30.54:055][426]LogSlate: Took 0.020580 seconds to synchronously load lazily loaded font '../../../Engine/Content/Slate/Fonts/Roboto-Italic.ttf' (157K)
[2018.11.29-15.31.11:589][513]LogSlate: Took 0.011411 seconds to synchronously load lazily loaded font '../../../Engine/Content/Slate/Fonts/Roboto-BoldCondensed.ttf' (158K)
[2018.11.29-15.31.39:997][513]LogAssetEditorManager: Opening Asset editor for Blueprint /Game/Blueprints/CameraRoot.CameraRoot
[2018.11.29-15.31.40:214][513]LogSlate: Window '블루프린트 컴포넌트 추가' being destroyed
[2018.11.29-15.33.24:083][994]LogAssetEditorManager: Opening Asset editor for Blueprint /Game/Blueprints/HeldObjectLocation.HeldObjectLocation
[2018.11.29-15.33.24:308][994]LogSlate: Window '블루프린트 컴포넌트 추가' being destroyed
[2018.11.29-15.34.32:488][165]LogSlate: FSceneViewport::OnFocusLost() reason 2
[2018.11.29-15.34.48:297][ 60]LogSlate: FSceneViewport::OnFocusLost() reason 0
[2018.11.29-15.35.31:742][234]LogSlate: Took 0.018904 seconds to synchronously load lazily loaded font '../../../Engine/Content/Slate/Fonts/Roboto-BoldCondensedItalic.ttf' (160K)
[2018.11.29-15.36.51:854][828]BlueprintLog: New page: VRPawn 컴파일
[2018.11.29-15.36.58:993][658]LogSlate: FSceneViewport::OnFocusLost() reason 2
[2018.11.29-15.36.59:001][658]Cmd: OBJ SAVEPACKAGE PACKAGE="/Game/Blueprints/VRPawn" FILE="../../../../../pc/Documents/Unreal Projects/ExpeditionVR/ExpeditionVR/Content/Blueprints/VRPawn.uasset" SILENT=true
[2018.11.29-15.36.59:016][658]LogSavePackage: Moving '../../../../../pc/Documents/Unreal Projects/ExpeditionVR/ExpeditionVR/Saved/VRPawnBE8C0F6F4A64365E517F83995AABD329.tmp' to '../../../../../pc/Documents/Unreal Projects/ExpeditionVR/ExpeditionVR/Content/Blueprints/VRPawn.uasset'
[2018.11.29-15.37.02:608][ 86]Cmd: OBJ SAVEPACKAGE PACKAGE="/Game/Blueprints/HeldObjectLocation" FILE="../../../../../pc/Documents/Unreal Projects/ExpeditionVR/ExpeditionVR/Content/Blueprints/HeldObjectLocation.uasset" SILENT=true
[2018.11.29-15.37.02:630][ 86]LogSavePackage: Moving '../../../../../pc/Documents/Unreal Projects/ExpeditionVR/ExpeditionVR/Saved/HeldObjectLocation57A52E304351A957A11472ACF29B7F1F.tmp' to '../../../../../pc/Documents/Unreal Projects/ExpeditionVR/ExpeditionVR/Content/Blueprints/HeldObjectLocation.uasset'
[2018.11.29-15.37.04:169][268]Cmd: OBJ SAVEPACKAGE PACKAGE="/Game/Blueprints/CameraRoot" FILE="../../../../../pc/Documents/Unreal Projects/ExpeditionVR/ExpeditionVR/Content/Blueprints/CameraRoot.uasset" SILENT=true
[2018.11.29-15.37.04:175][268]LogSavePackage: Moving '../../../../../pc/Documents/Unreal Projects/ExpeditionVR/ExpeditionVR/Saved/CameraRoot49F1D710491E28E4978822BBE4CC9219.tmp' to '../../../../../pc/Documents/Unreal Projects/ExpeditionVR/ExpeditionVR/Content/Blueprints/CameraRoot.uasset'
[2018.11.29-15.38.01:124][157]LogTemp: Executing iPhonePackager certificates Engine -bundlename com.YourCompany.ExpeditionVR
[2018.11.29-15.38.01:124][157]LogTemp: CWD: D:\Program Files (x86)\UE_4.20\Engine\Binaries\DotNET\IOS
[2018.11.29-15.38.01:124][157]LogTemp: Initial Dir: D:\Program Files (x86)\UE_4.20
[2018.11.29-15.38.01:124][157]LogTemp: Env CWD: D:\Program Files (x86)\UE_4.20\Engine\Binaries\DotNET\IOS
[2018.11.29-15.38.01:124][157]LogTemp: BranchPath = DESKTOP-HAFISC9/D/Program Files (x86)/UE_4.20/Engine/Binaries --- GameBranchPath = DESKTOP-HAFISC9/D/Program Files (x86)/UE_4.20/Engine/Binaries
[2018.11.29-15.38.01:124][157]LogSlate: Only BGRA pngs, bmps or icos are supported in by External Image Picker
[2018.11.29-15.38.01:185][158]LogTemp: IPP ERROR: Could not find provision directory 'C:\Users\pc\AppData\Local/Apple Computer/MobileDevice/Provisioning Profiles/'.
[2018.11.29-15.38.04:513][551]LogSlate: Prevented a slow task dialog from being summoned while a context menu was open
[2018.11.29-15.38.09:349][121]LogSlate: Window '프로젝트 세팅' being destroyed
[2018.11.29-15.38.09:352][121]LogSlate: Window '프로젝트 세팅' being destroyed
[2018.11.29-15.38.11:590][387]LogAssetEditorManager: Opening Asset editor for Blueprint /Game/Blueprints/VRGameMode.VRGameMode
[2018.11.29-15.38.19:565][298]LogSlate: FSceneViewport::OnFocusLost() reason 2
[2018.11.29-15.38.19:569][298]Cmd: OBJ SAVEPACKAGE PACKAGE="/Game/Blueprints/VRGameMode" FILE="../../../../../pc/Documents/Unreal Projects/ExpeditionVR/ExpeditionVR/Content/Blueprints/VRGameMode.uasset" SILENT=true
[2018.11.29-15.38.19:577][298]LogSavePackage: Moving '../../../../../pc/Documents/Unreal Projects/ExpeditionVR/ExpeditionVR/Saved/VRGameMode91173E5D40AACACA12FAE9B536161F2A.tmp' to '../../../../../pc/Documents/Unreal Projects/ExpeditionVR/ExpeditionVR/Content/Blueprints/VRGameMode.uasset'
[2018.11.29-15.39.44:901][640]LogFileHelpers: Editor autosave (incl. sublevels) for '/Temp/Untitled_1' took 0.028
[2018.11.29-15.39.44:916][640]OBJ SavePackage: Generating thumbnails for [0] asset(s) in package [/Game/Blueprints/VRPawn] ([1] browsable assets)...
[2018.11.29-15.39.44:916][640]OBJ SavePackage: Finished generating thumbnails for package [/Game/Blueprints/VRPawn]
[2018.11.29-15.39.44:932][640]LogSavePackage: Moving '../../../../../pc/Documents/Unreal Projects/ExpeditionVR/ExpeditionVR/Saved/VRPawn_Auto19C602BF849758896C082B4AB1351ECCF.tmp' to '../../../../../pc/Documents/Unreal Projects/ExpeditionVR/ExpeditionVR/Saved/Autosaves/Game/Blueprints/VRPawn_Auto1.uasset'
[2018.11.29-15.39.44:935][640]LogFileHelpers: Auto-saving content packages took 0.033
[2018.11.29-15.40.03:296][227]LogSlate: Window 'VR 모드 진입 - 실험단계' being destroyed
[2018.11.29-15.40.05:148][447]LogSlate: Window '에디터 개인설정' being destroyed
[2018.11.29-15.40.05:151][447]LogSlate: Window '에디터 개인설정' being destroyed
[2018.11.29-15.41.28:283][ 13]LogBlueprint: Warning: [Compiler ] 붙여넣은  CustomEvent  노드가  BeginPlay 이벤트  노드와 충돌되어 커스텀 이벤트로 대체했습니다!
[2018.11.29-15.41.28:283][ 13]LogProperty: Warning: ObjectProperty /Script/Engine.MemberReference:MemberParent: unresolved reference to 'Class'/Script/Engine.HeadMountedDisplayFunctionLibrary',MemberName="SetTrackingOrigin")'
[2018.11.29-15.41.28:285][ 13]LogLinker: '/Game/OculusTouchUsingExample/VRPawn' 파일을 찾을 수 없습니다.
[2018.11.29-15.41.28:285][ 13]LogLinker: '/Game/OculusTouchUsingExample/VRPawn' 파일을 찾을 수 없습니다.
[2018.11.29-15.47.15:432][722]BlueprintLog: New page: VRPawn 컴파일
[2018.11.29-15.47.15:453][722]LogBlueprint: Error: [Compiler VRPawn] 사용 중인  Hit Component  핀은 더 이상  Get  노드에 존재하지 않습니다. 노드를 새로고치거나 연결을 끊어 제거하세요.
[2018.11.29-15.47.15:453][722]LogBlueprint: Error: [Compiler VRPawn] 사용 중인  Hit Component  핀은 더 이상  Get  노드에 존재하지 않습니다. 노드를 새로고치거나 연결을 끊어 제거하세요.
[2018.11.29-15.47.15:453][722]LogBlueprint: Error: [Compiler VRPawn] 사용 중인  Hit Component  핀은 더 이상  설정  노드에 존재하지 않습니다. 노드를 새로고치거나 연결을 끊어 제거하세요.
[2018.11.29-15.47.15:453][722]LogBlueprint: Error: [Compiler VRPawn] 사용 중인  <이름없음>  핀은 더 이상  Drop Object  노드에 존재하지 않습니다. 노드를 새로고치거나 연결을 끊어 제거하세요.
[2018.11.29-15.47.15:453][722]LogBlueprint: Warning: [Compiler VRPawn] 'VRPawn_C' 에서 "MC_Left" 라는 이름의 변수를 찾을 수 없습니다.
 MC_Left 구하기  에 대해 'VRPawn_C' 컴파일이 되었는지 확인하세요.
[2018.11.29-15.47.15:453][722]LogBlueprint: Error: [Compiler VRPawn] 사용 중인  <이름없음>  핀은 더 이상  Pick Up Object  노드에 존재하지 않습니다. 노드를 새로고치거나 연결을 끊어 제거하세요.
[2018.11.29-15.47.15:454][722]LogBlueprint: Error: [Compiler VRPawn] MC Left  와 연관된 프로퍼티를 찾지 못했습니다.
[2018.11.29-15.47.15:583][722]LogBlueprint: Warning: [Compiler VRPawn] [1063.83] VRPawn 컴파일에 실패했습니다. 치명적 오류 6 회, 경고 1 회, [소요시간 151 ms] (/Game/Blueprints/VRPawn.VRPawn)
[2018.11.29-15.47.37:388][266]LogEditorTransaction: Undo 현 선택을 삭제합니다.
[2018.11.29-15.48.17:077][887]LogEditorTransaction: Undo 현 선택을 삭제합니다.
[2018.11.29-15.48.17:583][935]LogEditorTransaction: Undo 노드 이동
[2018.11.29-15.48.24:222][714]LogEditorTransaction: Undo 노드 이동
[2018.11.29-15.49.20:865][454]LogEditorTransaction: Undo 노드 크기조절
[2018.11.29-15.49.59:573][ 20]LogEditorTransaction: Undo 노드 이동
[2018.11.29-15.50.00:130][ 75]LogEditorTransaction: Undo 현 선택을 삭제합니다.
[2018.11.29-15.50.07:799][976]LogEditorTransaction: Undo 노드 이동
[2018.11.29-15.50.08:313][ 26]LogEditorTransaction: Undo 현 선택을 삭제합니다.
[2018.11.29-15.50.42:688][840]LogSlate: Window '변수 유형 변경' being destroyed
[2018.11.29-15.50.45:637][170]LogSlate: Window '블루프린트에서 찾기' being destroyed
[2018.11.29-15.50.45:641][170]LogSlate: Window '블루프린트에서 찾기' being destroyed
[2018.11.29-15.51.20:369][492]LogFileHelpers: Editor autosave (incl. sublevels) for '/Temp/Untitled_1' took 0.029
[2018.11.29-15.51.20:371][492]OBJ SavePackage: Generating thumbnails for [0] asset(s) in package [/Game/Blueprints/VRPawn] ([1] browsable assets)...
[2018.11.29-15.51.20:371][492]OBJ SavePackage: Finished generating thumbnails for package [/Game/Blueprints/VRPawn]
[2018.11.29-15.51.20:413][492]LogSavePackage: Moving '../../../../../pc/Documents/Unreal Projects/ExpeditionVR/ExpeditionVR/Saved/VRPawn_Auto29A5BCE3141918399972F489203607B58.tmp' to '../../../../../pc/Documents/Unreal Projects/ExpeditionVR/ExpeditionVR/Saved/Autosaves/Game/Blueprints/VRPawn_Auto2.uasset'
[2018.11.29-15.51.20:416][492]LogFileHelpers: Auto-saving content packages took 0.046
[2018.11.29-15.53.20:526][979]LogSlate: Window '변수 유형 변경' being destroyed
[2018.11.29-15.53.23:083][271]LogSlate: Window '블루프린트에서 찾기' being destroyed
[2018.11.29-15.53.23:086][271]LogSlate: Window '블루프린트에서 찾기' being destroyed
[2018.11.29-15.55.24:124][128]LogSlate: Window '변수 유형 변경' being destroyed
[2018.11.29-15.55.26:191][362]LogSlate: Window '블루프린트에서 찾기' being destroyed
[2018.11.29-15.55.26:195][362]LogSlate: Window '블루프린트에서 찾기' being destroyed
[2018.11.29-15.56.10:105][309]LogSlate: Window '변수 유형 변경' being destroyed
[2018.11.29-15.56.11:663][481]LogSlate: Window '블루프린트에서 찾기' being destroyed
[2018.11.29-15.56.11:666][481]LogSlate: Window '블루프린트에서 찾기' being destroyed
[2018.11.29-15.56.29:613][417]LogSlate: Window '변수 유형 변경' being destroyed
[2018.11.29-15.56.31:643][648]LogSlate: Window '블루프린트에서 찾기' being destroyed
[2018.11.29-15.56.31:646][648]LogSlate: Window '블루프린트에서 찾기' being destroyed
[2018.11.29-15.57.01:620][187]BlueprintLog: New page: VRPawn 컴파일
[2018.11.29-15.57.52:516][222]Cmd: OBJ SAVEPACKAGE PACKAGE="/Game/Blueprints/VRPawn" FILE="../../../../../pc/Documents/Unreal Projects/ExpeditionVR/ExpeditionVR/Content/Blueprints/VRPawn.uasset" SILENT=true
[2018.11.29-15.57.52:556][222]LogSavePackage: Moving '../../../../../pc/Documents/Unreal Projects/ExpeditionVR/ExpeditionVR/Saved/VRPawnDE8605844367CB504DE7AD971C0CF7DE.tmp' to '../../../../../pc/Documents/Unreal Projects/ExpeditionVR/ExpeditionVR/Content/Blueprints/VRPawn.uasset'
[2018.11.29-15.58.17:677][224]LogSlate: Window 'VRPawn' being destroyed
[2018.11.29-15.58.17:681][224]LogSlate: Window 'VRPawn' being destroyed
[2018.11.29-15.58.17:681][224]LogActorComponent: UnregisterComponent: (/Engine/Transient.EditorFloorComp) Not registered. Aborting.
[2018.11.29-15.58.24:742][ 63]LogEditorViewport: Clicking on Actor (LMB): BP_Sky_Sphere_C (Sky Sphere)
[2018.11.29-15.59.51:720][942]LogSlate: FSceneViewport::OnFocusLost() reason 2
[2018.11.29-16.03.56:393][253]LogSlate: Window 'ExpeditionVR - 언리얼 에디터' being destroyed
[2018.11.29-16.03.56:561][254]Cmd: QUIT_EDITOR
[2018.11.29-16.03.56:588][254]LogWindowsTextInputMethodSystem: Display: IME system now activated using TSF (Microsoft 입력기).
[2018.11.29-16.03.56:599][254]LogExit: Preparing to exit.
[2018.11.29-16.03.56:844][254]LogExit: Editor shut down
[2018.11.29-16.03.56:844][254]LogExit: Transaction tracking system shut down
[2018.11.29-16.03.57:252][254]LogExit: Object subsystem successfully closed.
[2018.11.29-16.03.57:270][254]LogShaderCompilers: Display: Shaders left to compile 0
[2018.11.29-16.03.57:272][254]LogD3D11RHI: Shutdown
[2018.11.29-16.03.57:272][254]LogD3D11RHI: CleanupD3DDevice
[2018.11.29-16.03.57:274][254]LogD3D11RHI: ~FD3D11DynamicRHI
[2018.11.29-16.03.57:287][254]LogModuleManager: Shutting down and abandoning module ExternalImagePicker (616)
[2018.11.29-16.03.57:287][254]LogModuleManager: Shutting down and abandoning module BlueprintGraph (614)
[2018.11.29-16.03.57:287][254]LogModuleManager: Shutting down and abandoning module HierarchicalLODOutliner (612)
[2018.11.29-16.03.57:287][254]LogModuleManager: Shutting down and abandoning module SceneOutliner (610)
[2018.11.29-16.03.57:287][254]LogModuleManager: Shutting down and abandoning module AddContentDialog (608)
[2018.11.29-16.03.57:287][254]LogModuleManager: Shutting down and abandoning module WidgetCarousel (607)
[2018.11.29-16.03.57:287][254]LogModuleManager: Shutting down and abandoning module EditorWidgets (604)
[2018.11.29-16.03.57:287][254]LogModuleManager: Shutting down and abandoning module CollectionManager (602)
[2018.11.29-16.03.57:287][254]LogModuleManager: Shutting down and abandoning module HierarchicalLODUtilities (600)
[2018.11.29-16.03.57:287][254]LogModuleManager: Shutting down and abandoning module StatsViewer (598)
[2018.11.29-16.03.57:287][254]LogModuleManager: Shutting down and abandoning module FoliageEdit (596)
[2018.11.29-16.03.57:287][254]LogModuleManager: Shutting down and abandoning module LandscapeEditor (594)
[2018.11.29-16.03.57:287][254]LogModuleManager: Shutting down and abandoning module MeshPaintMode (592)
[2018.11.29-16.03.57:288][254]LogModuleManager: Shutting down and abandoning module SceneDepthPickerMode (590)
[2018.11.29-16.03.57:288][254]LogModuleManager: Shutting down and abandoning module ActorPickerMode (588)
[2018.11.29-16.03.57:288][254]LogModuleManager: Shutting down and abandoning module GeometryMode (586)
[2018.11.29-16.03.57:288][254]LogModuleManager: Shutting down and abandoning module TextureAlignMode (584)
[2018.11.29-16.03.57:288][254]LogModuleManager: Shutting down and abandoning module BspMode (582)
[2018.11.29-16.03.57:288][254]LogModuleManager: Shutting down and abandoning module PIEPreviewDeviceProfileSelector (580)
[2018.11.29-16.03.57:288][254]LogModuleManager: Shutting down and abandoning module SequenceRecorderSections (578)
[2018.11.29-16.03.57:288][254]LogModuleManager: Shutting down and abandoning module AutomationWorker (576)
[2018.11.29-16.03.57:288][254]LogModuleManager: Shutting down and abandoning module AudioCaptureEditor (574)
[2018.11.29-16.03.57:288][254]LogModuleManager: Shutting down and abandoning module SequenceRecorder (573)
[2018.11.29-16.03.57:288][254]LogModuleManager: Shutting down and abandoning module MatineeToLevelSequence (570)
[2018.11.29-16.03.57:288][254]LogModuleManager: Shutting down and abandoning module LevelSequenceEditor (568)
[2018.11.29-16.03.57:288][254]LogModuleManager: Shutting down and abandoning module PlacementMode (567)
[2018.11.29-16.03.57:288][254]LogModuleManager: Shutting down and abandoning module MaterialEditor (566)
[2018.11.29-16.03.57:288][254]LogModuleManager: Shutting down and abandoning module WmfMediaFactory (562)
[2018.11.29-16.03.57:288][254]LogModuleManager: Shutting down and abandoning module WmfMediaEditor (560)
[2018.11.29-16.03.57:288][254]LogModuleManager: Shutting down and abandoning module MediaPlayerEditor (558)
[2018.11.29-16.03.57:288][254]LogModuleManager: Shutting down and abandoning module OpenExrWrapper (556)
[2018.11.29-16.03.57:288][254]LogModuleManager: Shutting down and abandoning module ImgMediaFactory (554)
[2018.11.29-16.03.57:288][254]LogModuleManager: Shutting down and abandoning module ImgMediaEditor (552)
[2018.11.29-16.03.57:288][254]LogModuleManager: Shutting down and abandoning module AvfMediaFactory (550)
[2018.11.29-16.03.57:288][254]LogModuleManager: Shutting down and abandoning module AvfMediaEditor (548)
[2018.11.29-16.03.57:288][254]LogModuleManager: Shutting down and abandoning module AndroidMediaFactory (546)
[2018.11.29-16.03.57:288][254]LogModuleManager: Shutting down and abandoning module AndroidMediaEditor (544)
[2018.11.29-16.03.57:288][254]LogModuleManager: Shutting down and abandoning module MagicLeapCameraPreviewFactory (542)
[2018.11.29-16.03.57:288][254]LogModuleManager: Shutting down and abandoning module MagicLeapMediaFactory (540)
[2018.11.29-16.03.57:288][254]LogModuleManager: Shutting down and abandoning module MagicLeapMediaEditor (538)
[2018.11.29-16.03.57:288][254]LogModuleManager: Shutting down and abandoning module CharacterAI (536)
[2018.11.29-16.03.57:288][254]LogModuleManager: Shutting down and abandoning module SmartSnapping (534)
[2018.11.29-16.03.57:288][254]LogModuleManager: Shutting down and abandoning module SessionServices (532)
[2018.11.29-16.03.57:288][254]LogModuleManager: Shutting down and abandoning module ViewportSnapping (530)
[2018.11.29-16.03.57:288][254]LogModuleManager: Shutting down and abandoning module ViewportInteraction (528)
[2018.11.29-16.03.57:288][254]LogModuleManager: Shutting down and abandoning module ClothPainter (526)
[2018.11.29-16.03.57:288][254]LogModuleManager: Shutting down and abandoning module SkeletalMeshEditor (525)
[2018.11.29-16.03.57:288][254]LogModuleManager: Shutting down and abandoning module LogVisualizer (522)
[2018.11.29-16.03.57:288][254]LogModuleManager: Shutting down and abandoning module IntroTutorials (520)
[2018.11.29-16.03.57:288][254]LogModuleManager: Shutting down and abandoning module GameProjectGeneration (519)
[2018.11.29-16.03.57:288][254]LogModuleManager: Shutting down and abandoning module LuminPlatformEditor (516)
[2018.11.29-16.03.57:288][254]LogModuleManager: Shutting down and abandoning module IOSPlatformEditor (514)
[2018.11.29-16.03.57:288][254]LogModuleManager: Shutting down and abandoning module HTML5PlatformEditor (512)
[2018.11.29-16.03.57:288][254]LogModuleManager: Shutting down and abandoning module AndroidPlatformEditor (510)
[2018.11.29-16.03.57:288][254]LogModuleManager: Shutting down and abandoning module AndroidDeviceDetection (509)
[2018.11.29-16.03.58:130][254]LogModuleManager: Shutting down and abandoning module WindowsPlatformEditor (506)
[2018.11.29-16.03.58:130][254]LogModuleManager: Shutting down and abandoning module LuminRuntimeSettings (504)
[2018.11.29-16.03.58:130][254]LogModuleManager: Shutting down and abandoning module IOSRuntimeSettings (502)
[2018.11.29-16.03.58:130][254]LogModuleManager: Shutting down and abandoning module AndroidRuntimeSettings (500)
[2018.11.29-16.03.58:130][254]LogModuleManager: Shutting down and abandoning module InputBindingEditor (498)
[2018.11.29-16.03.58:130][254]LogModuleManager: Shutting down and abandoning module MergeActors (496)
[2018.11.29-16.03.58:130][254]LogModuleManager: Shutting down and abandoning module LocalizationDashboard (494)
[2018.11.29-16.03.58:130][254]LogModuleManager: Shutting down and abandoning module LocalizationService (493)
[2018.11.29-16.03.58:131][254]LogModuleManager: Shutting down and abandoning module HardwareTargeting (490)
[2018.11.29-16.03.58:131][254]LogModuleManager: Shutting down and abandoning module DeviceProfileEditor (488)
[2018.11.29-16.03.58:131][254]LogModuleManager: Shutting down and abandoning module UndoHistory (486)
[2018.11.29-16.03.58:131][254]LogModuleManager: Shutting down and abandoning module XmlParser (484)
[2018.11.29-16.03.58:131][254]LogModuleManager: Shutting down and abandoning module Blutility (482)
[2018.11.29-16.03.58:131][254]LogModuleManager: Shutting down and abandoning module ProjectSettingsViewer (480)
[2018.11.29-16.03.58:131][254]LogModuleManager: Shutting down and abandoning module ProjectTargetPlatformEditor (479)
[2018.11.29-16.03.58:131][254]LogModuleManager: Shutting down and abandoning module EditorSettingsViewer (476)
[2018.11.29-16.03.58:131][254]LogModuleManager: Shutting down and abandoning module SettingsEditor (474)
[2018.11.29-16.03.58:131][254]LogModuleManager: Shutting down and abandoning module ProjectLauncher (472)
[2018.11.29-16.03.58:131][254]LogModuleManager: Shutting down and abandoning module SessionFrontend (470)
[2018.11.29-16.03.58:131][254]LogModuleManager: Shutting down and abandoning module ProfilerClient (468)
[2018.11.29-16.03.58:131][254]LogModuleManager: Shutting down and abandoning module DeviceManager (466)
[2018.11.29-16.03.58:131][254]LogModuleManager: Shutting down and abandoning module TargetDeviceServices (465)
[2018.11.29-16.03.58:186][254]LogModuleManager: Shutting down and abandoning module AutomationController (462)
[2018.11.29-16.03.58:186][254]LogModuleManager: Shutting down and abandoning module AutomationWindow (460)
[2018.11.29-16.03.58:186][254]LogModuleManager: Shutting down and abandoning module Layers (458)
[2018.11.29-16.03.58:186][254]LogModuleManager: Shutting down and abandoning module ComponentVisualizers (456)
[2018.11.29-16.03.58:186][254]LogModuleManager: Shutting down and abandoning module DetailCustomizations (454)
[2018.11.29-16.03.58:186][254]LogModuleManager: Shutting down and abandoning module PackagesDialog (452)
[2018.11.29-16.03.58:186][254]LogModuleManager: Shutting down and abandoning module Persona (450)
[2018.11.29-16.03.58:186][254]LogModuleManager: Shutting down and abandoning module AdvancedPreviewScene (449)
[2018.11.29-16.03.58:186][254]LogModuleManager: Shutting down and abandoning module AnimGraph (447)
[2018.11.29-16.03.58:186][254]LogModuleManager: Shutting down and abandoning module Kismet (444)
[2018.11.29-16.03.58:190][254]LogModuleManager: Shutting down and abandoning module GraphEditor (442)
[2018.11.29-16.03.58:190][254]LogModuleManager: Shutting down and abandoning module ClassViewer (440)
[2018.11.29-16.03.58:191][254]LogModuleManager: Shutting down and abandoning module Toolbox (438)
[2018.11.29-16.03.58:191][254]LogModuleManager: Shutting down and abandoning module ModuleUI (436)
[2018.11.29-16.03.58:191][254]LogModuleManager: Shutting down and abandoning module MovieSceneTools (434)
[2018.11.29-16.03.58:191][254]LogModuleManager: Shutting down and abandoning module OutputLog (432)
[2018.11.29-16.03.58:191][254]LogModuleManager: Shutting down and abandoning module GammaUI (430)
[2018.11.29-16.03.58:191][254]LogModuleManager: Shutting down and abandoning module Documentation (428)
[2018.11.29-16.03.58:191][254]LogModuleManager: Shutting down and abandoning module MovieSceneTracks (426)
[2018.11.29-16.03.58:191][254]LogModuleManager: Shutting down and abandoning module MovieScene (424)
[2018.11.29-16.03.58:191][254]LogModuleManager: Shutting down and abandoning module StreamingPauseRendering (422)
[2018.11.29-16.03.58:191][254]LogModuleManager: Shutting down and abandoning module LauncherPlatform (420)
[2018.11.29-16.03.58:191][254]LogModuleManager: Shutting down and abandoning module AnalyticsET (418)
[2018.11.29-16.03.58:191][254]LogModuleManager: Shutting down and abandoning module PortalServices (416)
[2018.11.29-16.03.58:191][254]LogModuleManager: Shutting down and abandoning module PortalRpc (414)
[2018.11.29-16.03.58:191][254]LogModuleManager: Shutting down and abandoning module MessagingRpc (412)
[2018.11.29-16.03.58:191][254]LogModuleManager: Shutting down and abandoning module AIModule (410)
[2018.11.29-16.03.58:191][254]LogModuleManager: Shutting down and abandoning module GameplayDebugger (409)
[2018.11.29-16.03.58:191][254]LogModuleManager: Shutting down and abandoning module AITestSuite (407)
[2018.11.29-16.03.58:191][254]LogModuleManager: Shutting down and abandoning module NavigationSystem (405)
[2018.11.29-16.03.58:192][254]LogModuleManager: Shutting down and abandoning module DesktopPlatform (402)
[2018.11.29-16.03.58:192][254]LogModuleManager: Shutting down and abandoning module ProfilerService (400)
[2018.11.29-16.03.58:396][254]LogModuleManager: Shutting down and abandoning module TaskGraph (398)
[2018.11.29-16.03.58:396][254]LogModuleManager: Shutting down and abandoning module SteamVRController (396)
[2018.11.29-16.03.58:396][254]LogModuleManager: Shutting down and abandoning module ProceduralMeshComponentEditor (394)
[2018.11.29-16.03.58:396][254]LogModuleManager: Shutting down and abandoning module ProceduralMeshComponent (392)
[2018.11.29-16.03.58:396][254]LogModuleManager: Shutting down and abandoning module OculusInput (390)
[2018.11.29-16.03.58:396][254]LogModuleManager: Shutting down and abandoning module MobilePatchingUtils (388)
[2018.11.29-16.03.58:396][254]LogModuleManager: Shutting down and abandoning module EditableMesh (386)
[2018.11.29-16.03.58:396][254]LogModuleManager: Shutting down and abandoning module CustomMeshComponent (384)
[2018.11.29-16.03.58:396][254]LogModuleManager: Shutting down and abandoning module CableComponent (382)
[2018.11.29-16.03.58:396][254]LogModuleManager: Shutting down and abandoning module AudioCapture (380)
[2018.11.29-16.03.58:396][254]LogModuleManager: Shutting down and abandoning module ArchVisCharacter (378)
[2018.11.29-16.03.58:396][254]LogModuleManager: Shutting down and abandoning module AndroidPermission (376)
[2018.11.29-16.03.58:396][254]LogModuleManager: Shutting down and abandoning module NUTUnrealEngine4 (374)
[2018.11.29-16.03.58:396][254]LogModuleManager: Shutting down and abandoning module NetcodeUnitTest (372)
[2018.11.29-16.03.58:397][254]LogModuleManager: Shutting down and abandoning module MediaCompositingEditor (370)
[2018.11.29-16.03.58:397][254]LogModuleManager: Shutting down and abandoning module MediaCompositing (368)
[2018.11.29-16.03.58:397][254]LogModuleManager: Shutting down and abandoning module LinearTimecode (366)
[2018.11.29-16.03.58:397][254]LogModuleManager: Shutting down and abandoning module ImgMedia (364)
[2018.11.29-16.03.58:400][254]LogModuleManager: Shutting down and abandoning module HTML5Networking (362)
[2018.11.29-16.03.58:400][254]LogModuleManager: Shutting down and abandoning module GeometryCacheTracks (360)
[2018.11.29-16.03.58:400][254]LogModuleManager: Shutting down and abandoning module GeometryCacheSequencer (358)
[2018.11.29-16.03.58:400][254]LogModuleManager: Shutting down and abandoning module BackChannel (356)
[2018.11.29-16.03.58:400][254]LogModuleManager: Shutting down and abandoning module AppleVision (354)
[2018.11.29-16.03.58:400][254]LogModuleManager: Shutting down and abandoning module AppleImageUtils (352)
[2018.11.29-16.03.58:400][254]LogModuleManager: Shutting down and abandoning module AlembicImporter (350)
[2018.11.29-16.03.58:400][254]LogModuleManager: Shutting down and abandoning module AlembicLibrary (349)
[2018.11.29-16.03.58:400][254]LogModuleManager: Shutting down and abandoning module GeometryCache (348)
[2018.11.29-16.03.58:400][254]LogModuleManager: Shutting down and abandoning module GeometryCacheEd (347)
[2018.11.29-16.03.58:400][254]LogModuleManager: Shutting down and abandoning module DatasmithContentEditor (342)
[2018.11.29-16.03.58:400][254]LogModuleManager: Shutting down and abandoning module DatasmithContent (340)
[2018.11.29-16.03.58:401][254]LogModuleManager: Shutting down and abandoning module SpeedTreeImporter (338)
[2018.11.29-16.03.58:401][254]LogModuleManager: Shutting down and abandoning module PluginBrowser (336)
[2018.11.29-16.03.58:401][254]LogModuleManager: Shutting down and abandoning module MobileLauncherProfileWizard (334)
[2018.11.29-16.03.58:401][254]LogModuleManager: Shutting down and abandoning module PolygonModeling (332)
[2018.11.29-16.03.58:401][254]LogModuleManager: Shutting down and abandoning module MeshEditor (330)
[2018.11.29-16.03.58:401][254]LogModuleManager: Shutting down and abandoning module CryptoKeysOpenSSL (328)
[2018.11.29-16.03.58:401][254]LogModuleManager: Shutting down and abandoning module CryptoKeys (326)
[2018.11.29-16.03.58:401][254]LogModuleManager: Shutting down and abandoning module VisualStudioSourceCodeAccess (324)
[2018.11.29-16.03.58:401][254]LogModuleManager: Shutting down and abandoning module VisualStudioCodeSourceCodeAccess (322)
[2018.11.29-16.03.58:401][254]LogModuleManager: Shutting down and abandoning module UObjectPlugin (320)
[2018.11.29-16.03.58:401][254]LogModuleManager: Shutting down and abandoning module SubversionSourceControl (318)
[2018.11.29-16.03.58:401][254]LogModuleManager: Shutting down and abandoning module PerforceSourceControl (316)
[2018.11.29-16.03.58:401][254]LogModuleManager: Shutting down and abandoning module GitSourceControl (314)
[2018.11.29-16.03.58:401][254]LogModuleManager: Shutting down and abandoning module SourceControl (313)
[2018.11.29-16.03.58:401][254]LogModuleManager: Shutting down and abandoning module CLionSourceCodeAccess (310)
[2018.11.29-16.03.58:401][254]LogModuleManager: Shutting down and abandoning module LightPropagationVolumeEditor (308)
[2018.11.29-16.03.58:401][254]LogModuleManager: Shutting down and abandoning module PaperTiledImporter (306)
[2018.11.29-16.03.58:401][254]LogModuleManager: Shutting down and abandoning module PaperSpriteSheetImporter (304)
[2018.11.29-16.03.58:401][254]LogModuleManager: Shutting down and abandoning module Paper2DEditor (302)
[2018.11.29-16.03.58:401][254]LogModuleManager: Shutting down and abandoning module MeshPaint (301)
[2018.11.29-16.03.58:402][254]LogModuleManager: Shutting down and abandoning module RuntimePhysXCooking (298)
[2018.11.29-16.03.58:402][254]LogModuleManager: Shutting down and abandoning module PhysXVehiclesEditor (296)
[2018.11.29-16.03.58:402][254]LogModuleManager: Shutting down and abandoning module PhysXVehicles (294)
[2018.11.29-16.03.58:402][254]LogModuleManager: Shutting down and abandoning module OculusEditor (292)
[2018.11.29-16.03.58:402][254]LogModuleManager: Shutting down and abandoning module LocationServicesBPLibrary (290)
[2018.11.29-16.03.58:402][254]LogModuleManager: Shutting down and abandoning module ImmediatePhysicsEditor (288)
[2018.11.29-16.03.58:402][254]LogModuleManager: Shutting down and abandoning module ImmediatePhysics (286)
[2018.11.29-16.03.58:402][254]LogModuleManager: Shutting down and abandoning module ActorSequence (284)
[2018.11.29-16.03.58:402][254]LogModuleManager: Shutting down and abandoning module UdpMessaging (282)
[2018.11.29-16.03.58:502][254]LogModuleManager: Shutting down and abandoning module TcpMessaging (280)
[2018.11.29-16.03.58:603][254]LogModuleManager: Shutting down and abandoning module MagicLeapAudio (278)
[2018.11.29-16.03.58:603][254]LogModuleManager: Shutting down and abandoning module GameplayTagsEditor (276)
[2018.11.29-16.03.58:603][254]LogModuleManager: Shutting down and abandoning module FacialAnimationEditor (274)
[2018.11.29-16.03.58:603][254]LogModuleManager: Shutting down and abandoning module FacialAnimation (272)
[2018.11.29-16.03.58:603][254]LogModuleManager: Shutting down and abandoning module DataValidation (270)
[2018.11.29-16.03.58:603][254]LogModuleManager: Shutting down and abandoning module AssetManagerEditor (268)
[2018.11.29-16.03.58:603][254]LogModuleManager: Shutting down and abandoning module LevelEditor (267)
[2018.11.29-16.03.58:603][254]LogModuleManager: Shutting down and abandoning module PixelInspectorModule (266)
[2018.11.29-16.03.58:603][254]LogModuleManager: Shutting down and abandoning module CommonMenuExtensions (264)
[2018.11.29-16.03.58:603][254]LogModuleManager: Shutting down and abandoning module MainFrame (262)
[2018.11.29-16.03.58:604][254]LogModuleManager: Shutting down and abandoning module HotReload (261)
[2018.11.29-16.03.58:604][254]LogModuleManager: Shutting down and abandoning module ContentBrowser (257)
[2018.11.29-16.03.58:605][254]LogModuleManager: Shutting down and abandoning module TreeMap (255)
[2018.11.29-16.03.58:605][254]LogModuleManager: Shutting down and abandoning module LightPropagationVolumeRuntime (252)
[2018.11.29-16.03.58:605][254]LogModuleManager: Shutting down and abandoning module AISupportModule (250)
[2018.11.29-16.03.58:605][254]LogModuleManager: Shutting down and abandoning module Paper2D (248)
[2018.11.29-16.03.58:605][254]LogModuleManager: Shutting down and abandoning module WindowsMoviePlayer (246)
[2018.11.29-16.03.58:605][254]LogModuleManager: Shutting down and abandoning module WmfMedia (244)
[2018.11.29-16.03.58:606][254]LogModuleManager: Shutting down and abandoning module Media (243)
[2018.11.29-16.03.58:612][254]LogModuleManager: Shutting down and abandoning module PacketHandler (240)
[2018.11.29-16.03.58:612][254]LogModuleManager: Shutting down and abandoning module ClothingSystemEditor (238)
[2018.11.29-16.03.58:612][254]LogModuleManager: Shutting down and abandoning module ClothingSystemRuntime (236)
[2018.11.29-16.03.58:612][254]LogModuleManager: Shutting down and abandoning module MediaAssets (234)
[2018.11.29-16.03.58:612][254]LogModuleManager: Shutting down and abandoning module Overlay (232)
[2018.11.29-16.03.58:612][254]LogModuleManager: Shutting down and abandoning module OverlayEditor (231)
[2018.11.29-16.03.58:612][254]LogModuleManager: Shutting down and abandoning module VREditor (228)
[2018.11.29-16.03.58:612][254]LogModuleManager: Shutting down and abandoning module StringTableEditor (226)
[2018.11.29-16.03.58:612][254]LogModuleManager: Shutting down and abandoning module GameplayTasksEditor (224)
[2018.11.29-16.03.58:612][254]LogModuleManager: Shutting down and abandoning module BehaviorTreeEditor (222)
[2018.11.29-16.03.58:612][254]LogModuleManager: Shutting down and abandoning module FunctionalTesting (220)
[2018.11.29-16.03.58:612][254]LogModuleManager: Shutting down and abandoning module CollisionAnalyzer (218)
[2018.11.29-16.03.58:612][254]LogModuleManager: Shutting down and abandoning module WorkspaceMenuStructure (217)
[2018.11.29-16.03.58:612][254]LogModuleManager: Shutting down and abandoning module UMG (214)
[2018.11.29-16.03.58:612][254]LogModuleManager: Shutting down and abandoning module UMGEditor (213)
[2018.11.29-16.03.58:612][254]LogModuleManager: Shutting down and abandoning module Sequencer (212)
[2018.11.29-16.03.58:612][254]LogModuleManager: Shutting down and abandoning module MessageLog (209)
[2018.11.29-16.03.58:613][254]LogModuleManager: Shutting down and abandoning module SlateReflector (204)
[2018.11.29-16.03.58:613][254]LogModuleManager: Shutting down and abandoning module Slate (202)
[2018.11.29-16.03.58:613][254]LogModuleManager: Shutting down and abandoning module EditorStyle (200)
[2018.11.29-16.03.58:614][254]LogModuleManager: Shutting down and abandoning module MRMesh (198)
[2018.11.29-16.03.58:614][254]LogModuleManager: Shutting down and abandoning module SourceCodeAccess (196)
[2018.11.29-16.03.58:614][254]LogModuleManager: Shutting down and abandoning module HeadMountedDisplay (194)
[2018.11.29-16.03.58:614][254]LogModuleManager: Shutting down and abandoning module XAudio2 (192)
[2018.11.29-16.03.58:614][254]LogModuleManager: Shutting down and abandoning module Networking (190)
[2018.11.29-16.03.58:614][254]LogModuleManager: Shutting down and abandoning module Core (188)
[2018.11.29-16.03.58:614][254]LogModuleManager: Shutting down and abandoning module LevelSequence (186)
[2018.11.29-16.03.58:614][254]LogModuleManager: Shutting down and abandoning module KismetCompiler (184)
[2018.11.29-16.03.58:614][254]LogModuleManager: Shutting down and abandoning module MeshUtilities (182)
[2018.11.29-16.03.58:614][254]LogModuleManager: Shutting down and abandoning module MeshMergeUtilities (181)
[2018.11.29-16.03.58:614][254]LogModuleManager: Shutting down and abandoning module MeshReductionInterface (180)
[2018.11.29-16.03.58:614][254]LogModuleManager: Shutting down and abandoning module SimplygonSwarm (179)
[2018.11.29-16.03.58:614][254]LogModuleManager: Shutting down and abandoning module ProxyLODMeshReduction (177)
[2018.11.29-16.03.58:614][254]LogModuleManager: Shutting down and abandoning module SimplygonMeshReduction (175)
[2018.11.29-16.03.58:614][254]LogModuleManager: Shutting down and abandoning module QuadricMeshReduction (173)
[2018.11.29-16.03.58:614][254]LogModuleManager: Shutting down and abandoning module MaterialBaking (169)
[2018.11.29-16.03.58:614][254]LogModuleManager: Shutting down and abandoning module DirectoryWatcher (165)
[2018.11.29-16.03.58:614][254]LogModuleManager: Shutting down and abandoning module DerivedDataCache (162)
[2018.11.29-16.03.58:672][254]LogDerivedDataCache: Shutdown
[2018.11.29-16.03.58:672][254]LogModuleManager: Shutting down and abandoning module XGEController (160)
[2018.11.29-16.03.58:672][254]LogModuleManager: Shutting down and abandoning module TargetPlatform (158)
[2018.11.29-16.03.58:672][254]LogModuleManager: Shutting down and abandoning module VulkanShaderFormat (157)
[2018.11.29-16.03.58:672][254]LogModuleManager: Shutting down and abandoning module ShaderFormatVectorVM (155)
[2018.11.29-16.03.58:672][254]LogModuleManager: Shutting down and abandoning module ShaderFormatOpenGL (153)
[2018.11.29-16.03.58:672][254]LogModuleManager: Shutting down and abandoning module ShaderFormatD3D (151)
[2018.11.29-16.03.58:672][254]LogModuleManager: Shutting down and abandoning module MetalShaderFormat (149)
[2018.11.29-16.03.58:672][254]LogModuleManager: Shutting down and abandoning module TextureFormatUncompressed (147)
[2018.11.29-16.03.58:672][254]LogModuleManager: Shutting down and abandoning module TextureFormatPVR (145)
[2018.11.29-16.03.58:672][254]LogModuleManager: Shutting down and abandoning module TextureFormatDXT (143)
[2018.11.29-16.03.58:672][254]LogModuleManager: Shutting down and abandoning module TextureFormatIntelISPCTexComp (141)
[2018.11.29-16.03.58:672][254]LogModuleManager: Shutting down and abandoning module TextureFormatASTC (139)
[2018.11.29-16.03.58:672][254]LogModuleManager: Shutting down and abandoning module ImageWrapper (138)
[2018.11.29-16.03.58:672][254]LogModuleManager: Shutting down and abandoning module TextureFormatAndroid (135)
[2018.11.29-16.03.58:672][254]LogModuleManager: Shutting down and abandoning module AudioFormatOpus (133)
[2018.11.29-16.03.58:672][254]LogModuleManager: Shutting down and abandoning module AudioFormatOgg (131)
[2018.11.29-16.03.58:672][254]LogModuleManager: Shutting down and abandoning module AudioFormatADPCM (129)
[2018.11.29-16.03.58:672][254]LogModuleManager: Shutting down and abandoning module LuminTargetPlatform (127)
[2018.11.29-16.03.58:673][254]LogModuleManager: Shutting down and abandoning module LinuxTargetPlatform (125)
[2018.11.29-16.03.58:673][254]LogModuleManager: Shutting down and abandoning module LinuxServerTargetPlatform (123)
[2018.11.29-16.03.58:673][254]LogModuleManager: Shutting down and abandoning module LinuxNoEditorTargetPlatform (121)
[2018.11.29-16.03.58:673][254]LogModuleManager: Shutting down and abandoning module LinuxClientTargetPlatform (119)
[2018.11.29-16.03.58:673][254]LogModuleManager: Shutting down and abandoning module TVOSTargetPlatform (117)
[2018.11.29-16.03.58:673][254]LogModuleManager: Shutting down and abandoning module Messaging (115)
[2018.11.29-16.03.58:673][254]LogModuleManager: Shutting down and abandoning module IOSTargetPlatform (113)
[2018.11.29-16.03.58:674][254]LogModuleManager: Shutting down and abandoning module HTML5TargetPlatform (111)
[2018.11.29-16.03.58:674][254]LogModuleManager: Shutting down and abandoning module AndroidTargetPlatform (109)
[2018.11.29-16.03.58:678][254]LogModuleManager: Shutting down and abandoning module WindowsTargetPlatform (107)
[2018.11.29-16.03.58:678][254]LogModuleManager: Shutting down and abandoning module WindowsServerTargetPlatform (105)
[2018.11.29-16.03.58:678][254]LogModuleManager: Shutting down and abandoning module WindowsNoEditorTargetPlatform (103)
[2018.11.29-16.03.58:678][254]LogModuleManager: Shutting down and abandoning module WindowsClientTargetPlatform (101)
[2018.11.29-16.03.58:678][254]LogModuleManager: Shutting down and abandoning module MacTargetPlatform (99)
[2018.11.29-16.03.58:678][254]LogModuleManager: Shutting down and abandoning module MacServerTargetPlatform (97)
[2018.11.29-16.03.58:678][254]LogModuleManager: Shutting down and abandoning module MacNoEditorTargetPlatform (95)
[2018.11.29-16.03.58:678][254]LogModuleManager: Shutting down and abandoning module MacClientTargetPlatform (93)
[2018.11.29-16.03.58:678][254]LogModuleManager: Shutting down and abandoning module AllDesktopTargetPlatform (91)
[2018.11.29-16.03.58:678][254]LogModuleManager: Shutting down and abandoning module InputCore (88)
[2018.11.29-16.03.58:678][254]LogModuleManager: Shutting down and abandoning module Settings (86)
[2018.11.29-16.03.58:678][254]LogModuleManager: Shutting down and abandoning module PhysXCooking (84)
[2018.11.29-16.03.58:678][254]LogModuleManager: Shutting down and abandoning module SteamVR (82)
[2018.11.29-16.03.58:678][254]LogModuleManager: Shutting down and abandoning module OculusHMD (80)
[2018.11.29-16.03.58:678][254]LogModuleManager: Shutting down and abandoning module ExampleDeviceProfileSelector (78)
[2018.11.29-16.03.58:678][254]LogModuleManager: Shutting down and abandoning module LauncherChunkInstaller (76)
[2018.11.29-16.03.58:678][254]LogModuleManager: Shutting down and abandoning module OnlineBlueprintSupport (74)
[2018.11.29-16.03.58:678][254]LogModuleManager: Shutting down and abandoning module OnlineSubsystem (70)
[2018.11.29-16.03.58:679][254]LogModuleManager: Shutting down and abandoning module XMPP (65)
[2018.11.29-16.03.58:679][254]LogModuleManager: Shutting down and abandoning module WebSockets (64)
[2018.11.29-16.03.58:688][254]LogModuleManager: Shutting down and abandoning module HTTP (61)
[2018.11.29-16.03.58:688][254]LogHttp: Display: Http module shutting down, but needs to wait on 1 outstanding Http requests:
[2018.11.29-16.03.58:688][254]LogHttp: Display: 	verb=[POST] url=[https://datarouter.ol.epicgames.com/datarouter/api/v1/public/data?SessionID=%7BA6A690CB-4DAD-E1DD-BE48-EEB2212F12D4%7D&AppID=UEEditor.Rocket.Release&AppVersion=4.20.3-4369336%2B%2B%2BUE4%2BRelease-4.20&UserID=ba1b072a4236c05351633eb41477a37a%7Cec0098287f1e43919b850b9575e32cac%7Cfedd964d-e0e7-46e6-8fd6-6d3298bcf8a5&AppEnvironment=datacollector-binary&UploadType=eteventstream] status=Processing
[2018.11.29-16.03.58:707][254]LogModuleManager: Shutting down and abandoning module SSL (60)
[2018.11.29-16.03.58:708][254]LogModuleManager: Shutting down and abandoning module MagicLeapEmulator (56)
[2018.11.29-16.03.58:708][254]LogModuleManager: Shutting down and abandoning module MagicLeapPrivileges (54)
[2018.11.29-16.03.58:708][254]LogModuleManager: Shutting down and abandoning module MagicLeapIdentity (52)
[2018.11.29-16.03.58:708][254]LogModuleManager: Shutting down and abandoning module MagicLeapHelperVulkan (50)
[2018.11.29-16.03.58:708][254]LogModuleManager: Shutting down and abandoning module MagicLeapHelperOpenGL (48)
[2018.11.29-16.03.58:708][254]LogModuleManager: Shutting down and abandoning module MagicLeapSecureStorage (46)
[2018.11.29-16.03.58:708][254]LogModuleManager: Shutting down and abandoning module MagicLeapGestures (44)
[2018.11.29-16.03.58:708][254]LogModuleManager: Shutting down and abandoning module MagicLeapEyeTracker (42)
[2018.11.29-16.03.58:708][254]LogModuleManager: Shutting down and abandoning module MagicLeapController (40)
[2018.11.29-16.03.58:708][254]LogSlate: Slate User Destroyed.  User Index 0, Is Virtual User: 0
[2018.11.29-16.03.58:708][254]LogModuleManager: Shutting down and abandoning module MagicLeap (38)
[2018.11.29-16.03.58:709][254]LogModuleManager: Shutting down and abandoning module AnimationModifiers (36)
[2018.11.29-16.03.58:709][254]LogModuleManager: Shutting down and abandoning module PropertyEditor (35)
[2018.11.29-16.03.58:709][254]LogModuleManager: Shutting down and abandoning module AudioEditor (32)
[2018.11.29-16.03.58:709][254]LogModuleManager: Shutting down and abandoning module TextureCompressor (30)
[2018.11.29-16.03.58:709][254]LogModuleManager: Shutting down and abandoning module ShaderCore (28)
[2018.11.29-16.03.58:709][254]LogModuleManager: Shutting down and abandoning module Landscape (26)
[2018.11.29-16.03.58:709][254]LogModuleManager: Shutting down and abandoning module SlateRHIRenderer (24)
[2018.11.29-16.03.58:711][254]LogModuleManager: Shutting down and abandoning module OpenGLDrv (22)
[2018.11.29-16.03.58:711][254]LogModuleManager: Shutting down and abandoning module D3D11RHI (20)
[2018.11.29-16.03.58:711][254]LogModuleManager: Shutting down and abandoning module AnimGraphRuntime (18)
[2018.11.29-16.03.58:711][254]LogModuleManager: Shutting down and abandoning module Renderer (16)
[2018.11.29-16.03.58:711][254]LogModuleManager: Shutting down and abandoning module Engine (14)
[2018.11.29-16.03.58:711][254]LogModuleManager: Shutting down and abandoning module CoreUObject (12)
[2018.11.29-16.03.58:711][254]LogModuleManager: Shutting down and abandoning module NetworkFile (10)
[2018.11.29-16.03.58:711][254]LogModuleManager: Shutting down and abandoning module CookedIterativeFile (8)
[2018.11.29-16.03.58:711][254]LogModuleManager: Shutting down and abandoning module StreamingFile (6)
[2018.11.29-16.03.58:711][254]LogModuleManager: Shutting down and abandoning module SandboxFile (4)
[2018.11.29-16.03.58:711][254]LogModuleManager: Shutting down and abandoning module PakFile (2)
[2018.11.29-16.03.58:715][254]LogExit: Exiting.
[2018.11.29-16.03.58:750][254]Log file closed, 11/30/18 01:03:58
