Log file open, 12/04/18 17:05:54
LogWindows: Failed to load 'aqProf.dll' (GetLastError=126)
LogWindows: File 'aqProf.dll' does not exist
LogWindows: Failed to load 'VSPerf140.dll' (GetLastError=126)
LogWindows: File 'VSPerf140.dll' does not exist
LogWindows: Failed to load 'VtuneApi.dll' (GetLastError=126)
LogWindows: File 'VtuneApi.dll' does not exist
LogWindows: Failed to load 'VtuneApi32e.dll' (GetLastError=126)
LogWindows: File 'VtuneApi32e.dll' does not exist
LogInit: Display: Running engine for game: ExpeditionVR
LogPlatformFile: Not using cached read wrapper
LogTaskGraph: Started task graph with 5 named threads and 35 total threads with 3 sets of task threads.
LogStats: Stats thread started at 0.399983
LogD3D11RHI: Loaded GFSDK_Aftermath_Lib.x64.dll
LogICUInternationalization: Display: ICU TimeZone Detection - Raw Offset: +9:00, Platform Override: ''
LogPluginManager: Mounting plugin Paper2D
LogPluginManager: Mounting plugin AISupport
LogPluginManager: Mounting plugin LightPropagationVolume
LogPluginManager: Mounting plugin CLionSourceCodeAccess
LogPluginManager: Mounting plugin CodeLiteSourceCodeAccess
LogPluginManager: Mounting plugin GitSourceControl
LogPluginManager: Mounting plugin KDevelopSourceCodeAccess
LogPluginManager: Mounting plugin NullSourceCodeAccess
LogPluginManager: Mounting plugin PerforceSourceControl
LogPluginManager: Mounting plugin SubversionSourceControl
LogPluginManager: Mounting plugin UObjectPlugin
LogPluginManager: Mounting plugin VisualStudioCodeSourceCodeAccess
LogPluginManager: Mounting plugin VisualStudioSourceCodeAccess
LogPluginManager: Mounting plugin XCodeSourceCodeAccess
LogPluginManager: Mounting plugin AssetManagerEditor
LogPluginManager: Mounting plugin CryptoKeys
LogPluginManager: Mounting plugin DataValidation
LogPluginManager: Mounting plugin FacialAnimation
LogPluginManager: Mounting plugin GameplayTagsEditor
LogPluginManager: Mounting plugin MacGraphicsSwitching
LogPluginManager: Mounting plugin MeshEditor
LogPluginManager: Mounting plugin MobileLauncherProfileWizard
LogPluginManager: Mounting plugin PluginBrowser
LogPluginManager: Mounting plugin SpeedTreeImporter
LogPluginManager: Mounting plugin DatasmithContent
LogPluginManager: Mounting plugin AlembicImporter
LogPluginManager: Mounting plugin AppleImageUtils
LogPluginManager: Mounting plugin AppleVision
LogPluginManager: Mounting plugin BackChannel
LogPluginManager: Mounting plugin CharacterAI
LogPluginManager: Mounting plugin GeometryCache
LogPluginManager: Mounting plugin HTML5Networking
LogPluginManager: Mounting plugin ProxyLODPlugin
LogPluginManager: Mounting plugin MagicLeap
LogPluginManager: Mounting plugin MagicLeapEmulator
LogPluginManager: Mounting plugin MagicLeapMedia
LogPluginManager: Mounting plugin AndroidMedia
LogPluginManager: Mounting plugin AvfMedia
LogPluginManager: Mounting plugin ImgMedia
LogPluginManager: Mounting plugin LinearTimecode
LogPluginManager: Mounting plugin MediaCompositing
LogPluginManager: Mounting plugin MediaPlayerEditor
LogPluginManager: Mounting plugin WmfMedia
LogPluginManager: Mounting plugin TcpMessaging
LogPluginManager: Mounting plugin UdpMessaging
LogPluginManager: Mounting plugin ActorSequence
LogPluginManager: Mounting plugin LevelSequenceEditor
LogPluginManager: Mounting plugin MatineeToLevelSequence
LogPluginManager: Mounting plugin NetcodeUnitTest
LogPluginManager: Mounting plugin NUTUnrealEngine4
LogPluginManager: Mounting plugin OnlineSubsystemGooglePlay
LogPluginManager: Mounting plugin OnlineSubsystemIOS
LogPluginManager: Mounting plugin OnlineSubsystem
LogPluginManager: Mounting plugin OnlineSubsystemNull
LogPluginManager: Mounting plugin OnlineSubsystemUtils
LogPluginManager: Mounting plugin LauncherChunkInstaller
LogPluginManager: Mounting plugin AndroidDeviceProfileSelector
LogPluginManager: Mounting plugin AndroidMoviePlayer
LogPluginManager: Mounting plugin AndroidPermission
LogPluginManager: Mounting plugin AppleMoviePlayer
LogPluginManager: Mounting plugin ArchVisCharacter
LogPluginManager: Mounting plugin AudioCapture
LogPluginManager: Mounting plugin CableComponent
LogPluginManager: Mounting plugin CustomMeshComponent
LogPluginManager: Mounting plugin EditableMesh
LogPluginManager: Mounting plugin ExampleDeviceProfileSelector
LogPluginManager: Mounting plugin GoogleCloudMessaging
LogPluginManager: Mounting plugin ImmediatePhysics
LogPluginManager: Mounting plugin IOSDeviceProfileSelector
LogPluginManager: Mounting plugin LinuxDeviceProfileSelector
LogPluginManager: Mounting plugin LocationServicesBPLibrary
LogPluginManager: Mounting plugin MobilePatchingUtils
LogPluginManager: Mounting plugin OculusVR
LogPluginManager: Plugin shader directory ../../../Engine/Plugins/Runtime/Oculus/OculusVR/Shaders found
LogPluginManager: Mapping shader source directory ../../../Engine/Plugins/Runtime/Oculus/OculusVR/Shaders to virtual directory /Plugin/OculusVR
LogPluginManager: Mounting plugin PhysXVehicles
LogPluginManager: Mounting plugin ProceduralMeshComponent
LogPluginManager: Mounting plugin RuntimePhysXCooking
LogPluginManager: Mounting plugin SteamVR
LogPluginManager: Mounting plugin WindowsMoviePlayer
LogStreaming: Display: Took  0.172s to configure plugins.
LogInit: Using libcurl 7.55.1-DEV
LogInit:  - built for x86_64-pc-win32
LogInit:  - supports SSL with OpenSSL/1.0.2h
LogInit:  - supports HTTP deflate (compression) using libz 1.2.8
LogInit:  - other features:
LogInit:      CURL_VERSION_SSL
LogInit:      CURL_VERSION_LIBZ
LogInit:      CURL_VERSION_IPV6
LogInit:      CURL_VERSION_ASYNCHDNS
LogInit:      CURL_VERSION_LARGEFILE
LogInit:      CURL_VERSION_IDN
LogInit:  CurlRequestOptions (configurable via config and command line):
LogInit:  - bVerifyPeer = false  - Libcurl will NOT verify peer certificate
LogInit:  - bUseHttpProxy = false  - Libcurl will NOT use HTTP proxy
LogInit:  - bDontReuseConnections = false  - Libcurl will reuse connections
LogInit:  - CertBundlePath = nullptr  - Libcurl will use whatever was configured at build time.
LogInit:  - MaxHostConnections = 16  - Libcurl will limit the number of connections to a host
LogInit:  - LocalHostAddr = Default
LogInit:  - BufferSize = 65536
LogInit: WinSock: version 1.1 (2.2), MaxSocks=32767, MaxUdp=65467
LogHMD: Failed initializing OVRPlugin 1.25.0
LogInit: Build: ++UE4+Release-4.20-CL-4369336
LogInit: Engine Version: 4.20.3-4369336+++UE4+Release-4.20
LogInit: Compatible Engine Version: 4.20.0-4212847+++UE4+Release-4.20
LogInit: Net CL: 4212847
LogInit: OS: Windows 10 (), CPU: Intel(R) Core(TM) i7-8700 CPU @ 3.20GHz, GPU: NVIDIA GeForce GTX 1070
LogInit: Compiled (64-bit): Sep 17 2018 12:26:19
LogInit: Compiled with Visual C++: 19.13.26129.00
LogInit: Build Configuration: Development
LogInit: Branch Name: ++UE4+Release-4.20
LogInit: Command Line: 
LogInit: Base Directory: D:/Program Files (x86)/Epic Games/UE_4.20/Engine/Binaries/Win64/
LogInit: Installed Engine Build: 1
LogDevObjectVersion: Number of dev versions registered: 20
LogDevObjectVersion:   Dev-Blueprints (B0D832E4-1F89-4F0D-ACCF-7EB736FD4AA2): 10
LogDevObjectVersion:   Dev-Build (E1C64328-A22C-4D53-A36C-8E866417BD8C): 0
LogDevObjectVersion:   Dev-Core (375EC13C-06E4-48FB-B500-84F0262A717E): 2
LogDevObjectVersion:   Dev-Editor (E4B068ED-F494-42E9-A231-DA0B2E46BB41): 24
LogDevObjectVersion:   Dev-Framework (CFFC743F-43B0-4480-9391-14DF171D2073): 34
LogDevObjectVersion:   Dev-Mobile (B02B49B5-BB20-44E9-A304-32B752E40360): 2
LogDevObjectVersion:   Dev-Networking (A4E4105C-59A1-49B5-A7C5-40C4547EDFEE): 0
LogDevObjectVersion:   Dev-Online (39C831C9-5AE6-47DC-9A44-9C173E1C8E7C): 0
LogDevObjectVersion:   Dev-Physics (78F01B33-EBEA-4F98-B9B4-84EACCB95AA2): 0
LogDevObjectVersion:   Dev-Platform (6631380F-2D4D-43E0-8009-CF276956A95A): 0
LogDevObjectVersion:   Dev-Rendering (12F88B9F-8875-4AFC-A67C-D90C383ABD29): 26
LogDevObjectVersion:   Dev-Sequencer (7B5AE74C-D270-4C10-A958-57980B212A5A): 9
LogDevObjectVersion:   Dev-VR (D7296918-1DD6-4BDD-9DE2-64A83CC13884): 2
LogDevObjectVersion:   Dev-LoadTimes (C2A15278-BFE7-4AFE-6C17-90FF531DF755): 1
LogDevObjectVersion:   Private-Geometry (6EACA3D4-40EC-4CC1-B786-8BED09428FC5): 3
LogDevObjectVersion:   Dev-AnimPhys (29E575DD-E0A3-4627-9D10-D276232CDCEA): 17
LogDevObjectVersion:   Dev-ReflectionCapture (6B266CEC-1EC7-4B8F-A30B-E4D90942FC07): 1
LogDevObjectVersion:   Dev-Automation (0DF73D61-A23F-47EA-B727-89E90C41499A): 1
LogDevObjectVersion:   FortniteMain (601D1886-AC64-4F84-AA16-D3DE0DEAC7D6): 12
LogDevObjectVersion:   Dev-Enterprise (9DFFBCD6-494F-0158-E221-12823C92A888): 1
LogStreaming: Display: Took  0.001s to delete old logs.
LogInit: Presizing for max 8388607 objects, including 0 objects not considered by GC, pre-allocating 0 bytes for permanent pool.
LogInit: Object subsystem initialized
[2018.12.04-08.05.55:740][  0]LogInit: Selected Device Profile: [Windows]
[2018.12.04-08.05.55:740][  0]LogInit: Applying CVar settings loaded from the selected device profile: [Windows]
[2018.12.04-08.05.55:760][  0]LogHAL: Display: Platform has ~ 32 GB [34157633536 / 34359738368 / 32], which maps to Largest [LargestMinGB=32, LargerMinGB=12, DefaultMinGB=8, SmallerMinGB=6, SmallestMinGB=0)
[2018.12.04-08.05.55:761][  0]LogInit: Setting Device Profile CVar: [[r.Vulkan.UseRealUBs:1]]
[2018.12.04-08.05.55:761][  0]LogInit: Going up to parent DeviceProfile []
[2018.12.04-08.05.55:761][  0]LogInit: Computer: DESKTOP-E78FIG1
[2018.12.04-08.05.55:761][  0]LogInit: User: VRARECLab03
[2018.12.04-08.05.55:761][  0]LogInit: CPU Page size=4096, Cores=6
[2018.12.04-08.05.55:761][  0]LogInit: High frequency timer resolution =3.117190 MHz
[2018.12.04-08.05.55:761][  0]LogMemory: Memory total: Physical=31.8GB (32GB approx)
[2018.12.04-08.05.55:761][  0]LogMemory: Platform Memory Stats for Windows
[2018.12.04-08.05.55:761][  0]LogMemory: Process Physical Memory: 103.84 MB used, 103.84 MB peak
[2018.12.04-08.05.55:761][  0]LogMemory: Process Virtual Memory: 89.02 MB used, 89.02 MB peak
[2018.12.04-08.05.55:761][  0]LogMemory: Physical Memory: 7571.92 MB used,  25003.34 MB free, 32575.26 MB total
[2018.12.04-08.05.55:761][  0]LogMemory: Virtual Memory: 4667.39 MB used,  25003.34 MB free, 134217728.00 MB total
[2018.12.04-08.05.55:782][  0]LogInit: Using OS detected language (ko-KR).
[2018.12.04-08.05.55:782][  0]LogInit: Using OS detected locale (ko-KR).
[2018.12.04-08.05.55:783][  0]LogTextLocalizationManager: No specific localization for 'ko-KR' exists, so the 'ko' localization will be used.
[2018.12.04-08.05.56:048][  0]LogStreaming: Display: Took  0.267s to InitEngineTextLocalization.
[2018.12.04-08.05.56:049][  0]LogInit: Setting process to per monitor DPI aware
[2018.12.04-08.05.56:072][  0]LogSlate: New Slate User Created.  User Index 0, Is Virtual User: 0
[2018.12.04-08.05.56:072][  0]LogSlate: Slate User Registered.  User Index 0, Is Virtual User: 0
[2018.12.04-08.05.56:292][  0]LogHMD: Failed to initialize OpenVR with code 110
[2018.12.04-08.05.56:292][  0]LogD3D11RHI: D3D11 adapters:
[2018.12.04-08.05.56:348][  0]LogD3D11RHI:    0. 'NVIDIA GeForce GTX 1070' (Feature Level 11_0)
[2018.12.04-08.05.56:348][  0]LogD3D11RHI:       8088/0/16287 MB DedicatedVideo/DedicatedSystem/SharedSystem, Outputs:1, VendorId:0x10de
[2018.12.04-08.05.56:358][  0]LogD3D11RHI:    1. 'Intel(R) UHD Graphics 630' (Feature Level 11_0)
[2018.12.04-08.05.56:358][  0]LogD3D11RHI:       128/0/16287 MB DedicatedVideo/DedicatedSystem/SharedSystem, Outputs:0, VendorId:0x8086
[2018.12.04-08.05.56:360][  0]LogD3D11RHI:    2. 'Microsoft Basic Render Driver' (Feature Level 11_0)
[2018.12.04-08.05.56:360][  0]LogD3D11RHI:       0/0/16287 MB DedicatedVideo/DedicatedSystem/SharedSystem, Outputs:0, VendorId:0x1414
[2018.12.04-08.05.56:360][  0]LogD3D11RHI: Chosen D3D11 Adapter: 0
[2018.12.04-08.05.56:364][  0]LogD3D11RHI: Creating new Direct3DDevice
[2018.12.04-08.05.56:364][  0]LogD3D11RHI:     GPU DeviceId: 0x1b81 (for the marketing name, search the web for "GPU Device Id")
[2018.12.04-08.05.56:364][  0]LogWindows: EnumDisplayDevices:
[2018.12.04-08.05.56:364][  0]LogWindows:    0. 'NVIDIA GeForce GTX 1070' (P:1 D:1)
[2018.12.04-08.05.56:365][  0]LogWindows:    1. 'NVIDIA GeForce GTX 1070' (P:0 D:0)
[2018.12.04-08.05.56:365][  0]LogWindows:    2. 'NVIDIA GeForce GTX 1070' (P:0 D:0)
[2018.12.04-08.05.56:366][  0]LogWindows:    3. 'NVIDIA GeForce GTX 1070' (P:0 D:0)
[2018.12.04-08.05.56:366][  0]LogWindows:    4. 'Intel(R) UHD Graphics 630' (P:0 D:0)
[2018.12.04-08.05.56:367][  0]LogWindows:    5. 'Intel(R) UHD Graphics 630' (P:0 D:0)
[2018.12.04-08.05.56:367][  0]LogWindows:    6. 'Intel(R) UHD Graphics 630' (P:0 D:0)
[2018.12.04-08.05.56:367][  0]LogWindows: DebugString: PrimaryIsNotTheChoosenAdapter PrimaryIsNotTheChoosenAdapter PrimaryIsNotTheChoosenAdapter FoundDriverCount:4 
[2018.12.04-08.05.56:367][  0]LogD3D11RHI:     Adapter Name: NVIDIA GeForce GTX 1070
[2018.12.04-08.05.56:367][  0]LogD3D11RHI:   Driver Version: 397.93 (internal:24.21.13.9793, unified:397.93)
[2018.12.04-08.05.56:367][  0]LogD3D11RHI:      Driver Date: 5-22-2018
[2018.12.04-08.05.56:367][  0]LogRHI: Texture pool is 5661 MB (70% of 8088 MB)
[2018.12.04-08.05.56:398][  0]LogD3D11RHI: Async texture creation enabled
[2018.12.04-08.05.56:414][  0]LogD3D11RHI: GPU Timing Frequency: 1000.000000 (Debug: 2 2)
[2018.12.04-08.05.56:464][  0]LogShaderCompilers: Guid format shader working directory is -22 characters bigger than the processId version (../../../../../../Users/VRAR EC-Lab 03/Documents/Unreal Project/ExpeditionVR/Intermediate/Shaders/WorkingDirectory/12772/).
[2018.12.04-08.05.56:464][  0]LogShaderCompilers: Cleaned the shader compiler working directory 'C:/Users/VRAR EC-Lab 03/AppData/Local/Temp/UnrealShaderWorkingDir/9EDA5CCE44E741DC6DEFA691ED7102A8/'.
[2018.12.04-08.05.56:683][  0]LogTemp: Display: Loaded TP AllDesktopTargetPlatform
[2018.12.04-08.05.56:693][  0]LogTemp: Display: Loaded TP MacClientTargetPlatform
[2018.12.04-08.05.56:703][  0]LogTemp: Display: Loaded TP MacNoEditorTargetPlatform
[2018.12.04-08.05.56:713][  0]LogTemp: Display: Loaded TP MacServerTargetPlatform
[2018.12.04-08.05.56:723][  0]LogTemp: Display: Loaded TP MacTargetPlatform
[2018.12.04-08.05.56:733][  0]LogTemp: Display: Loaded TP WindowsClientTargetPlatform
[2018.12.04-08.05.56:743][  0]LogTemp: Display: Loaded TP WindowsNoEditorTargetPlatform
[2018.12.04-08.05.56:753][  0]LogTemp: Display: Loaded TP WindowsServerTargetPlatform
[2018.12.04-08.05.56:758][  0]LogTemp: Display: Loaded TP WindowsTargetPlatform
[2018.12.04-08.05.56:818][  0]LogTemp: Display: Loaded TP AndroidTargetPlatform
[2018.12.04-08.05.56:818][  0]LogTemp: Display: Loaded TP AndroidTargetPlatform
[2018.12.04-08.05.56:818][  0]LogTemp: Display: Loaded TP AndroidTargetPlatform
[2018.12.04-08.05.56:818][  0]LogTemp: Display: Loaded TP AndroidTargetPlatform
[2018.12.04-08.05.56:818][  0]LogTemp: Display: Loaded TP AndroidTargetPlatform
[2018.12.04-08.05.56:818][  0]LogTemp: Display: Loaded TP AndroidTargetPlatform
[2018.12.04-08.05.56:818][  0]LogTemp: Display: Loaded TP AndroidTargetPlatform
[2018.12.04-08.05.56:818][  0]LogTemp: Display: Loaded TP AndroidTargetPlatform
[2018.12.04-08.05.56:818][  0]LogTemp: Display: Loaded TP AndroidTargetPlatform
[2018.12.04-08.05.56:818][  0]LogTemp: Display: Loaded TP AndroidTargetPlatform
[2018.12.04-08.05.56:818][  0]LogTemp: Display: Loaded TP AndroidTargetPlatform
[2018.12.04-08.05.56:818][  0]LogTemp: Display: Loaded TP AndroidTargetPlatform
[2018.12.04-08.05.56:818][  0]LogTemp: Display: Loaded TP AndroidTargetPlatform
[2018.12.04-08.05.56:818][  0]LogTemp: Display: Loaded TP AndroidTargetPlatform
[2018.12.04-08.05.56:818][  0]LogTemp: Display: Loaded TP AndroidTargetPlatform
[2018.12.04-08.05.56:818][  0]LogTemp: Display: Loaded TP AndroidTargetPlatform
[2018.12.04-08.05.56:818][  0]LogTemp: Display: Loaded TP AndroidTargetPlatform
[2018.12.04-08.05.56:818][  0]LogTemp: Display: Loaded TP AndroidTargetPlatform
[2018.12.04-08.05.56:820][  0]LogTemp: Display: Loaded TP HTML5TargetPlatform
[2018.12.04-08.05.56:873][  0]LogTemp: Display: Loaded TP IOSTargetPlatform
[2018.12.04-08.05.56:873][  0]LogTemp: Display: Loaded TP IOSTargetPlatform
[2018.12.04-08.05.56:891][  0]LogTemp: Display: Loaded TP TVOSTargetPlatform
[2018.12.04-08.05.56:891][  0]LogTemp: Display: Loaded TP TVOSTargetPlatform
[2018.12.04-08.05.56:901][  0]LogTemp: Display: Loaded TP LinuxClientTargetPlatform
[2018.12.04-08.05.56:911][  0]LogTemp: Display: Loaded TP LinuxNoEditorTargetPlatform
[2018.12.04-08.05.56:920][  0]LogTemp: Display: Loaded TP LinuxServerTargetPlatform
[2018.12.04-08.05.56:931][  0]LogTemp: Display: Loaded TP LinuxTargetPlatform
[2018.12.04-08.05.56:938][  0]LogTemp: Display: Loaded TP LuminTargetPlatform
[2018.12.04-08.05.56:938][  0]LogTargetPlatformManager: Display: Building Assets For Windows
[2018.12.04-08.05.56:975][  0]LogXGEController: Cannot use XGE Controller as Incredibuild is not installed on this machine.
[2018.12.04-08.05.56:975][  0]LogShaderCompilers: Cannot use XGE Shader Compiler as Incredibuild is not installed on this machine.
[2018.12.04-08.05.56:975][  0]LogShaderCompilers: Display: Using Local Shader Compiler.
[2018.12.04-08.05.57:493][  0]LogDerivedDataCache: Display: Max Cache Size: 512 MB
[2018.12.04-08.05.57:533][  0]LogDerivedDataCache: Loaded boot cache 0.04s 71MB C:/Users/VRAR EC-Lab 03/AppData/Local/UnrealEngine/4.20/DerivedDataCache/Boot.ddc.
[2018.12.04-08.05.57:533][  0]LogDerivedDataCache: Display: Loaded Boot cache: C:/Users/VRAR EC-Lab 03/AppData/Local/UnrealEngine/4.20/DerivedDataCache/Boot.ddc
[2018.12.04-08.05.57:533][  0]LogDerivedDataCache: FDerivedDataBackendGraph:  Pak pak cache file ../../../../../../Users/VRAR EC-Lab 03/Documents/Unreal Project/ExpeditionVR/DerivedDataCache/DDC.ddp not found, will not use a pak cache.
[2018.12.04-08.05.57:533][  0]LogDerivedDataCache: Unable to find inner node Pak for hierarchical cache Hierarchy.
[2018.12.04-08.05.57:533][  0]LogDerivedDataCache: FDerivedDataBackendGraph:  CompressedPak pak cache file ../../../../../../Users/VRAR EC-Lab 03/Documents/Unreal Project/ExpeditionVR/DerivedDataCache/Compressed.ddp not found, will not use a pak cache.
[2018.12.04-08.05.57:533][  0]LogDerivedDataCache: Unable to find inner node CompressedPak for hierarchical cache Hierarchy.
[2018.12.04-08.05.57:543][  0]LogDerivedDataCache: Display: Pak cache opened for reading ../../../Engine/DerivedDataCache/Compressed.ddp.
[2018.12.04-08.05.57:555][  0]LogDerivedDataCache: Using Local data cache path C:/Users/VRAR EC-Lab 03/AppData/Local/UnrealEngine/Common/DerivedDataCache: Writable
[2018.12.04-08.05.57:555][  0]LogDerivedDataCache: Shared data cache path not found in *engine.ini, will not use an Shared cache.
[2018.12.04-08.05.57:555][  0]LogDerivedDataCache: Unable to find inner node Shared for hierarchical cache Hierarchy.
[2018.12.04-08.05.57:569][  0]LogMaterial: Verifying Global Shaders for PCD3D_SM5
[2018.12.04-08.05.57:570][  0]LogSlate: Using FreeType 2.6.0
[2018.12.04-08.05.57:570][  0]LogSlate: SlateFontServices - WITH_FREETYPE: 1, WITH_HARFBUZZ: 1
[2018.12.04-08.05.57:636][  0]LogAssetRegistry: FAssetRegistry took 0.0252 seconds to start up
[2018.12.04-08.05.57:874][  0]LogInit: Selected Device Profile: [Windows]
[2018.12.04-08.05.57:970][  0]LogSimplygon: Simplygon DLL not present - disabling.
[2018.12.04-08.05.57:973][  0]LogMeshReduction: Using SimplygonSwarm for distributed automatic mesh merging
[2018.12.04-08.05.57:973][  0]LogMeshReduction: Using ProxyLODMeshReduction for automatic mesh merging
[2018.12.04-08.05.57:973][  0]LogMeshReduction: Using QuadricMeshReduction for automatic static mesh reduction
[2018.12.04-08.05.57:973][  0]LogMeshReduction: No automatic skeletal mesh reduction module available
[2018.12.04-08.05.57:985][  0]LogNetVersion: ExpeditionVR 1.0.0, NetCL: 4212847, EngineNetVer: 5, GameNetVer: 0 (Checksum: 821079305)
[2018.12.04-08.05.58:406][  0]LogPackageLocalizationCache: Processed 11 localized package path(s) for 2 prioritized culture(s) in 0.106133 seconds
[2018.12.04-08.05.58:410][  0]LogUObjectArray: 38425 objects as part of root set at end of initial load.
[2018.12.04-08.05.58:410][  0]LogUObjectAllocator: 6690872 out of 0 bytes used by permanent object pool.
[2018.12.04-08.05.58:410][  0]LogUObjectArray: CloseDisregardForGC: 0/0 objects in disregard for GC pool
[2018.12.04-08.05.59:096][  0]LogTcpMessaging: Initializing TcpMessaging bridge
[2018.12.04-08.05.59:108][  0]LogUdpMessaging: Initializing bridge on interface 0.0.0.0:0 to multicast group 230.0.0.1:6666.
[2018.12.04-08.05.59:227][  0]SourceControl: 소스 컨트롤이 꺼졌습니다.
[2018.12.04-08.05.59:227][  0]SourceControl: 소스 컨트롤이 꺼졌습니다.
[2018.12.04-08.05.59:228][  0]SourceControl: 소스 컨트롤이 꺼졌습니다.
[2018.12.04-08.05.59:229][  0]SourceControl: 소스 컨트롤이 꺼졌습니다.
[2018.12.04-08.05.59:373][  0]LogAndroidPermission: UAndroidPermissionCallbackProxy::GetInstance
[2018.12.04-08.05.59:460][  0]LogOcInput: OculusInput pre-init called
[2018.12.04-08.05.59:506][  0]LogEngine: Initializing Engine...
[2018.12.04-08.05.59:507][  0]LogHMD: Failed to initialize OpenVR with code 110
[2018.12.04-08.05.59:508][  0]LogStats: UGameplayTagsManager::ConstructGameplayTagTree: ImportINI prefixes -  0.000 s
[2018.12.04-08.05.59:508][  0]LogStats: UGameplayTagsManager::ConstructGameplayTagTree: Construct from data asset -  0.000 s
[2018.12.04-08.05.59:508][  0]LogStats: UGameplayTagsManager::ConstructGameplayTagTree: ImportINI -  0.000 s
[2018.12.04-08.05.59:508][  0]LogStats: UGameplayTagsManager::ConstructGameplayTagTree: GameplayTagTreeChangedEvent.Broadcast -  0.000 s
[2018.12.04-08.05.59:662][  0]LogInit: Initializing FReadOnlyCVARCache
[2018.12.04-08.05.59:670][  0]LogAIModule: Creating AISystem for world Untitled
[2018.12.04-08.05.59:698][  0]LogInit: XAudio2 using 'U32J59x(NVIDIA High Definition Audio)' : 2 channels at 48 kHz using 16 bits per sample (channel mask 0x3)
[2018.12.04-08.05.59:733][  0]LogInit: FAudioDevice initialized.
[2018.12.04-08.05.59:733][  0]LogNetVersion: Set ProjectVersion to 1.0.0.0. Version Checksum will be recalculated on next use.
[2018.12.04-08.05.59:769][  0]LogDerivedDataCache: Saved boot cache 0.04s 71MB C:/Users/VRAR EC-Lab 03/AppData/Local/UnrealEngine/4.20/DerivedDataCache/Boot.ddc.
[2018.12.04-08.05.59:777][  0]LogInit: Texture streaming: Enabled
[2018.12.04-08.05.59:787][  0]LogEngineSessionManager: EngineSessionManager initialized
[2018.12.04-08.05.59:796][  0]LogInit: Transaction tracking system initialized
[2018.12.04-08.05.59:810][  0]BlueprintLog: New page: 에디터 로드
[2018.12.04-08.05.59:855][  0]LocalizationService: 현지화 서비스가 비활성화되었습니다.
[2018.12.04-08.06.00:058][  0]LogCook: Display: Max memory allowance for cook 16384mb min free memory 0mb
[2018.12.04-08.06.00:058][  0]LogCook: Display: Mobile HDR setting 0
[2018.12.04-08.06.00:058][  0]LogGameplayTags: Display: UGameplayTagsManager::DoneAddingNativeTags. DelegateIsBound: 0
[2018.12.04-08.06.00:058][  0]LogStats: UGameplayTagsManager::ConstructGameplayTagTree: ImportINI prefixes -  0.000 s
[2018.12.04-08.06.00:058][  0]LogStats: UGameplayTagsManager::ConstructGameplayTagTree: Construct from data asset -  0.000 s
[2018.12.04-08.06.00:058][  0]LogFileCache: Scanning file cache for directory 'D:/Users/VRAR EC-Lab 03/Documents/Unreal Project/ExpeditionVR/Content/' took 0.01s
[2018.12.04-08.06.00:058][  0]LogStats: UGameplayTagsManager::ConstructGameplayTagTree: ImportINI -  0.000 s
[2018.12.04-08.06.00:058][  0]LogStats: UGameplayTagsManager::ConstructGameplayTagTree: GameplayTagTreeChangedEvent.Broadcast -  0.000 s
[2018.12.04-08.06.00:137][  0]SourceControl: 소스 컨트롤이 꺼졌습니다.
[2018.12.04-08.06.00:137][  0]Cmd: MAP LOAD FILE="../../../Engine/Content/Maps/Templates/Template_Default.umap" TEMPLATE=1 SHOWPROGRESS=1 FEATURELEVEL=3
[2018.12.04-08.06.00:137][  0]LightingResults: New page: 라이팅 빌드
[2018.12.04-08.06.00:139][  0]MapCheck: New page: 맵 체크
[2018.12.04-08.06.00:139][  0]LightingResults: New page: 라이팅 빌드
[2018.12.04-08.06.00:293][  0]LogAIModule: Creating AISystem for world Untitled_1
[2018.12.04-08.06.00:297][  0]LogEditorServer: Finished looking for orphan Actors (0.000 secs)
[2018.12.04-08.06.00:317][  0]Cmd: MAP CHECKDEP NOCLEARLOG
[2018.12.04-08.06.00:358][  0]MapCheck: 맵 체크 완료: 오류 0 회, 경고 0 회, 소요 시간 41.99ms.
[2018.12.04-08.06.00:358][  0]LogFileHelpers: Loading map 'Template_Default' took 0.222
[2018.12.04-08.06.00:492][  0]LogSlate: Updating window title bar state: overlay mode, drag disabled, window buttons hidden, title bar hidden
[2018.12.04-08.06.00:497][  0]LogSlate: Updating window title bar state: overlay mode, drag disabled, window buttons hidden, title bar hidden
[2018.12.04-08.06.00:502][  0]LogSlate: Updating window title bar state: overlay mode, drag disabled, window buttons hidden, title bar hidden
[2018.12.04-08.06.00:507][  0]LogSlate: Updating window title bar state: overlay mode, drag disabled, window buttons hidden, title bar hidden
[2018.12.04-08.06.00:511][  0]LogCollectionManager: Loaded 0 collections in 0.000635 seconds
[2018.12.04-08.06.00:550][  0]LogFileCache: Scanning file cache for directory 'D:/Users/VRAR EC-Lab 03/Documents/Unreal Project/ExpeditionVR/Saved/Collections/' took 0.01s
[2018.12.04-08.06.00:550][  0]LogFileCache: Scanning file cache for directory 'D:/Users/VRAR EC-Lab 03/Documents/Unreal Project/ExpeditionVR/Content/Developers/VRARECLab03/Collections/' took 0.01s
[2018.12.04-08.06.00:550][  0]LogFileCache: Scanning file cache for directory 'D:/Users/VRAR EC-Lab 03/Documents/Unreal Project/ExpeditionVR/Content/Collections/' took 0.01s
[2018.12.04-08.06.00:550][  0]LogCollectionManager: Rebuilt the GUID cache for 0 collections in 0.000000 seconds
[2018.12.04-08.06.00:559][  0]LogContentBrowser: Native class hierarchy populated in 0.0086 seconds. Added 2572 classes and 603 folders.
[2018.12.04-08.06.00:564][  0]LogContentBrowser: Native class hierarchy updated for 'WidgetCarousel' in 0.0002 seconds. Added 0 classes and 0 folders.
[2018.12.04-08.06.01:530][  0]LogContentBrowser: Native class hierarchy updated for 'AddContentDialog' in 0.0002 seconds. Added 0 classes and 0 folders.
[2018.12.04-08.06.01:590][  0]LogContentBrowser: Native class hierarchy updated for 'SceneOutliner' in 0.0002 seconds. Added 1 classes and 2 folders.
[2018.12.04-08.06.01:612][  0]LogSlate: Took 0.000139 seconds to synchronously load lazily loaded font '../../../Engine/Content/Slate/Fonts/Roboto-Regular.ttf' (155K)
[2018.12.04-08.06.01:614][  0]LogSlate: Took 0.001620 seconds to synchronously load lazily loaded font '../../../Engine/Content/Editor/Slate/Fonts/NanumGothic.ttf' (4243K)
[2018.12.04-08.06.01:616][  0]LogSlate: Took 0.001476 seconds to synchronously load lazily loaded font '../../../Engine/Content/Editor/Slate/Fonts/NanumGothicBold.ttf' (4188K)
[2018.12.04-08.06.01:616][  0]LogSlate: Took 0.000114 seconds to synchronously load lazily loaded font '../../../Engine/Content/Slate/Fonts/Roboto-Bold.ttf' (160K)
[2018.12.04-08.06.01:627][  0]LogSlate: Took 0.007928 seconds to synchronously load lazily loaded font '../../../Engine/Content/Editor/Slate/Fonts/FontAwesome.ttf' (139K)
[2018.12.04-08.06.01:762][  0]LogRenderer: Reallocating scene render targets to support 1616x812 Format 10 NumSamples 1 (Frame:1).
[2018.12.04-08.06.01:903][  0]LogContentBrowser: Native class hierarchy updated for 'HierarchicalLODOutliner' in 0.0002 seconds. Added 0 classes and 0 folders.
[2018.12.04-08.06.01:903][  0]LogLoad: (Engine Initialization) Total time: 8.51 seconds
[2018.12.04-08.06.01:903][  0]LogLoad: (Engine Initialization) Total Blueprint compile time: 0.00 seconds
[2018.12.04-08.06.01:916][  0]LogWindowsTextInputMethodSystem: Display: IME system now activated using TSF (Microsoft 입력기).
[2018.12.04-08.06.01:935][  0]LogAssetRegistry: Asset discovery search completed in 4.3210 seconds
[2018.12.04-08.06.01:936][  0]LogCollectionManager: Rebuilt the object cache for 0 collections in 0.000000 seconds (found 0 objects)
[2018.12.04-08.06.01:936][  0]LogCollectionManager: Fixed up redirectors for 0 collections in 0.000035 seconds (updated 0 objects)
[2018.12.04-08.06.01:937][  0]LogContentStreaming: Texture pool size now 1000 MB
[2018.12.04-08.06.06:097][448]LogSlate: FSceneViewport::OnFocusLost() reason 0
[2018.12.04-08.06.14:370][252]LogSlate: Took 1.055251 seconds to synchronously load lazily loaded font '../../../Engine/Content/Slate/Fonts/Roboto-Light.ttf' (167K)
[2018.12.04-08.06.16:381][252]LogLinker: Warning: '/Game/Textures/Materials/M_Water_Ocean' 파일을 찾을 수 없습니다.
[2018.12.04-08.06.16:381][252]LogLinker: Warning: ../../../../../../Users/VRAR EC-Lab 03/Documents/Unreal Project/ExpeditionVR/Content/Maps/Room.umap 로드중 '/Game/Textures/Materials/M_Water_Ocean' 애셋에 대한 파일을 찾을 수 없습니다.
[2018.12.04-08.06.16:381][252]LoadErrors: Error: /Game/Maps/Room : 애셋에 대한 파일을 찾을 수 없습니다. /Game/Textures/Materials/M_Water_Ocean
[2018.12.04-08.06.16:382][252]LogLinker: Warning: '/Game/Textures/Materials/T_Wood_Oak_D_Mat' 파일을 찾을 수 없습니다.
[2018.12.04-08.06.16:382][252]LogLinker: Warning: ../../../../../../Users/VRAR EC-Lab 03/Documents/Unreal Project/ExpeditionVR/Content/Maps/Room.umap 로드중 '/Game/Textures/Materials/T_Wood_Oak_D_Mat' 애셋에 대한 파일을 찾을 수 없습니다.
[2018.12.04-08.06.16:382][252]LoadErrors: Error: /Game/Maps/Room : 애셋에 대한 파일을 찾을 수 없습니다. /Game/Textures/Materials/T_Wood_Oak_D_Mat
[2018.12.04-08.06.16:413][252]LogLinker: Warning: '/Game/Textures/Materials/M_Water_Ocean' 파일을 찾을 수 없습니다.
[2018.12.04-08.06.16:413][252]LogLinker: Warning: ../../../../../../Users/VRAR EC-Lab 03/Documents/Unreal Project/ExpeditionVR/Content/Maps/Room.umap 로드중 '/Game/Textures/Materials/M_Water_Ocean' 애셋에 대한 파일을 찾을 수 없습니다.
[2018.12.04-08.06.16:413][252]LogLinker: Warning: '/Game/Textures/Materials/T_Wood_Oak_D_Mat' 파일을 찾을 수 없습니다.
[2018.12.04-08.06.16:413][252]LogLinker: Warning: ../../../../../../Users/VRAR EC-Lab 03/Documents/Unreal Project/ExpeditionVR/Content/Maps/Room.umap 로드중 '/Game/Textures/Materials/T_Wood_Oak_D_Mat' 애셋에 대한 파일을 찾을 수 없습니다.
[2018.12.04-08.06.16:418][252]LogLinker: Warning: '/Game/Textures/Materials/M_Water_Ocean' 파일을 찾을 수 없습니다.
[2018.12.04-08.06.16:418][252]LoadErrors: 로드에 실패했습니다. /Game/Textures/Materials/M_Water_Ocean.M_Water_Ocean 레퍼런싱한 것: BigDrawer_7
[2018.12.04-08.06.16:419][252]LogLinker: Warning: NULL 로드중 '/Game/Textures/Materials/M_Water_Ocean' 애셋에 대한 파일을 찾을 수 없습니다.
[2018.12.04-08.06.16:419][252]LogLinker: Warning: '/Game/Textures/Materials/T_Wood_Oak_D_Mat' 파일을 찾을 수 없습니다.
[2018.12.04-08.06.16:419][252]LoadErrors: 로드에 실패했습니다. /Game/Textures/Materials/T_Wood_Oak_D_Mat.T_Wood_Oak_D_Mat 레퍼런싱한 것: Floor
[2018.12.04-08.06.16:419][252]LogLinker: Warning: NULL 로드중 '/Game/Textures/Materials/T_Wood_Oak_D_Mat' 애셋에 대한 파일을 찾을 수 없습니다.
[2018.12.04-08.06.16:441][252]LogAIModule: Creating AISystem for world Room
[2018.12.04-08.06.16:449][252]LogAssetEditorManager: Opening Asset editor for World /Game/Maps/Room.Room
[2018.12.04-08.06.16:468][252]Cmd: MAP LOAD FILE="../../../../../../Users/VRAR EC-Lab 03/Documents/Unreal Project/ExpeditionVR/Content/Maps/Room.umap" TEMPLATE=0 SHOWPROGRESS=1 FEATURELEVEL=3
[2018.12.04-08.06.16:469][252]LightingResults: New page: 라이팅 빌드
[2018.12.04-08.06.16:469][252]LoadErrors: New page: 맵 로드중: Room.umap
[2018.12.04-08.06.16:469][252]MapCheck: New page: 맵 체크
[2018.12.04-08.06.16:469][252]LightingResults: New page: 라이팅 빌드
[2018.12.04-08.06.16:502][252]LogEditorServer: Finished looking for orphan Actors (0.000 secs)
[2018.12.04-08.06.16:547][252]Cmd: MAP CHECKDEP NOCLEARLOG
[2018.12.04-08.06.16:594][252]MapCheck: 맵 체크 완료: 오류 0 회, 경고 0 회, 소요 시간 47.174ms.
[2018.12.04-08.06.16:594][252]LogFileHelpers: Loading map 'Room' took 0.127
[2018.12.04-08.06.16:651][253]LogSlate: Took 0.001923 seconds to synchronously load lazily loaded font '../../../Engine/Content/Slate/Fonts/../../Editor/Slate/Fonts/NanumGothic.ttf' (4243K)
[2018.12.04-08.06.23:666][ 62]LogSlate: FSceneViewport::OnFocusLost() reason 0
[2018.12.04-08.06.47:103][829]LogSlate: FSceneViewport::OnFocusLost() reason 0
[2018.12.04-08.07.05:589][  5]LogSlate: FSceneViewport::OnFocusLost() reason 0
[2018.12.04-08.07.05:671][ 15]MapCheck: New page: 맵 체크
[2018.12.04-08.07.05:686][ 15]Cmd: MAP REBUILD ALLVISIBLE
[2018.12.04-08.07.05:686][ 15]LogEditorServer: Rebuildmap Clear paths rebuilt
[2018.12.04-08.07.05:726][ 15]LogMaterial: Display: Missing cached shader map for material FDebugViewModeMaterialProxy DefaultMaterial, compiling. 
[2018.12.04-08.07.05:732][ 15]LogMaterial: Display: Missing cached shader map for material FDebugViewModeMaterialProxy MaterialInstanceDynamic_0, compiling. 
[2018.12.04-08.07.05:739][ 15]LogShaderCompilers: Display: Shaders left to compile 1
[2018.12.04-08.07.05:739][ 15]LogMaterial: Display: Missing cached shader map for material FDebugViewModeMaterialProxy WorldGridMaterial, compiling. Is special engine material.
[2018.12.04-08.07.05:745][ 15]LogMaterial: Display: Missing cached shader map for material FDebugViewModeMaterialProxy MainMaterial, compiling. 
[2018.12.04-08.07.06:557][ 15]LogShaderCompilers: Display: Shaders left to compile 3
[2018.12.04-08.07.06:557][ 15]LogShaderCompilers: Display: Shaders left to compile 2
[2018.12.04-08.07.06:557][ 15]LogShaderCompilers: Display: Shaders left to compile 1
[2018.12.04-08.07.06:557][ 15]TextureStreamingBuild: Display: Compiling optional shaders took 0.835 seconds.
[2018.12.04-08.07.06:560][ 15]LogLevel: Display: Export Material TexCoord Scales took 0.004 seconds.
[2018.12.04-08.07.06:566][ 15]TextureStreamingBuild: Display: Build Texture Streaming took 0.005 seconds.
[2018.12.04-08.07.06:585][ 15]LightingResults: New page: 라이팅 빌드 - 2018. 12. 5. 오전 2:07:06
[2018.12.04-08.07.06:641][ 15]LogSwarmInterface: [OpenConnection] Registering TCP channel ...
[2018.12.04-08.07.06:787][ 15]LogSwarmInterface: [OpenConnection] Connecting to agent ...
[2018.12.04-08.07.06:798][ 15]LogSwarmInterface: [TryOpenConnection] Testing the Agent
[2018.12.04-08.07.07:305][ 15]LogSwarmInterface: [TryOpenConnection] Opening Connection to Agent
[2018.12.04-08.07.07:306][ 15]LogSwarmInterface: [TryOpenConnection] Local Process ID is 12772
[2018.12.04-08.07.09:614][ 15]LogStaticLightingSystem: Warning: No importance volume found, so the scene bounding box was used.  You can optimize your scene's quality and lighting build times by adding importance volumes.
[2018.12.04-08.07.09:614][ 15]LogStaticLightingSystem: Running Lightmass w/ ImmediateImport mode ENABLED
[2018.12.04-08.07.09:614][ 15]LogStaticLightingSystem: Running Lightmass w/ ImmediateProcess mode ENABLED
[2018.12.04-08.07.09:614][ 15]LogStaticLightingSystem: Running Lightmass w/ Sorting mode ENABLED
[2018.12.04-08.07.09:614][ 15]LogStaticLightingSystem: Running Lightmass w/ Mapping paddings ENABLED
[2018.12.04-08.07.09:614][ 15]LogStaticLightingSystem: Running Lightmass w/ Mapping debug paddings DISABLED
[2018.12.04-08.07.09:722][ 15]Cmd: MAP CHECK DONTDISPLAYDIALOG
[2018.12.04-08.07.09:722][ 15]MapCheck: New page: Room - 2018. 12. 5. 오전 2:07:09
[2018.12.04-08.07.09:722][ 15]MapCheck: Error: WorldSettings_1 맵 라이팅을 리빌드해야 합니다. 
[2018.12.04-08.07.09:769][ 15]MapCheck: 맵 체크 완료: 오류 1 회, 경고 0 회, 소요 시간 47.24ms.
[2018.12.04-08.07.09:792][ 15]LogEditorBuildUtils: Build time 0:04
[2018.12.04-08.07.09:820][ 15]LogMaterial: Display: Missing cached shader map for material FLightmassMaterialRenderer MainMaterial, compiling. 
[2018.12.04-08.07.09:828][ 15]LogShaderCompilers: Display: Shaders left to compile 2
[2018.12.04-08.07.09:828][ 15]LogMaterial: Display: Missing cached shader map for material FLightmassMaterialRenderer MainMaterial, compiling. 
[2018.12.04-08.07.09:864][ 15]LogShaderCompilers: Display: Shaders left to compile 2
[2018.12.04-08.07.11:984][108]LightingResults: Warning: BigDrawer 오브젝트에 겹치는 UV 가 있습니다.
[2018.12.04-08.07.11:984][108]LightingResults: BigDrawer Lightmap UV are overlapping by 14.1%. Please adjust content - Enable Error Coloring to visualize.
[2018.12.04-08.07.12:143][123]Job is a success!
[2018.12.04-08.07.12:197][124]LogVolumetricLightmapImport: Imported Volumetric Lightmap in 0.016s
[2018.12.04-08.07.12:197][124]LogVolumetricLightmapImport:      Indirection Texture 16x16x16 = 0.0Mb
[2018.12.04-08.07.12:197][124]LogVolumetricLightmapImport:      BrickData 50x5x5 = 0.0Mb
[2018.12.04-08.07.12:197][124]LogVolumetricLightmapImport:      Bricks at Level
[2018.12.04-08.07.12:197][124]LogVolumetricLightmapImport:          0: 10.0% covering 100.0% of volume
[2018.12.04-08.07.12:197][124]LogVolumetricLightmapImport:          1: 10.0% covering 1.6% of volume
[2018.12.04-08.07.12:197][124]LogVolumetricLightmapImport:          2: 80.0% covering 0.2% of volume
[2018.12.04-08.07.12:204][124]LogMaterial: Warning: Material /Game/Materials/MainMaterial.MainMaterial needed to have new flag set bUsedWithStaticLighting !
[2018.12.04-08.07.12:207][124]LogMaterial: Display: Missing cached shader map for material MainMaterial, compiling. 
[2018.12.04-08.07.12:252][124]LogShaderCompilers: Display: Shaders left to compile 31
[2018.12.04-08.07.12:252][124]LogShaderCompilers: Display: Shaders left to compile 21
[2018.12.04-08.07.12:252][124]LogShaderCompilers: Display: Shaders left to compile 11
[2018.12.04-08.07.12:252][124]LogShaderCompilers: Display: Shaders left to compile 1
[2018.12.04-08.07.12:301][124]LogTexture: Display: 텍스처 빌드: LQ_Lightmap_1_1 (DXT1, 256X256)
[2018.12.04-08.07.12:301][124]LogTexture: Display: 텍스처 빌드: HQ_Lightmap1_2 (AutoDXT, 512X512)
[2018.12.04-08.07.12:301][124]LogTexture: Display: 텍스처 빌드: HQ_Lightmap1_1 (AutoDXT, 256X256)
[2018.12.04-08.07.12:301][124]LogTexture: Display: 텍스처 빌드: LQ_Lightmap_1_2 (DXT1, 512X512)
[2018.12.04-08.07.12:301][124]LogTexture: Display: 텍스처 빌드: LQ_Lightmap_1_3 (DXT1, 64X64)
[2018.12.04-08.07.12:301][124]LogTexture: Display: 텍스처 빌드: HQ_Lightmap1_3 (AutoDXT, 64X64)
[2018.12.04-08.07.12:301][124]LogTexture: Display: 텍스처 빌드: ShadowMapTexture2D_5 (G8, 32X32)
[2018.12.04-08.07.12:301][124]LogTexture: Display: 텍스처 빌드: ShadowMapTexture2D_2 (G8, 128X128)
[2018.12.04-08.07.12:301][124]LogTexture: Display: 텍스처 빌드: ShadowMapTexture2D_3 (G8, 64X256)
[2018.12.04-08.07.12:321][124]Lightmass on DESKTOP-E78FIG1: 1.44 sec total, 84 ms importing, 2 ms setup, 699 ms photons, 455 ms processing, 0 ms extra exporting [17/17 mappings]. Threads: 4.52 sec total, 411 ms processing.
[2018.12.04-08.07.12:353][124]LogStaticLightingSystem: Illumination: 5.75 sec (37 ms encoding lightmaps, 5 ms encoding shadowmaps)
[2018.12.04-08.07.12:353][124]LogStaticLightingSystem: Lightmap texture memory:  0.6 MB (0.1 MB streaming, 0.5 MB non-streaming), 6 textures
[2018.12.04-08.07.12:353][124]LogStaticLightingSystem: Shadowmap texture memory: 0.0 MB (0.0 MB streaming, 0.0 MB non-streaming), 3 textures
[2018.12.04-08.07.12:618][124]DumpUnbuiltLightIteractions
[2018.12.04-08.07.12:618][124]Lights with unbuilt interactions: 0
[2018.12.04-08.07.12:618][124]
[2018.12.04-08.07.12:618][124]Primitives with unbuilt interactions: 0
[2018.12.04-08.07.14:186][125]Cmd: MAP CHECK NOTIFYRESULTS
[2018.12.04-08.07.14:186][125]MapCheck: New page: Room - 2018. 12. 5. 오전 2:07:14
[2018.12.04-08.07.14:231][125]MapCheck: 맵 체크 완료: 오류 0 회, 경고 0 회, 소요 시간 44.95ms.
[2018.12.04-08.07.21:951][ 33]LogAssetEditorManager: Opening Asset editor for StaticMesh /Game/Meshes/BigDrawer.BigDrawer
[2018.12.04-08.07.22:600][ 33]LogSlate: Took 0.007252 seconds to synchronously load lazily loaded font '../../../Engine/Content/Slate/Fonts/Roboto-Italic.ttf' (157K)
[2018.12.04-08.07.26:819][525]LogSlate: FSceneViewport::OnFocusLost() reason 2
[2018.12.04-08.07.34:298][407]LogSlate: FSceneViewport::OnFocusLost() reason 2
[2018.12.04-08.07.57:986][114]LogSlate: FSceneViewport::OnFocusLost() reason 0
[2018.12.04-08.07.58:062][123]LogSlate: Window 'BigDrawer' being destroyed
[2018.12.04-08.07.58:065][123]LogSlate: Window 'BigDrawer' being destroyed
[2018.12.04-08.08.49:138][140]LogAssetEditorManager: Opening Asset editor for StaticMesh /Game/Meshes/BigDrawer.BigDrawer
[2018.12.04-08.09.01:590][543]Cmd: OBJ SAVEPACKAGE PACKAGE="/Game/Meshes/BigDrawer" FILE="../../../../../../Users/VRAR EC-Lab 03/Documents/Unreal Project/ExpeditionVR/Content/Meshes/BigDrawer.uasset" SILENT=true
[2018.12.04-08.09.01:667][543]LogSavePackage: Moving '../../../../../../Users/VRAR EC-Lab 03/Documents/Unreal Project/ExpeditionVR/Saved/BigDrawer9C7673084E2D2F12F07266AAB3147CE3.tmp' to '../../../../../../Users/VRAR EC-Lab 03/Documents/Unreal Project/ExpeditionVR/Content/Meshes/BigDrawer.uasset'
[2018.12.04-08.09.04:502][875]MapCheck: New page: 맵 체크
[2018.12.04-08.09.04:512][875]Cmd: MAP REBUILD ALLVISIBLE
[2018.12.04-08.09.04:512][875]LogEditorServer: Rebuildmap Clear paths rebuilt
[2018.12.04-08.09.04:545][875]LogMaterial: Display: Missing cached shader map for material FDebugViewModeMaterialProxy DefaultMaterial, compiling. 
[2018.12.04-08.09.04:550][875]LogMaterial: Display: Missing cached shader map for material FDebugViewModeMaterialProxy MaterialInstanceDynamic_0, compiling. 
[2018.12.04-08.09.04:556][875]LogMaterial: Display: Missing cached shader map for material FDebugViewModeMaterialProxy WorldGridMaterial, compiling. Is special engine material.
[2018.12.04-08.09.04:561][875]LogShaderCompilers: Display: Shaders left to compile 2
[2018.12.04-08.09.04:561][875]LogShaderCompilers: Display: Shaders left to compile 1
[2018.12.04-08.09.04:561][875]LogMaterial: Display: Missing cached shader map for material FDebugViewModeMaterialProxy MainMaterial, compiling. 
[2018.12.04-08.09.05:128][875]LogShaderCompilers: Display: Shaders left to compile 2
[2018.12.04-08.09.05:128][875]LogShaderCompilers: Display: Shaders left to compile 1
[2018.12.04-08.09.05:128][875]TextureStreamingBuild: Display: Compiling optional shaders took 0.586 seconds.
[2018.12.04-08.09.05:131][875]LogLevel: Display: Export Material TexCoord Scales took 0.003 seconds.
[2018.12.04-08.09.05:137][875]TextureStreamingBuild: Display: Build Texture Streaming took 0.006 seconds.
[2018.12.04-08.09.05:158][875]LightingResults: New page: 라이팅 빌드 - 2018. 12. 5. 오전 2:09:05
[2018.12.04-08.09.05:172][875]LogSwarmInterface: [OpenConnection] Registering TCP channel ...
[2018.12.04-08.09.05:177][875]LogSwarmInterface: [OpenConnection] Connecting to agent ...
[2018.12.04-08.09.05:177][875]LogSwarmInterface: [TryOpenConnection] Testing the Agent
[2018.12.04-08.09.05:177][875]LogSwarmInterface: [TryOpenConnection] Opening Connection to Agent
[2018.12.04-08.09.05:178][875]LogSwarmInterface: [TryOpenConnection] Local Process ID is 12772
[2018.12.04-08.09.09:753][875]LogStaticLightingSystem: Warning: No importance volume found, so the scene bounding box was used.  You can optimize your scene's quality and lighting build times by adding importance volumes.
[2018.12.04-08.09.09:753][875]LogStaticLightingSystem: Running Lightmass w/ ImmediateImport mode ENABLED
[2018.12.04-08.09.09:753][875]LogStaticLightingSystem: Running Lightmass w/ ImmediateProcess mode ENABLED
[2018.12.04-08.09.09:754][875]LogStaticLightingSystem: Running Lightmass w/ Sorting mode ENABLED
[2018.12.04-08.09.09:754][875]LogStaticLightingSystem: Running Lightmass w/ Mapping paddings ENABLED
[2018.12.04-08.09.09:754][875]LogStaticLightingSystem: Running Lightmass w/ Mapping debug paddings DISABLED
[2018.12.04-08.09.09:822][875]Cmd: MAP CHECK DONTDISPLAYDIALOG
[2018.12.04-08.09.09:822][875]MapCheck: New page: Room - 2018. 12. 5. 오전 2:09:09
[2018.12.04-08.09.09:869][875]MapCheck: 맵 체크 완료: 오류 0 회, 경고 0 회, 소요 시간 46.162ms.
[2018.12.04-08.09.09:892][875]LogEditorBuildUtils: Build time 0:05
[2018.12.04-08.09.09:909][875]LogMaterial: Display: Missing cached shader map for material FLightmassMaterialRenderer MainMaterial, compiling. 
[2018.12.04-08.09.09:913][875]LogMaterial: Display: Missing cached shader map for material FLightmassMaterialRenderer MainMaterial, compiling. 
[2018.12.04-08.09.09:928][876]LogShaderCompilers: Display: Shaders left to compile 4
[2018.12.04-08.09.12:033][962]LightingResults: Warning: BigDrawer 오브젝트에 겹치는 UV 가 있습니다.
[2018.12.04-08.09.12:033][962]LightingResults: BigDrawer Lightmap UV are overlapping by 14.1%. Please adjust content - Enable Error Coloring to visualize.
[2018.12.04-08.09.12:192][977]Job is a success!
[2018.12.04-08.09.12:241][978]LogVolumetricLightmapImport: Imported Volumetric Lightmap in 0.015s
[2018.12.04-08.09.12:241][978]LogVolumetricLightmapImport:      Indirection Texture 16x16x16 = 0.0Mb
[2018.12.04-08.09.12:241][978]LogVolumetricLightmapImport:      BrickData 50x5x5 = 0.0Mb
[2018.12.04-08.09.12:242][978]LogVolumetricLightmapImport:      Bricks at Level
[2018.12.04-08.09.12:242][978]LogVolumetricLightmapImport:          0: 10.0% covering 100.0% of volume
[2018.12.04-08.09.12:242][978]LogVolumetricLightmapImport:          1: 10.0% covering 1.6% of volume
[2018.12.04-08.09.12:242][978]LogVolumetricLightmapImport:          2: 80.0% covering 0.2% of volume
[2018.12.04-08.09.12:290][978]LogTexture: Display: 텍스처 빌드: HQ_Lightmap0_2 (AutoDXT, 512X512)
[2018.12.04-08.09.12:290][978]LogTexture: Display: 텍스처 빌드: LQ_Lightmap_0_2 (DXT1, 512X512)
[2018.12.04-08.09.12:290][978]LogTexture: Display: 텍스처 빌드: LQ_Lightmap_0_1 (DXT1, 256X256)
[2018.12.04-08.09.12:290][978]LogTexture: Display: 텍스처 빌드: HQ_Lightmap0_3 (AutoDXT, 64X64)
[2018.12.04-08.09.12:290][978]LogTexture: Display: 텍스처 빌드: HQ_Lightmap0_1 (AutoDXT, 256X256)
[2018.12.04-08.09.12:290][978]LogTexture: Display: 텍스처 빌드: LQ_Lightmap_0_3 (DXT1, 64X64)
[2018.12.04-08.09.12:291][978]LogTexture: Display: 텍스처 빌드: ShadowMapTexture2D_8 (G8, 32X32)
[2018.12.04-08.09.12:291][978]LogTexture: Display: 텍스처 빌드: ShadowMapTexture2D_7 (G8, 64X256)
[2018.12.04-08.09.12:291][978]LogTexture: Display: 텍스처 빌드: ShadowMapTexture2D_6 (G8, 128X128)
[2018.12.04-08.09.12:319][978]Lightmass on DESKTOP-E78FIG1: 1.21 sec total, 81 ms importing, 2 ms setup, 698 ms photons, 392 ms processing, 0 ms extra exporting [17/17 mappings]. Threads: 3.83 sec total, 395 ms processing.
[2018.12.04-08.09.12:325][978]LogStaticLightingSystem: Illumination: 7.15 sec (33 ms encoding lightmaps, 4 ms encoding shadowmaps)
[2018.12.04-08.09.12:325][978]LogStaticLightingSystem: Lightmap texture memory:  0.6 MB (0.1 MB streaming, 0.5 MB non-streaming), 6 textures
[2018.12.04-08.09.12:325][978]LogStaticLightingSystem: Shadowmap texture memory: 0.0 MB (0.0 MB streaming, 0.0 MB non-streaming), 3 textures
[2018.12.04-08.09.12:757][978]DumpUnbuiltLightIteractions
[2018.12.04-08.09.12:757][978]Lights with unbuilt interactions: 0
[2018.12.04-08.09.12:757][978]
[2018.12.04-08.09.12:757][978]Primitives with unbuilt interactions: 0
[2018.12.04-08.09.12:817][979]Cmd: MAP CHECK NOTIFYRESULTS
[2018.12.04-08.09.12:818][979]MapCheck: New page: Room - 2018. 12. 5. 오전 2:09:12
[2018.12.04-08.09.12:863][979]MapCheck: 맵 체크 완료: 오류 0 회, 경고 0 회, 소요 시간 45.803ms.
[2018.12.04-08.10.43:225][ 15]LogSlate: FSceneViewport::OnFocusLost() reason 0
[2018.12.04-08.13.45:147][ 68]LogSlate: FSceneViewport::OnFocusLost() reason 2
[2018.12.04-08.13.46:036][138]LogSlate: FSceneViewport::OnFocusLost() reason 2
[2018.12.04-08.13.47:171][273]LogSlate: FSceneViewport::OnFocusLost() reason 2
[2018.12.04-08.14.02:802][145]LogSlate: Window 'BigDrawer' being destroyed
[2018.12.04-08.14.02:804][145]LogSlate: Window 'BigDrawer' being destroyed
[2018.12.04-08.14.08:632][834]LogSlate: Window '메시지 로그' being destroyed
[2018.12.04-08.14.08:635][834]LogSlate: Window '메시지 로그' being destroyed
[2018.12.04-08.14.19:794][159]LogSlate: FSceneViewport::OnFocusLost() reason 0
[2018.12.04-08.14.28:510][166]LogSlate: FSceneViewport::OnFocusLost() reason 0
[2018.12.04-08.14.33:831][771]LogSlate: FSceneViewport::OnFocusLost() reason 0
[2018.12.04-08.14.50:332][706]LogEditorViewport: Clicking on Actor (LMB): StaticMeshActor (Floor)
[2018.12.04-08.15.03:998][329]LogSlate: FSceneViewport::OnFocusLost() reason 0
[2018.12.04-08.15.04:057][336]LogLinker: Warning: '/Game/MobileStarterContent/Textures/T_Wood_Floor_Walnut_D' 파일을 찾을 수 없습니다.
[2018.12.04-08.15.04:057][336]LogLinker: Warning: ../../../../../../Users/VRAR EC-Lab 03/Documents/Unreal Project/ExpeditionVR/Content/Materials/M_Wood_Floor_Walnut_Polished.uasset 로드중 '/Game/MobileStarterContent/Textures/T_Wood_Floor_Walnut_D' 애셋에 대한 파일을 찾을 수 없습니다.
[2018.12.04-08.15.04:057][336]LoadErrors: Error: /Game/Materials/M_Wood_Floor_Walnut_Polished : 애셋에 대한 파일을 찾을 수 없습니다. /Game/MobileStarterContent/Textures/T_Wood_Floor_Walnut_D
[2018.12.04-08.15.04:057][336]LogLinker: Warning: '/Game/MobileStarterContent/Textures/T_Wood_Floor_Walnut_M' 파일을 찾을 수 없습니다.
[2018.12.04-08.15.04:057][336]LogLinker: Warning: ../../../../../../Users/VRAR EC-Lab 03/Documents/Unreal Project/ExpeditionVR/Content/Materials/M_Wood_Floor_Walnut_Polished.uasset 로드중 '/Game/MobileStarterContent/Textures/T_Wood_Floor_Walnut_M' 애셋에 대한 파일을 찾을 수 없습니다.
[2018.12.04-08.15.04:057][336]LoadErrors: Error: /Game/Materials/M_Wood_Floor_Walnut_Polished : 애셋에 대한 파일을 찾을 수 없습니다. /Game/MobileStarterContent/Textures/T_Wood_Floor_Walnut_M
[2018.12.04-08.15.04:058][336]LogLinker: Warning: '/Game/MobileStarterContent/Textures/T_Wood_Floor_Walnut_N' 파일을 찾을 수 없습니다.
[2018.12.04-08.15.04:058][336]LogLinker: Warning: ../../../../../../Users/VRAR EC-Lab 03/Documents/Unreal Project/ExpeditionVR/Content/Materials/M_Wood_Floor_Walnut_Polished.uasset 로드중 '/Game/MobileStarterContent/Textures/T_Wood_Floor_Walnut_N' 애셋에 대한 파일을 찾을 수 없습니다.
[2018.12.04-08.15.04:058][336]LoadErrors: Error: /Game/Materials/M_Wood_Floor_Walnut_Polished : 애셋에 대한 파일을 찾을 수 없습니다. /Game/MobileStarterContent/Textures/T_Wood_Floor_Walnut_N
[2018.12.04-08.15.04:058][336]LogLinker: Warning: '/Game/MobileStarterContent/Textures/T_Wood_Floor_Walnut_D' 파일을 찾을 수 없습니다.
[2018.12.04-08.15.04:058][336]LogLinker: Warning: ../../../../../../Users/VRAR EC-Lab 03/Documents/Unreal Project/ExpeditionVR/Content/Materials/M_Wood_Floor_Walnut_Polished.uasset 로드중 '/Game/MobileStarterContent/Textures/T_Wood_Floor_Walnut_D' 애셋에 대한 파일을 찾을 수 없습니다.
[2018.12.04-08.15.04:058][336]LogLinker: Warning: '/Game/MobileStarterContent/Textures/T_Wood_Floor_Walnut_M' 파일을 찾을 수 없습니다.
[2018.12.04-08.15.04:058][336]LogLinker: Warning: ../../../../../../Users/VRAR EC-Lab 03/Documents/Unreal Project/ExpeditionVR/Content/Materials/M_Wood_Floor_Walnut_Polished.uasset 로드중 '/Game/MobileStarterContent/Textures/T_Wood_Floor_Walnut_M' 애셋에 대한 파일을 찾을 수 없습니다.
[2018.12.04-08.15.04:058][336]LogLinker: Warning: '/Game/MobileStarterContent/Textures/T_Wood_Floor_Walnut_N' 파일을 찾을 수 없습니다.
[2018.12.04-08.15.04:058][336]LogLinker: Warning: ../../../../../../Users/VRAR EC-Lab 03/Documents/Unreal Project/ExpeditionVR/Content/Materials/M_Wood_Floor_Walnut_Polished.uasset 로드중 '/Game/MobileStarterContent/Textures/T_Wood_Floor_Walnut_N' 애셋에 대한 파일을 찾을 수 없습니다.
[2018.12.04-08.15.04:059][336]LogLinker: Warning: '/Game/MobileStarterContent/Textures/T_Wood_Floor_Walnut_D' 파일을 찾을 수 없습니다.
[2018.12.04-08.15.04:059][336]LoadErrors: 로드에 실패했습니다. /Game/MobileStarterContent/Textures/T_Wood_Floor_Walnut_D.T_Wood_Floor_Walnut_D 레퍼런싱한 것: MaterialExpressionTextureSample_0
[2018.12.04-08.15.04:059][336]LogLinker: Warning: NULL 로드중 '/Game/MobileStarterContent/Textures/T_Wood_Floor_Walnut_D' 애셋에 대한 파일을 찾을 수 없습니다.
[2018.12.04-08.15.04:059][336]LogLinker: Warning: '/Game/MobileStarterContent/Textures/T_Wood_Floor_Walnut_N' 파일을 찾을 수 없습니다.
[2018.12.04-08.15.04:059][336]LoadErrors: 로드에 실패했습니다. /Game/MobileStarterContent/Textures/T_Wood_Floor_Walnut_N.T_Wood_Floor_Walnut_N 레퍼런싱한 것: MaterialExpressionTextureSample_1
[2018.12.04-08.15.04:059][336]LogLinker: Warning: NULL 로드중 '/Game/MobileStarterContent/Textures/T_Wood_Floor_Walnut_N' 애셋에 대한 파일을 찾을 수 없습니다.
[2018.12.04-08.15.04:059][336]LogLinker: Warning: '/Game/MobileStarterContent/Textures/T_Wood_Floor_Walnut_M' 파일을 찾을 수 없습니다.
[2018.12.04-08.15.04:059][336]LoadErrors: 로드에 실패했습니다. /Game/MobileStarterContent/Textures/T_Wood_Floor_Walnut_M.T_Wood_Floor_Walnut_M 레퍼런싱한 것: MaterialExpressionTextureSample_2
[2018.12.04-08.15.04:059][336]LogLinker: Warning: NULL 로드중 '/Game/MobileStarterContent/Textures/T_Wood_Floor_Walnut_M' 애셋에 대한 파일을 찾을 수 없습니다.
[2018.12.04-08.15.04:062][336]LogMaterial: Display: Missing cached shader map for material M_Wood_Floor_Walnut_Polished, compiling. 
[2018.12.04-08.15.04:062][336]LogMaterial: Warning: D:\Users\VRAR EC-Lab 03\Documents\Unreal Project\ExpeditionVR\Content\Materials\M_Wood_Floor_Walnut_Polished.uasset: Failed to compile Material for platform PCD3D_SM5, Default Material will be used in game.
[2018.12.04-08.15.04:062][336]LogMaterial: 	(Node TextureSample) Texture Sample> Missing input texture
[2018.12.04-08.15.04:062][336]LogMaterial: 	(Node TextureSample) Alpha is Cavity Mask> Missing input texture
[2018.12.04-08.15.04:062][336]LogMaterial: 	(Node TextureSample) Alpha is AO> Missing input texture
[2018.12.04-08.15.17:019][842]LogLinker: Warning: '/Game/MobileStarterContent/Textures/T_Wood_Floor_Walnut_D' 파일을 찾을 수 없습니다.
[2018.12.04-08.15.17:019][842]LogLinker: Warning: ../../../../../../Users/VRAR EC-Lab 03/Documents/Unreal Project/ExpeditionVR/Content/Materials/M_Wood_Floor_Walnut_Worn.uasset 로드중 '/Game/MobileStarterContent/Textures/T_Wood_Floor_Walnut_D' 애셋에 대한 파일을 찾을 수 없습니다.
[2018.12.04-08.15.17:020][842]LoadErrors: Error: /Game/Materials/M_Wood_Floor_Walnut_Worn : 애셋에 대한 파일을 찾을 수 없습니다. /Game/MobileStarterContent/Textures/T_Wood_Floor_Walnut_D
[2018.12.04-08.15.17:020][842]LogLinker: Warning: '/Game/MobileStarterContent/Textures/T_Wood_Floor_Walnut_M' 파일을 찾을 수 없습니다.
[2018.12.04-08.15.17:020][842]LogLinker: Warning: ../../../../../../Users/VRAR EC-Lab 03/Documents/Unreal Project/ExpeditionVR/Content/Materials/M_Wood_Floor_Walnut_Worn.uasset 로드중 '/Game/MobileStarterContent/Textures/T_Wood_Floor_Walnut_M' 애셋에 대한 파일을 찾을 수 없습니다.
[2018.12.04-08.15.17:020][842]LoadErrors: Error: /Game/Materials/M_Wood_Floor_Walnut_Worn : 애셋에 대한 파일을 찾을 수 없습니다. /Game/MobileStarterContent/Textures/T_Wood_Floor_Walnut_M
[2018.12.04-08.15.17:020][842]LogLinker: Warning: '/Game/MobileStarterContent/Textures/T_Wood_Floor_Walnut_N' 파일을 찾을 수 없습니다.
[2018.12.04-08.15.17:020][842]LogLinker: Warning: ../../../../../../Users/VRAR EC-Lab 03/Documents/Unreal Project/ExpeditionVR/Content/Materials/M_Wood_Floor_Walnut_Worn.uasset 로드중 '/Game/MobileStarterContent/Textures/T_Wood_Floor_Walnut_N' 애셋에 대한 파일을 찾을 수 없습니다.
[2018.12.04-08.15.17:020][842]LoadErrors: Error: /Game/Materials/M_Wood_Floor_Walnut_Worn : 애셋에 대한 파일을 찾을 수 없습니다. /Game/MobileStarterContent/Textures/T_Wood_Floor_Walnut_N
[2018.12.04-08.15.17:020][842]LogLinker: Warning: '/Game/MobileStarterContent/Textures/T_Wood_Floor_Walnut_D' 파일을 찾을 수 없습니다.
[2018.12.04-08.15.17:020][842]LogLinker: Warning: ../../../../../../Users/VRAR EC-Lab 03/Documents/Unreal Project/ExpeditionVR/Content/Materials/M_Wood_Floor_Walnut_Worn.uasset 로드중 '/Game/MobileStarterContent/Textures/T_Wood_Floor_Walnut_D' 애셋에 대한 파일을 찾을 수 없습니다.
[2018.12.04-08.15.17:020][842]LogLinker: Warning: '/Game/MobileStarterContent/Textures/T_Wood_Floor_Walnut_M' 파일을 찾을 수 없습니다.
[2018.12.04-08.15.17:020][842]LogLinker: Warning: ../../../../../../Users/VRAR EC-Lab 03/Documents/Unreal Project/ExpeditionVR/Content/Materials/M_Wood_Floor_Walnut_Worn.uasset 로드중 '/Game/MobileStarterContent/Textures/T_Wood_Floor_Walnut_M' 애셋에 대한 파일을 찾을 수 없습니다.
[2018.12.04-08.15.17:020][842]LogLinker: Warning: '/Game/MobileStarterContent/Textures/T_Wood_Floor_Walnut_N' 파일을 찾을 수 없습니다.
[2018.12.04-08.15.17:021][842]LogLinker: Warning: ../../../../../../Users/VRAR EC-Lab 03/Documents/Unreal Project/ExpeditionVR/Content/Materials/M_Wood_Floor_Walnut_Worn.uasset 로드중 '/Game/MobileStarterContent/Textures/T_Wood_Floor_Walnut_N' 애셋에 대한 파일을 찾을 수 없습니다.
[2018.12.04-08.15.17:021][842]LogLinker: Warning: '/Game/MobileStarterContent/Textures/T_Wood_Floor_Walnut_D' 파일을 찾을 수 없습니다.
[2018.12.04-08.15.17:021][842]LogLinker: Warning: NULL 로드중 '/Game/MobileStarterContent/Textures/T_Wood_Floor_Walnut_D' 애셋에 대한 파일을 찾을 수 없습니다.
[2018.12.04-08.15.17:021][842]LogLinker: Warning: '/Game/MobileStarterContent/Textures/T_Wood_Floor_Walnut_N' 파일을 찾을 수 없습니다.
[2018.12.04-08.15.17:021][842]LogLinker: Warning: NULL 로드중 '/Game/MobileStarterContent/Textures/T_Wood_Floor_Walnut_N' 애셋에 대한 파일을 찾을 수 없습니다.
[2018.12.04-08.15.17:022][842]LogLinker: Warning: '/Game/MobileStarterContent/Textures/T_Wood_Floor_Walnut_M' 파일을 찾을 수 없습니다.
[2018.12.04-08.15.17:022][842]LogLinker: Warning: NULL 로드중 '/Game/MobileStarterContent/Textures/T_Wood_Floor_Walnut_M' 애셋에 대한 파일을 찾을 수 없습니다.
[2018.12.04-08.15.17:023][842]LogMaterial: Display: Missing cached shader map for material M_Wood_Floor_Walnut_Worn, compiling. 
[2018.12.04-08.15.17:024][842]LogMaterial: Warning: D:\Users\VRAR EC-Lab 03\Documents\Unreal Project\ExpeditionVR\Content\Materials\M_Wood_Floor_Walnut_Worn.uasset: Failed to compile Material for platform PCD3D_SM5, Default Material will be used in game.
[2018.12.04-08.15.17:024][842]LogMaterial: 	(Node TextureSample) Texture Sample> Missing input texture
[2018.12.04-08.15.17:024][842]LogMaterial: 	(Node TextureSample) Alpha is Cavity Mask> Missing input texture
[2018.12.04-08.15.17:024][842]LogMaterial: 	(Node TextureSample) Alpha is AO> Missing input texture
[2018.12.04-08.15.17:033][842]LogAssetEditorManager: Opening Asset editor for Material /Game/Materials/M_Wood_Floor_Walnut_Worn.M_Wood_Floor_Walnut_Worn
[2018.12.04-08.15.17:035][842]LogMaterial: Display: Missing cached shader map for material M_Wood_Floor_Walnut_Worn, compiling. 
[2018.12.04-08.15.17:035][842]LogMaterial: Warning: /Engine/Transient.M_Wood_Floor_Walnut_Worn (no disk path found): Failed to compile Material for platform PCD3D_SM5, Default Material will be used in game.
[2018.12.04-08.15.17:035][842]LogMaterial: 	(Node TextureSample) Texture Sample> Missing input texture
[2018.12.04-08.15.17:035][842]LogMaterial: 	(Node TextureSample) Alpha is Cavity Mask> Missing input texture
[2018.12.04-08.15.17:035][842]LogMaterial: 	(Node TextureSample) Alpha is AO> Missing input texture
[2018.12.04-08.15.17:107][842]LogMaterial: Display: Missing cached shader map for material M_Wood_Floor_Walnut_Worn, compiling. 
[2018.12.04-08.15.17:107][842]LogMaterial: Warning: /Engine/Transient.M_Wood_Floor_Walnut_Worn (no disk path found): Failed to compile Material for platform PCD3D_SM5, Default Material will be used in game.
[2018.12.04-08.15.17:107][842]LogMaterial: 	(Node TextureSample) Texture Sample> Missing input texture
[2018.12.04-08.15.17:107][842]LogMaterial: 	(Node TextureSample) Alpha is Cavity Mask> Missing input texture
[2018.12.04-08.15.17:107][842]LogMaterial: 	(Node TextureSample) Alpha is AO> Missing input texture
[2018.12.04-08.15.17:109][842]LogMaterial: Display: Missing cached shader map for material M_Wood_Floor_Walnut_Worn, compiling. 
[2018.12.04-08.15.17:110][842]LogMaterial: Warning: /Engine/Transient.M_Wood_Floor_Walnut_Worn (no disk path found): Failed to compile Material for platform PCD3D_SM5, Default Material will be used in game.
[2018.12.04-08.15.17:110][842]LogMaterial: 	(Node TextureSample) Texture Sample> Missing input texture
[2018.12.04-08.15.17:110][842]LogMaterial: 	(Node TextureSample) Alpha is Cavity Mask> Missing input texture
[2018.12.04-08.15.17:110][842]LogMaterial: 	(Node TextureSample) Alpha is AO> Missing input texture
[2018.12.04-08.15.17:138][842]LogMaterial: Display: Missing cached shader map for material FMatExpressionPreview MaterialExpressionTextureSample_0, compiling. 
[2018.12.04-08.15.17:140][842]LogMaterial: Display: Missing cached shader map for material FMatExpressionPreview MaterialExpressionTextureSample_1, compiling. 
[2018.12.04-08.15.17:141][842]LogMaterial: Display: Missing cached shader map for material FMatExpressionPreview MaterialExpressionTextureSample_2, compiling. 
[2018.12.04-08.15.17:171][842]MaterialEditorStats: Error: [SM5] (Node TextureSample) Texture Sample> Missing input texture
[2018.12.04-08.15.17:171][842]MaterialEditorStats: Error: [SM5] (Node TextureSample) Alpha is Cavity Mask> Missing input texture
[2018.12.04-08.15.17:172][842]MaterialEditorStats: Error: [SM5] (Node TextureSample) Alpha is AO> Missing input texture
[2018.12.04-08.15.17:182][842]LogSlate: Took 0.006948 seconds to synchronously load lazily loaded font '../../../Engine/Content/Slate/Fonts/Roboto-BoldCondensed.ttf' (158K)
[2018.12.04-08.15.46:573][360]LogSlate: Window 'M_Wood_Floor_Walnut_Worn' being destroyed
[2018.12.04-08.15.46:574][360]LogSlate: Window 'M_Wood_Floor_Walnut_Worn' being destroyed
[2018.12.04-08.15.56:834][360]LogSlate: Window '콘텐츠 저장' being destroyed
[2018.12.04-08.15.56:912][360]LogSlate: Window 'ExpeditionVR - 언리얼 에디터' being destroyed
[2018.12.04-08.15.57:121][361]Cmd: QUIT_EDITOR
[2018.12.04-08.15.57:143][361]LogWindowsTextInputMethodSystem: Display: IME system now activated using TSF (Microsoft 입력기).
[2018.12.04-08.15.57:153][361]LogExit: Preparing to exit.
[2018.12.04-08.15.57:432][361]LogExit: Editor shut down
[2018.12.04-08.15.57:432][361]LogExit: Transaction tracking system shut down
[2018.12.04-08.15.58:013][361]LogExit: Object subsystem successfully closed.
[2018.12.04-08.15.58:037][361]LogShaderCompilers: Display: Shaders left to compile 0
[2018.12.04-08.15.58:040][361]LogD3D11RHI: Shutdown
[2018.12.04-08.15.58:040][361]LogD3D11RHI: CleanupD3DDevice
[2018.12.04-08.15.58:041][361]LogD3D11RHI: ~FD3D11DynamicRHI
[2018.12.04-08.15.58:049][361]LogModuleManager: Shutting down and abandoning module StaticMeshEditor (614)
[2018.12.04-08.15.58:049][361]LogModuleManager: Shutting down and abandoning module HierarchicalLODOutliner (612)
[2018.12.04-08.15.58:049][361]LogModuleManager: Shutting down and abandoning module SceneOutliner (610)
[2018.12.04-08.15.58:049][361]LogModuleManager: Shutting down and abandoning module AddContentDialog (608)
[2018.12.04-08.15.58:049][361]LogModuleManager: Shutting down and abandoning module WidgetCarousel (607)
[2018.12.04-08.15.58:049][361]LogModuleManager: Shutting down and abandoning module EditorWidgets (604)
[2018.12.04-08.15.58:049][361]LogModuleManager: Shutting down and abandoning module CollectionManager (602)
[2018.12.04-08.15.58:049][361]LogModuleManager: Shutting down and abandoning module HierarchicalLODUtilities (600)
[2018.12.04-08.15.58:049][361]LogModuleManager: Shutting down and abandoning module StatsViewer (598)
[2018.12.04-08.15.58:049][361]LogModuleManager: Shutting down and abandoning module FoliageEdit (596)
[2018.12.04-08.15.58:049][361]LogModuleManager: Shutting down and abandoning module LandscapeEditor (594)
[2018.12.04-08.15.58:049][361]LogModuleManager: Shutting down and abandoning module MeshPaintMode (592)
[2018.12.04-08.15.58:049][361]LogModuleManager: Shutting down and abandoning module SceneDepthPickerMode (590)
[2018.12.04-08.15.58:049][361]LogModuleManager: Shutting down and abandoning module ActorPickerMode (588)
[2018.12.04-08.15.58:049][361]LogModuleManager: Shutting down and abandoning module GeometryMode (586)
[2018.12.04-08.15.58:049][361]LogModuleManager: Shutting down and abandoning module TextureAlignMode (584)
[2018.12.04-08.15.58:049][361]LogModuleManager: Shutting down and abandoning module BspMode (582)
[2018.12.04-08.15.58:049][361]LogModuleManager: Shutting down and abandoning module PIEPreviewDeviceProfileSelector (580)
[2018.12.04-08.15.58:049][361]LogModuleManager: Shutting down and abandoning module SequenceRecorderSections (578)
[2018.12.04-08.15.58:049][361]LogModuleManager: Shutting down and abandoning module AutomationWorker (576)
[2018.12.04-08.15.58:050][361]LogModuleManager: Shutting down and abandoning module AudioCaptureEditor (574)
[2018.12.04-08.15.58:050][361]LogModuleManager: Shutting down and abandoning module SequenceRecorder (573)
[2018.12.04-08.15.58:050][361]LogModuleManager: Shutting down and abandoning module MatineeToLevelSequence (570)
[2018.12.04-08.15.58:050][361]LogModuleManager: Shutting down and abandoning module LevelSequenceEditor (568)
[2018.12.04-08.15.58:050][361]LogModuleManager: Shutting down and abandoning module PlacementMode (567)
[2018.12.04-08.15.58:050][361]LogModuleManager: Shutting down and abandoning module MaterialEditor (566)
[2018.12.04-08.15.58:050][361]LogModuleManager: Shutting down and abandoning module WmfMediaFactory (562)
[2018.12.04-08.15.58:050][361]LogModuleManager: Shutting down and abandoning module WmfMediaEditor (560)
[2018.12.04-08.15.58:050][361]LogModuleManager: Shutting down and abandoning module MediaPlayerEditor (558)
[2018.12.04-08.15.58:050][361]LogModuleManager: Shutting down and abandoning module OpenExrWrapper (556)
[2018.12.04-08.15.58:050][361]LogModuleManager: Shutting down and abandoning module ImgMediaFactory (554)
[2018.12.04-08.15.58:050][361]LogModuleManager: Shutting down and abandoning module ImgMediaEditor (552)
[2018.12.04-08.15.58:050][361]LogModuleManager: Shutting down and abandoning module AvfMediaFactory (550)
[2018.12.04-08.15.58:050][361]LogModuleManager: Shutting down and abandoning module AvfMediaEditor (548)
[2018.12.04-08.15.58:050][361]LogModuleManager: Shutting down and abandoning module AndroidMediaFactory (546)
[2018.12.04-08.15.58:050][361]LogModuleManager: Shutting down and abandoning module AndroidMediaEditor (544)
[2018.12.04-08.15.58:050][361]LogModuleManager: Shutting down and abandoning module MagicLeapCameraPreviewFactory (542)
[2018.12.04-08.15.58:050][361]LogModuleManager: Shutting down and abandoning module MagicLeapMediaFactory (540)
[2018.12.04-08.15.58:050][361]LogModuleManager: Shutting down and abandoning module MagicLeapMediaEditor (538)
[2018.12.04-08.15.58:050][361]LogModuleManager: Shutting down and abandoning module CharacterAI (536)
[2018.12.04-08.15.58:050][361]LogModuleManager: Shutting down and abandoning module SmartSnapping (534)
[2018.12.04-08.15.58:050][361]LogModuleManager: Shutting down and abandoning module SessionServices (532)
[2018.12.04-08.15.58:050][361]LogModuleManager: Shutting down and abandoning module ViewportSnapping (530)
[2018.12.04-08.15.58:050][361]LogModuleManager: Shutting down and abandoning module ViewportInteraction (528)
[2018.12.04-08.15.58:050][361]LogModuleManager: Shutting down and abandoning module ClothPainter (526)
[2018.12.04-08.15.58:050][361]LogModuleManager: Shutting down and abandoning module SkeletalMeshEditor (525)
[2018.12.04-08.15.58:050][361]LogModuleManager: Shutting down and abandoning module LogVisualizer (522)
[2018.12.04-08.15.58:050][361]LogModuleManager: Shutting down and abandoning module IntroTutorials (520)
[2018.12.04-08.15.58:050][361]LogModuleManager: Shutting down and abandoning module GameProjectGeneration (519)
[2018.12.04-08.15.58:050][361]LogModuleManager: Shutting down and abandoning module LuminPlatformEditor (516)
[2018.12.04-08.15.58:050][361]LogModuleManager: Shutting down and abandoning module IOSPlatformEditor (514)
[2018.12.04-08.15.58:050][361]LogModuleManager: Shutting down and abandoning module HTML5PlatformEditor (512)
[2018.12.04-08.15.58:050][361]LogModuleManager: Shutting down and abandoning module AndroidPlatformEditor (510)
[2018.12.04-08.15.58:050][361]LogModuleManager: Shutting down and abandoning module AndroidDeviceDetection (509)
[2018.12.04-08.15.58:213][361]LogModuleManager: Shutting down and abandoning module WindowsPlatformEditor (506)
[2018.12.04-08.15.58:213][361]LogModuleManager: Shutting down and abandoning module LuminRuntimeSettings (504)
[2018.12.04-08.15.58:213][361]LogModuleManager: Shutting down and abandoning module IOSRuntimeSettings (502)
[2018.12.04-08.15.58:213][361]LogModuleManager: Shutting down and abandoning module AndroidRuntimeSettings (500)
[2018.12.04-08.15.58:213][361]LogModuleManager: Shutting down and abandoning module InputBindingEditor (498)
[2018.12.04-08.15.58:213][361]LogModuleManager: Shutting down and abandoning module MergeActors (496)
[2018.12.04-08.15.58:213][361]LogModuleManager: Shutting down and abandoning module LocalizationDashboard (494)
[2018.12.04-08.15.58:213][361]LogModuleManager: Shutting down and abandoning module LocalizationService (493)
[2018.12.04-08.15.58:214][361]LogModuleManager: Shutting down and abandoning module HardwareTargeting (490)
[2018.12.04-08.15.58:214][361]LogModuleManager: Shutting down and abandoning module DeviceProfileEditor (488)
[2018.12.04-08.15.58:214][361]LogModuleManager: Shutting down and abandoning module UndoHistory (486)
[2018.12.04-08.15.58:214][361]LogModuleManager: Shutting down and abandoning module XmlParser (484)
[2018.12.04-08.15.58:214][361]LogModuleManager: Shutting down and abandoning module Blutility (482)
[2018.12.04-08.15.58:214][361]LogModuleManager: Shutting down and abandoning module ProjectSettingsViewer (480)
[2018.12.04-08.15.58:214][361]LogModuleManager: Shutting down and abandoning module ProjectTargetPlatformEditor (479)
[2018.12.04-08.15.58:214][361]LogModuleManager: Shutting down and abandoning module EditorSettingsViewer (476)
[2018.12.04-08.15.58:214][361]LogModuleManager: Shutting down and abandoning module SettingsEditor (474)
[2018.12.04-08.15.58:214][361]LogModuleManager: Shutting down and abandoning module ProjectLauncher (472)
[2018.12.04-08.15.58:214][361]LogModuleManager: Shutting down and abandoning module SessionFrontend (470)
[2018.12.04-08.15.58:214][361]LogModuleManager: Shutting down and abandoning module ProfilerClient (468)
[2018.12.04-08.15.58:214][361]LogModuleManager: Shutting down and abandoning module DeviceManager (466)
[2018.12.04-08.15.58:214][361]LogModuleManager: Shutting down and abandoning module TargetDeviceServices (465)
[2018.12.04-08.15.58:266][361]LogModuleManager: Shutting down and abandoning module AutomationController (462)
[2018.12.04-08.15.58:266][361]LogModuleManager: Shutting down and abandoning module AutomationWindow (460)
[2018.12.04-08.15.58:266][361]LogModuleManager: Shutting down and abandoning module Layers (458)
[2018.12.04-08.15.58:266][361]LogModuleManager: Shutting down and abandoning module ComponentVisualizers (456)
[2018.12.04-08.15.58:266][361]LogModuleManager: Shutting down and abandoning module DetailCustomizations (454)
[2018.12.04-08.15.58:266][361]LogModuleManager: Shutting down and abandoning module PackagesDialog (452)
[2018.12.04-08.15.58:266][361]LogModuleManager: Shutting down and abandoning module Persona (450)
[2018.12.04-08.15.58:266][361]LogModuleManager: Shutting down and abandoning module AdvancedPreviewScene (449)
[2018.12.04-08.15.58:266][361]LogModuleManager: Shutting down and abandoning module AnimGraph (447)
[2018.12.04-08.15.58:266][361]LogModuleManager: Shutting down and abandoning module Kismet (444)
[2018.12.04-08.15.58:266][361]LogModuleManager: Shutting down and abandoning module GraphEditor (442)
[2018.12.04-08.15.58:266][361]LogModuleManager: Shutting down and abandoning module ClassViewer (440)
[2018.12.04-08.15.58:266][361]LogModuleManager: Shutting down and abandoning module Toolbox (438)
[2018.12.04-08.15.58:266][361]LogModuleManager: Shutting down and abandoning module ModuleUI (436)
[2018.12.04-08.15.58:266][361]LogModuleManager: Shutting down and abandoning module MovieSceneTools (434)
[2018.12.04-08.15.58:266][361]LogModuleManager: Shutting down and abandoning module OutputLog (432)
[2018.12.04-08.15.58:267][361]LogModuleManager: Shutting down and abandoning module GammaUI (430)
[2018.12.04-08.15.58:267][361]LogModuleManager: Shutting down and abandoning module Documentation (428)
[2018.12.04-08.15.58:267][361]LogModuleManager: Shutting down and abandoning module MovieSceneTracks (426)
[2018.12.04-08.15.58:267][361]LogModuleManager: Shutting down and abandoning module MovieScene (424)
[2018.12.04-08.15.58:267][361]LogModuleManager: Shutting down and abandoning module StreamingPauseRendering (422)
[2018.12.04-08.15.58:267][361]LogModuleManager: Shutting down and abandoning module LauncherPlatform (420)
[2018.12.04-08.15.58:267][361]LogModuleManager: Shutting down and abandoning module AnalyticsET (418)
[2018.12.04-08.15.58:267][361]LogModuleManager: Shutting down and abandoning module PortalServices (416)
[2018.12.04-08.15.58:267][361]LogModuleManager: Shutting down and abandoning module PortalRpc (414)
[2018.12.04-08.15.58:267][361]LogModuleManager: Shutting down and abandoning module MessagingRpc (412)
[2018.12.04-08.15.58:267][361]LogModuleManager: Shutting down and abandoning module AIModule (410)
[2018.12.04-08.15.58:267][361]LogModuleManager: Shutting down and abandoning module GameplayDebugger (409)
[2018.12.04-08.15.58:267][361]LogModuleManager: Shutting down and abandoning module AITestSuite (407)
[2018.12.04-08.15.58:267][361]LogModuleManager: Shutting down and abandoning module NavigationSystem (405)
[2018.12.04-08.15.58:267][361]LogModuleManager: Shutting down and abandoning module DesktopPlatform (402)
[2018.12.04-08.15.58:267][361]LogModuleManager: Shutting down and abandoning module ProfilerService (400)
[2018.12.04-08.15.58:294][361]LogModuleManager: Shutting down and abandoning module TaskGraph (398)
[2018.12.04-08.15.58:294][361]LogModuleManager: Shutting down and abandoning module SteamVRController (396)
[2018.12.04-08.15.58:294][361]LogModuleManager: Shutting down and abandoning module ProceduralMeshComponentEditor (394)
[2018.12.04-08.15.58:294][361]LogModuleManager: Shutting down and abandoning module ProceduralMeshComponent (392)
[2018.12.04-08.15.58:294][361]LogModuleManager: Shutting down and abandoning module OculusInput (390)
[2018.12.04-08.15.58:294][361]LogModuleManager: Shutting down and abandoning module MobilePatchingUtils (388)
[2018.12.04-08.15.58:294][361]LogModuleManager: Shutting down and abandoning module EditableMesh (386)
[2018.12.04-08.15.58:294][361]LogModuleManager: Shutting down and abandoning module CustomMeshComponent (384)
[2018.12.04-08.15.58:294][361]LogModuleManager: Shutting down and abandoning module CableComponent (382)
[2018.12.04-08.15.58:294][361]LogModuleManager: Shutting down and abandoning module AudioCapture (380)
[2018.12.04-08.15.58:294][361]LogModuleManager: Shutting down and abandoning module ArchVisCharacter (378)
[2018.12.04-08.15.58:294][361]LogModuleManager: Shutting down and abandoning module AndroidPermission (376)
[2018.12.04-08.15.58:294][361]LogModuleManager: Shutting down and abandoning module NUTUnrealEngine4 (374)
[2018.12.04-08.15.58:294][361]LogModuleManager: Shutting down and abandoning module NetcodeUnitTest (372)
[2018.12.04-08.15.58:294][361]LogModuleManager: Shutting down and abandoning module MediaCompositingEditor (370)
[2018.12.04-08.15.58:294][361]LogModuleManager: Shutting down and abandoning module MediaCompositing (368)
[2018.12.04-08.15.58:294][361]LogModuleManager: Shutting down and abandoning module LinearTimecode (366)
[2018.12.04-08.15.58:294][361]LogModuleManager: Shutting down and abandoning module ImgMedia (364)
[2018.12.04-08.15.58:297][361]LogModuleManager: Shutting down and abandoning module HTML5Networking (362)
[2018.12.04-08.15.58:297][361]LogModuleManager: Shutting down and abandoning module GeometryCacheTracks (360)
[2018.12.04-08.15.58:297][361]LogModuleManager: Shutting down and abandoning module GeometryCacheSequencer (358)
[2018.12.04-08.15.58:297][361]LogModuleManager: Shutting down and abandoning module BackChannel (356)
[2018.12.04-08.15.58:297][361]LogModuleManager: Shutting down and abandoning module AppleVision (354)
[2018.12.04-08.15.58:297][361]LogModuleManager: Shutting down and abandoning module AppleImageUtils (352)
[2018.12.04-08.15.58:297][361]LogModuleManager: Shutting down and abandoning module AlembicImporter (350)
[2018.12.04-08.15.58:297][361]LogModuleManager: Shutting down and abandoning module AlembicLibrary (349)
[2018.12.04-08.15.58:297][361]LogModuleManager: Shutting down and abandoning module GeometryCache (348)
[2018.12.04-08.15.58:297][361]LogModuleManager: Shutting down and abandoning module GeometryCacheEd (347)
[2018.12.04-08.15.58:297][361]LogModuleManager: Shutting down and abandoning module DatasmithContentEditor (342)
[2018.12.04-08.15.58:297][361]LogModuleManager: Shutting down and abandoning module DatasmithContent (340)
[2018.12.04-08.15.58:298][361]LogModuleManager: Shutting down and abandoning module SpeedTreeImporter (338)
[2018.12.04-08.15.58:298][361]LogModuleManager: Shutting down and abandoning module PluginBrowser (336)
[2018.12.04-08.15.58:298][361]LogModuleManager: Shutting down and abandoning module MobileLauncherProfileWizard (334)
[2018.12.04-08.15.58:298][361]LogModuleManager: Shutting down and abandoning module PolygonModeling (332)
[2018.12.04-08.15.58:298][361]LogModuleManager: Shutting down and abandoning module MeshEditor (330)
[2018.12.04-08.15.58:298][361]LogModuleManager: Shutting down and abandoning module CryptoKeysOpenSSL (328)
[2018.12.04-08.15.58:298][361]LogModuleManager: Shutting down and abandoning module CryptoKeys (326)
[2018.12.04-08.15.58:298][361]LogModuleManager: Shutting down and abandoning module VisualStudioSourceCodeAccess (324)
[2018.12.04-08.15.58:298][361]LogModuleManager: Shutting down and abandoning module VisualStudioCodeSourceCodeAccess (322)
[2018.12.04-08.15.58:298][361]LogModuleManager: Shutting down and abandoning module UObjectPlugin (320)
[2018.12.04-08.15.58:298][361]LogModuleManager: Shutting down and abandoning module SubversionSourceControl (318)
[2018.12.04-08.15.58:298][361]LogModuleManager: Shutting down and abandoning module PerforceSourceControl (316)
[2018.12.04-08.15.58:298][361]LogModuleManager: Shutting down and abandoning module GitSourceControl (314)
[2018.12.04-08.15.58:298][361]LogModuleManager: Shutting down and abandoning module SourceControl (313)
[2018.12.04-08.15.58:298][361]LogModuleManager: Shutting down and abandoning module CLionSourceCodeAccess (310)
[2018.12.04-08.15.58:298][361]LogModuleManager: Shutting down and abandoning module LightPropagationVolumeEditor (308)
[2018.12.04-08.15.58:298][361]LogModuleManager: Shutting down and abandoning module PaperTiledImporter (306)
[2018.12.04-08.15.58:298][361]LogModuleManager: Shutting down and abandoning module PaperSpriteSheetImporter (304)
[2018.12.04-08.15.58:298][361]LogModuleManager: Shutting down and abandoning module Paper2DEditor (302)
[2018.12.04-08.15.58:298][361]LogModuleManager: Shutting down and abandoning module MeshPaint (301)
[2018.12.04-08.15.58:298][361]LogModuleManager: Shutting down and abandoning module RuntimePhysXCooking (298)
[2018.12.04-08.15.58:298][361]LogModuleManager: Shutting down and abandoning module PhysXVehiclesEditor (296)
[2018.12.04-08.15.58:298][361]LogModuleManager: Shutting down and abandoning module PhysXVehicles (294)
[2018.12.04-08.15.58:298][361]LogModuleManager: Shutting down and abandoning module OculusEditor (292)
[2018.12.04-08.15.58:298][361]LogModuleManager: Shutting down and abandoning module LocationServicesBPLibrary (290)
[2018.12.04-08.15.58:298][361]LogModuleManager: Shutting down and abandoning module ImmediatePhysicsEditor (288)
[2018.12.04-08.15.58:298][361]LogModuleManager: Shutting down and abandoning module ImmediatePhysics (286)
[2018.12.04-08.15.58:298][361]LogModuleManager: Shutting down and abandoning module ActorSequence (284)
[2018.12.04-08.15.58:298][361]LogModuleManager: Shutting down and abandoning module UdpMessaging (282)
[2018.12.04-08.15.58:399][361]LogModuleManager: Shutting down and abandoning module TcpMessaging (280)
[2018.12.04-08.15.58:500][361]LogModuleManager: Shutting down and abandoning module MagicLeapAudio (278)
[2018.12.04-08.15.58:500][361]LogModuleManager: Shutting down and abandoning module GameplayTagsEditor (276)
[2018.12.04-08.15.58:500][361]LogModuleManager: Shutting down and abandoning module FacialAnimationEditor (274)
[2018.12.04-08.15.58:500][361]LogModuleManager: Shutting down and abandoning module FacialAnimation (272)
[2018.12.04-08.15.58:500][361]LogModuleManager: Shutting down and abandoning module DataValidation (270)
[2018.12.04-08.15.58:500][361]LogModuleManager: Shutting down and abandoning module AssetManagerEditor (268)
[2018.12.04-08.15.58:500][361]LogModuleManager: Shutting down and abandoning module LevelEditor (267)
[2018.12.04-08.15.58:500][361]LogModuleManager: Shutting down and abandoning module PixelInspectorModule (266)
[2018.12.04-08.15.58:500][361]LogModuleManager: Shutting down and abandoning module CommonMenuExtensions (264)
[2018.12.04-08.15.58:500][361]LogModuleManager: Shutting down and abandoning module MainFrame (262)
[2018.12.04-08.15.58:500][361]LogModuleManager: Shutting down and abandoning module HotReload (261)
[2018.12.04-08.15.58:500][361]LogModuleManager: Shutting down and abandoning module ContentBrowser (257)
[2018.12.04-08.15.58:500][361]LogModuleManager: Shutting down and abandoning module TreeMap (255)
[2018.12.04-08.15.58:500][361]LogModuleManager: Shutting down and abandoning module LightPropagationVolumeRuntime (252)
[2018.12.04-08.15.58:500][361]LogModuleManager: Shutting down and abandoning module AISupportModule (250)
[2018.12.04-08.15.58:501][361]LogModuleManager: Shutting down and abandoning module Paper2D (248)
[2018.12.04-08.15.58:501][361]LogModuleManager: Shutting down and abandoning module WindowsMoviePlayer (246)
[2018.12.04-08.15.58:501][361]LogModuleManager: Shutting down and abandoning module WmfMedia (244)
[2018.12.04-08.15.58:502][361]LogModuleManager: Shutting down and abandoning module Media (243)
[2018.12.04-08.15.58:509][361]LogModuleManager: Shutting down and abandoning module PacketHandler (240)
[2018.12.04-08.15.58:509][361]LogModuleManager: Shutting down and abandoning module ClothingSystemEditor (238)
[2018.12.04-08.15.58:509][361]LogModuleManager: Shutting down and abandoning module ClothingSystemRuntime (236)
[2018.12.04-08.15.58:509][361]LogModuleManager: Shutting down and abandoning module MediaAssets (234)
[2018.12.04-08.15.58:509][361]LogModuleManager: Shutting down and abandoning module Overlay (232)
[2018.12.04-08.15.58:509][361]LogModuleManager: Shutting down and abandoning module OverlayEditor (231)
[2018.12.04-08.15.58:509][361]LogModuleManager: Shutting down and abandoning module VREditor (228)
[2018.12.04-08.15.58:509][361]LogModuleManager: Shutting down and abandoning module StringTableEditor (226)
[2018.12.04-08.15.58:509][361]LogModuleManager: Shutting down and abandoning module GameplayTasksEditor (224)
[2018.12.04-08.15.58:509][361]LogModuleManager: Shutting down and abandoning module BehaviorTreeEditor (222)
[2018.12.04-08.15.58:509][361]LogModuleManager: Shutting down and abandoning module FunctionalTesting (220)
[2018.12.04-08.15.58:509][361]LogModuleManager: Shutting down and abandoning module CollisionAnalyzer (218)
[2018.12.04-08.15.58:509][361]LogModuleManager: Shutting down and abandoning module WorkspaceMenuStructure (217)
[2018.12.04-08.15.58:509][361]LogModuleManager: Shutting down and abandoning module UMG (214)
[2018.12.04-08.15.58:509][361]LogModuleManager: Shutting down and abandoning module UMGEditor (213)
[2018.12.04-08.15.58:509][361]LogModuleManager: Shutting down and abandoning module Sequencer (212)
[2018.12.04-08.15.58:509][361]LogModuleManager: Shutting down and abandoning module MessageLog (209)
[2018.12.04-08.15.58:510][361]LogModuleManager: Shutting down and abandoning module SlateReflector (204)
[2018.12.04-08.15.58:510][361]LogModuleManager: Shutting down and abandoning module Slate (202)
[2018.12.04-08.15.58:510][361]LogModuleManager: Shutting down and abandoning module EditorStyle (200)
[2018.12.04-08.15.58:511][361]LogModuleManager: Shutting down and abandoning module MRMesh (198)
[2018.12.04-08.15.58:511][361]LogModuleManager: Shutting down and abandoning module SourceCodeAccess (196)
[2018.12.04-08.15.58:511][361]LogModuleManager: Shutting down and abandoning module HeadMountedDisplay (194)
[2018.12.04-08.15.58:511][361]LogModuleManager: Shutting down and abandoning module XAudio2 (192)
[2018.12.04-08.15.58:511][361]LogModuleManager: Shutting down and abandoning module Networking (190)
[2018.12.04-08.15.58:511][361]LogModuleManager: Shutting down and abandoning module Core (188)
[2018.12.04-08.15.58:511][361]LogModuleManager: Shutting down and abandoning module LevelSequence (186)
[2018.12.04-08.15.58:511][361]LogModuleManager: Shutting down and abandoning module KismetCompiler (184)
[2018.12.04-08.15.58:511][361]LogModuleManager: Shutting down and abandoning module MeshUtilities (182)
[2018.12.04-08.15.58:511][361]LogModuleManager: Shutting down and abandoning module MeshMergeUtilities (181)
[2018.12.04-08.15.58:511][361]LogModuleManager: Shutting down and abandoning module MeshReductionInterface (180)
[2018.12.04-08.15.58:511][361]LogModuleManager: Shutting down and abandoning module SimplygonSwarm (179)
[2018.12.04-08.15.58:511][361]LogModuleManager: Shutting down and abandoning module ProxyLODMeshReduction (177)
[2018.12.04-08.15.58:511][361]LogModuleManager: Shutting down and abandoning module SimplygonMeshReduction (175)
[2018.12.04-08.15.58:511][361]LogModuleManager: Shutting down and abandoning module QuadricMeshReduction (173)
[2018.12.04-08.15.58:511][361]LogModuleManager: Shutting down and abandoning module MaterialBaking (169)
[2018.12.04-08.15.58:511][361]LogModuleManager: Shutting down and abandoning module DirectoryWatcher (165)
[2018.12.04-08.15.58:511][361]LogModuleManager: Shutting down and abandoning module DerivedDataCache (162)
[2018.12.04-08.15.58:562][361]LogDerivedDataCache: Shutdown
[2018.12.04-08.15.58:562][361]LogModuleManager: Shutting down and abandoning module XGEController (160)
[2018.12.04-08.15.58:562][361]LogModuleManager: Shutting down and abandoning module TargetPlatform (158)
[2018.12.04-08.15.58:562][361]LogModuleManager: Shutting down and abandoning module VulkanShaderFormat (157)
[2018.12.04-08.15.58:562][361]LogModuleManager: Shutting down and abandoning module ShaderFormatVectorVM (155)
[2018.12.04-08.15.58:562][361]LogModuleManager: Shutting down and abandoning module ShaderFormatOpenGL (153)
[2018.12.04-08.15.58:562][361]LogModuleManager: Shutting down and abandoning module ShaderFormatD3D (151)
[2018.12.04-08.15.58:562][361]LogModuleManager: Shutting down and abandoning module MetalShaderFormat (149)
[2018.12.04-08.15.58:562][361]LogModuleManager: Shutting down and abandoning module TextureFormatUncompressed (147)
[2018.12.04-08.15.58:562][361]LogModuleManager: Shutting down and abandoning module TextureFormatPVR (145)
[2018.12.04-08.15.58:562][361]LogModuleManager: Shutting down and abandoning module TextureFormatDXT (143)
[2018.12.04-08.15.58:562][361]LogModuleManager: Shutting down and abandoning module TextureFormatIntelISPCTexComp (141)
[2018.12.04-08.15.58:562][361]LogModuleManager: Shutting down and abandoning module TextureFormatASTC (139)
[2018.12.04-08.15.58:562][361]LogModuleManager: Shutting down and abandoning module ImageWrapper (138)
[2018.12.04-08.15.58:562][361]LogModuleManager: Shutting down and abandoning module TextureFormatAndroid (135)
[2018.12.04-08.15.58:562][361]LogModuleManager: Shutting down and abandoning module AudioFormatOpus (133)
[2018.12.04-08.15.58:562][361]LogModuleManager: Shutting down and abandoning module AudioFormatOgg (131)
[2018.12.04-08.15.58:562][361]LogModuleManager: Shutting down and abandoning module AudioFormatADPCM (129)
[2018.12.04-08.15.58:562][361]LogModuleManager: Shutting down and abandoning module LuminTargetPlatform (127)
[2018.12.04-08.15.58:562][361]LogModuleManager: Shutting down and abandoning module LinuxTargetPlatform (125)
[2018.12.04-08.15.58:563][361]LogModuleManager: Shutting down and abandoning module LinuxServerTargetPlatform (123)
[2018.12.04-08.15.58:563][361]LogModuleManager: Shutting down and abandoning module LinuxNoEditorTargetPlatform (121)
[2018.12.04-08.15.58:563][361]LogModuleManager: Shutting down and abandoning module LinuxClientTargetPlatform (119)
[2018.12.04-08.15.58:563][361]LogModuleManager: Shutting down and abandoning module TVOSTargetPlatform (117)
[2018.12.04-08.15.58:563][361]LogModuleManager: Shutting down and abandoning module Messaging (115)
[2018.12.04-08.15.58:563][361]LogModuleManager: Shutting down and abandoning module IOSTargetPlatform (113)
[2018.12.04-08.15.58:564][361]LogModuleManager: Shutting down and abandoning module HTML5TargetPlatform (111)
[2018.12.04-08.15.58:564][361]LogModuleManager: Shutting down and abandoning module AndroidTargetPlatform (109)
[2018.12.04-08.15.58:568][361]LogModuleManager: Shutting down and abandoning module WindowsTargetPlatform (107)
[2018.12.04-08.15.58:568][361]LogModuleManager: Shutting down and abandoning module WindowsServerTargetPlatform (105)
[2018.12.04-08.15.58:568][361]LogModuleManager: Shutting down and abandoning module WindowsNoEditorTargetPlatform (103)
[2018.12.04-08.15.58:568][361]LogModuleManager: Shutting down and abandoning module WindowsClientTargetPlatform (101)
[2018.12.04-08.15.58:568][361]LogModuleManager: Shutting down and abandoning module MacTargetPlatform (99)
[2018.12.04-08.15.58:568][361]LogModuleManager: Shutting down and abandoning module MacServerTargetPlatform (97)
[2018.12.04-08.15.58:568][361]LogModuleManager: Shutting down and abandoning module MacNoEditorTargetPlatform (95)
[2018.12.04-08.15.58:568][361]LogModuleManager: Shutting down and abandoning module MacClientTargetPlatform (93)
[2018.12.04-08.15.58:568][361]LogModuleManager: Shutting down and abandoning module AllDesktopTargetPlatform (91)
[2018.12.04-08.15.58:568][361]LogModuleManager: Shutting down and abandoning module InputCore (88)
[2018.12.04-08.15.58:568][361]LogModuleManager: Shutting down and abandoning module Settings (86)
[2018.12.04-08.15.58:568][361]LogModuleManager: Shutting down and abandoning module PhysXCooking (84)
[2018.12.04-08.15.58:568][361]LogModuleManager: Shutting down and abandoning module SteamVR (82)
[2018.12.04-08.15.58:568][361]LogModuleManager: Shutting down and abandoning module OculusHMD (80)
[2018.12.04-08.15.58:568][361]LogModuleManager: Shutting down and abandoning module ExampleDeviceProfileSelector (78)
[2018.12.04-08.15.58:568][361]LogModuleManager: Shutting down and abandoning module LauncherChunkInstaller (76)
[2018.12.04-08.15.58:568][361]LogModuleManager: Shutting down and abandoning module OnlineBlueprintSupport (74)
[2018.12.04-08.15.58:568][361]LogModuleManager: Shutting down and abandoning module OnlineSubsystem (70)
[2018.12.04-08.15.58:569][361]LogModuleManager: Shutting down and abandoning module XMPP (65)
[2018.12.04-08.15.58:569][361]LogModuleManager: Shutting down and abandoning module WebSockets (64)
[2018.12.04-08.15.58:587][361]LogModuleManager: Shutting down and abandoning module HTTP (61)
[2018.12.04-08.15.58:587][361]LogHttp: Display: Http module shutting down, but needs to wait on 1 outstanding Http requests:
[2018.12.04-08.15.58:587][361]LogHttp: Display: 	verb=[POST] url=[https://datarouter.ol.epicgames.com/datarouter/api/v1/public/data?SessionID=%7BB4163DB4-42F3-945D-C378-2AA5CA1BB7D4%7D&AppID=UEEditor.Rocket.Release&AppVersion=4.20.3-4369336%2B%2B%2BUE4%2BRelease-4.20&UserID=ae4124074c5c1f4a3de99e9e2b98b787%7Ccdf989507d0f41cba427d593263f71c3%7C140d86af-6648-48cb-bfc0-aea95a000649&AppEnvironment=datacollector-binary&UploadType=eteventstream] status=Processing
[2018.12.04-08.15.58:616][361]LogModuleManager: Shutting down and abandoning module SSL (60)
[2018.12.04-08.15.58:616][361]LogModuleManager: Shutting down and abandoning module MagicLeapEmulator (56)
[2018.12.04-08.15.58:616][361]LogModuleManager: Shutting down and abandoning module MagicLeapPrivileges (54)
[2018.12.04-08.15.58:616][361]LogModuleManager: Shutting down and abandoning module MagicLeapIdentity (52)
[2018.12.04-08.15.58:616][361]LogModuleManager: Shutting down and abandoning module MagicLeapHelperVulkan (50)
[2018.12.04-08.15.58:616][361]LogModuleManager: Shutting down and abandoning module MagicLeapHelperOpenGL (48)
[2018.12.04-08.15.58:616][361]LogModuleManager: Shutting down and abandoning module MagicLeapSecureStorage (46)
[2018.12.04-08.15.58:616][361]LogModuleManager: Shutting down and abandoning module MagicLeapGestures (44)
[2018.12.04-08.15.58:616][361]LogModuleManager: Shutting down and abandoning module MagicLeapEyeTracker (42)
[2018.12.04-08.15.58:616][361]LogModuleManager: Shutting down and abandoning module MagicLeapController (40)
[2018.12.04-08.15.58:616][361]LogSlate: Slate User Destroyed.  User Index 0, Is Virtual User: 0
[2018.12.04-08.15.58:616][361]LogModuleManager: Shutting down and abandoning module MagicLeap (38)
[2018.12.04-08.15.58:617][361]LogModuleManager: Shutting down and abandoning module AnimationModifiers (36)
[2018.12.04-08.15.58:617][361]LogModuleManager: Shutting down and abandoning module PropertyEditor (35)
[2018.12.04-08.15.58:617][361]LogModuleManager: Shutting down and abandoning module AudioEditor (32)
[2018.12.04-08.15.58:617][361]LogModuleManager: Shutting down and abandoning module TextureCompressor (30)
[2018.12.04-08.15.58:617][361]LogModuleManager: Shutting down and abandoning module ShaderCore (28)
[2018.12.04-08.15.58:617][361]LogModuleManager: Shutting down and abandoning module Landscape (26)
[2018.12.04-08.15.58:617][361]LogModuleManager: Shutting down and abandoning module SlateRHIRenderer (24)
[2018.12.04-08.15.58:618][361]LogModuleManager: Shutting down and abandoning module OpenGLDrv (22)
[2018.12.04-08.15.58:618][361]LogModuleManager: Shutting down and abandoning module D3D11RHI (20)
[2018.12.04-08.15.58:618][361]LogModuleManager: Shutting down and abandoning module AnimGraphRuntime (18)
[2018.12.04-08.15.58:618][361]LogModuleManager: Shutting down and abandoning module Renderer (16)
[2018.12.04-08.15.58:618][361]LogModuleManager: Shutting down and abandoning module Engine (14)
[2018.12.04-08.15.58:618][361]LogModuleManager: Shutting down and abandoning module CoreUObject (12)
[2018.12.04-08.15.58:618][361]LogModuleManager: Shutting down and abandoning module NetworkFile (10)
[2018.12.04-08.15.58:618][361]LogModuleManager: Shutting down and abandoning module CookedIterativeFile (8)
[2018.12.04-08.15.58:618][361]LogModuleManager: Shutting down and abandoning module StreamingFile (6)
[2018.12.04-08.15.58:618][361]LogModuleManager: Shutting down and abandoning module SandboxFile (4)
[2018.12.04-08.15.58:618][361]LogModuleManager: Shutting down and abandoning module PakFile (2)
[2018.12.04-08.15.58:626][361]LogExit: Exiting.
[2018.12.04-08.15.58:631][361]Log file closed, 12/04/18 17:15:58
