Log file open, 12/04/18 15:34:37
LogWindows: Failed to load 'aqProf.dll' (GetLastError=126)
LogWindows: File 'aqProf.dll' does not exist
LogWindows: Failed to load 'VSPerf140.dll' (GetLastError=126)
LogWindows: File 'VSPerf140.dll' does not exist
LogWindows: Failed to load 'VtuneApi.dll' (GetLastError=126)
LogWindows: File 'VtuneApi.dll' does not exist
LogWindows: Failed to load 'VtuneApi32e.dll' (GetLastError=126)
LogWindows: File 'VtuneApi32e.dll' does not exist
LogInit: Display: Running engine for game: ExpeditionVR
LogPlatformFile: Not using cached read wrapper
LogTaskGraph: Started task graph with 5 named threads and 35 total threads with 3 sets of task threads.
LogStats: Stats thread started at 0.400163
LogD3D11RHI: Loaded GFSDK_Aftermath_Lib.x64.dll
LogICUInternationalization: Display: ICU TimeZone Detection - Raw Offset: +9:00, Platform Override: ''
LogPluginManager: Mounting plugin Paper2D
LogPluginManager: Mounting plugin AISupport
LogPluginManager: Mounting plugin LightPropagationVolume
LogPluginManager: Mounting plugin CLionSourceCodeAccess
LogPluginManager: Mounting plugin CodeLiteSourceCodeAccess
LogPluginManager: Mounting plugin GitSourceControl
LogPluginManager: Mounting plugin KDevelopSourceCodeAccess
LogPluginManager: Mounting plugin NullSourceCodeAccess
LogPluginManager: Mounting plugin PerforceSourceControl
LogPluginManager: Mounting plugin SubversionSourceControl
LogPluginManager: Mounting plugin UObjectPlugin
LogPluginManager: Mounting plugin VisualStudioCodeSourceCodeAccess
LogPluginManager: Mounting plugin VisualStudioSourceCodeAccess
LogPluginManager: Mounting plugin XCodeSourceCodeAccess
LogPluginManager: Mounting plugin AssetManagerEditor
LogPluginManager: Mounting plugin CryptoKeys
LogPluginManager: Mounting plugin DataValidation
LogPluginManager: Mounting plugin FacialAnimation
LogPluginManager: Mounting plugin GameplayTagsEditor
LogPluginManager: Mounting plugin MacGraphicsSwitching
LogPluginManager: Mounting plugin MeshEditor
LogPluginManager: Mounting plugin MobileLauncherProfileWizard
LogPluginManager: Mounting plugin PluginBrowser
LogPluginManager: Mounting plugin SpeedTreeImporter
LogPluginManager: Mounting plugin DatasmithContent
LogPluginManager: Mounting plugin AlembicImporter
LogPluginManager: Mounting plugin AppleImageUtils
LogPluginManager: Mounting plugin AppleVision
LogPluginManager: Mounting plugin BackChannel
LogPluginManager: Mounting plugin CharacterAI
LogPluginManager: Mounting plugin GeometryCache
LogPluginManager: Mounting plugin HTML5Networking
LogPluginManager: Mounting plugin ProxyLODPlugin
LogPluginManager: Mounting plugin MagicLeap
LogPluginManager: Mounting plugin MagicLeapEmulator
LogPluginManager: Mounting plugin MagicLeapMedia
LogPluginManager: Mounting plugin AndroidMedia
LogPluginManager: Mounting plugin AvfMedia
LogPluginManager: Mounting plugin ImgMedia
LogPluginManager: Mounting plugin LinearTimecode
LogPluginManager: Mounting plugin MediaCompositing
LogPluginManager: Mounting plugin MediaPlayerEditor
LogPluginManager: Mounting plugin WmfMedia
LogPluginManager: Mounting plugin TcpMessaging
LogPluginManager: Mounting plugin UdpMessaging
LogPluginManager: Mounting plugin ActorSequence
LogPluginManager: Mounting plugin LevelSequenceEditor
LogPluginManager: Mounting plugin MatineeToLevelSequence
LogPluginManager: Mounting plugin NetcodeUnitTest
LogPluginManager: Mounting plugin NUTUnrealEngine4
LogPluginManager: Mounting plugin OnlineSubsystemGooglePlay
LogPluginManager: Mounting plugin OnlineSubsystemIOS
LogPluginManager: Mounting plugin OnlineSubsystem
LogPluginManager: Mounting plugin OnlineSubsystemNull
LogPluginManager: Mounting plugin OnlineSubsystemUtils
LogPluginManager: Mounting plugin LauncherChunkInstaller
LogPluginManager: Mounting plugin AndroidDeviceProfileSelector
LogPluginManager: Mounting plugin AndroidMoviePlayer
LogPluginManager: Mounting plugin AndroidPermission
LogPluginManager: Mounting plugin AppleMoviePlayer
LogPluginManager: Mounting plugin ArchVisCharacter
LogPluginManager: Mounting plugin AudioCapture
LogPluginManager: Mounting plugin CableComponent
LogPluginManager: Mounting plugin CustomMeshComponent
LogPluginManager: Mounting plugin EditableMesh
LogPluginManager: Mounting plugin ExampleDeviceProfileSelector
LogPluginManager: Mounting plugin GoogleCloudMessaging
LogPluginManager: Mounting plugin ImmediatePhysics
LogPluginManager: Mounting plugin IOSDeviceProfileSelector
LogPluginManager: Mounting plugin LinuxDeviceProfileSelector
LogPluginManager: Mounting plugin LocationServicesBPLibrary
LogPluginManager: Mounting plugin MobilePatchingUtils
LogPluginManager: Mounting plugin OculusVR
LogPluginManager: Plugin shader directory ../../../Engine/Plugins/Runtime/Oculus/OculusVR/Shaders found
LogPluginManager: Mapping shader source directory ../../../Engine/Plugins/Runtime/Oculus/OculusVR/Shaders to virtual directory /Plugin/OculusVR
LogPluginManager: Mounting plugin PhysXVehicles
LogPluginManager: Mounting plugin ProceduralMeshComponent
LogPluginManager: Mounting plugin RuntimePhysXCooking
LogPluginManager: Mounting plugin SteamVR
LogPluginManager: Mounting plugin WindowsMoviePlayer
LogStreaming: Display: Took  0.094s to configure plugins.
LogInit: Using libcurl 7.55.1-DEV
LogInit:  - built for x86_64-pc-win32
LogInit:  - supports SSL with OpenSSL/1.0.2h
LogInit:  - supports HTTP deflate (compression) using libz 1.2.8
LogInit:  - other features:
LogInit:      CURL_VERSION_SSL
LogInit:      CURL_VERSION_LIBZ
LogInit:      CURL_VERSION_IPV6
LogInit:      CURL_VERSION_ASYNCHDNS
LogInit:      CURL_VERSION_LARGEFILE
LogInit:      CURL_VERSION_IDN
LogInit:  CurlRequestOptions (configurable via config and command line):
LogInit:  - bVerifyPeer = false  - Libcurl will NOT verify peer certificate
LogInit:  - bUseHttpProxy = false  - Libcurl will NOT use HTTP proxy
LogInit:  - bDontReuseConnections = false  - Libcurl will reuse connections
LogInit:  - CertBundlePath = nullptr  - Libcurl will use whatever was configured at build time.
LogInit:  - MaxHostConnections = 16  - Libcurl will limit the number of connections to a host
LogInit:  - LocalHostAddr = Default
LogInit:  - BufferSize = 65536
LogInit: WinSock: version 1.1 (2.2), MaxSocks=32767, MaxUdp=65467
LogHMD: Failed initializing OVRPlugin 1.25.0
LogInit: Build: ++UE4+Release-4.20-CL-4369336
LogInit: Engine Version: 4.20.3-4369336+++UE4+Release-4.20
LogInit: Compatible Engine Version: 4.20.0-4212847+++UE4+Release-4.20
LogInit: Net CL: 4212847
LogInit: OS: Windows 10 (), CPU: Intel(R) Core(TM) i7-8700 CPU @ 3.20GHz, GPU: NVIDIA GeForce GTX 1070
LogInit: Compiled (64-bit): Sep 17 2018 12:26:19
LogInit: Compiled with Visual C++: 19.13.26129.00
LogInit: Build Configuration: Development
LogInit: Branch Name: ++UE4+Release-4.20
LogInit: Command Line: 
LogInit: Base Directory: D:/Program Files (x86)/Epic Games/UE_4.20/Engine/Binaries/Win64/
LogInit: Installed Engine Build: 1
LogDevObjectVersion: Number of dev versions registered: 20
LogDevObjectVersion:   Dev-Blueprints (B0D832E4-1F89-4F0D-ACCF-7EB736FD4AA2): 10
LogDevObjectVersion:   Dev-Build (E1C64328-A22C-4D53-A36C-8E866417BD8C): 0
LogDevObjectVersion:   Dev-Core (375EC13C-06E4-48FB-B500-84F0262A717E): 2
LogDevObjectVersion:   Dev-Editor (E4B068ED-F494-42E9-A231-DA0B2E46BB41): 24
LogDevObjectVersion:   Dev-Framework (CFFC743F-43B0-4480-9391-14DF171D2073): 34
LogDevObjectVersion:   Dev-Mobile (B02B49B5-BB20-44E9-A304-32B752E40360): 2
LogDevObjectVersion:   Dev-Networking (A4E4105C-59A1-49B5-A7C5-40C4547EDFEE): 0
LogDevObjectVersion:   Dev-Online (39C831C9-5AE6-47DC-9A44-9C173E1C8E7C): 0
LogDevObjectVersion:   Dev-Physics (78F01B33-EBEA-4F98-B9B4-84EACCB95AA2): 0
LogDevObjectVersion:   Dev-Platform (6631380F-2D4D-43E0-8009-CF276956A95A): 0
LogDevObjectVersion:   Dev-Rendering (12F88B9F-8875-4AFC-A67C-D90C383ABD29): 26
LogDevObjectVersion:   Dev-Sequencer (7B5AE74C-D270-4C10-A958-57980B212A5A): 9
LogDevObjectVersion:   Dev-VR (D7296918-1DD6-4BDD-9DE2-64A83CC13884): 2
LogDevObjectVersion:   Dev-LoadTimes (C2A15278-BFE7-4AFE-6C17-90FF531DF755): 1
LogDevObjectVersion:   Private-Geometry (6EACA3D4-40EC-4CC1-B786-8BED09428FC5): 3
LogDevObjectVersion:   Dev-AnimPhys (29E575DD-E0A3-4627-9D10-D276232CDCEA): 17
LogDevObjectVersion:   Dev-ReflectionCapture (6B266CEC-1EC7-4B8F-A30B-E4D90942FC07): 1
LogDevObjectVersion:   Dev-Automation (0DF73D61-A23F-47EA-B727-89E90C41499A): 1
LogDevObjectVersion:   FortniteMain (601D1886-AC64-4F84-AA16-D3DE0DEAC7D6): 12
LogDevObjectVersion:   Dev-Enterprise (9DFFBCD6-494F-0158-E221-12823C92A888): 1
LogStreaming: Display: Took  0.000s to delete old logs.
LogInit: Presizing for max 8388607 objects, including 0 objects not considered by GC, pre-allocating 0 bytes for permanent pool.
LogInit: Object subsystem initialized
[2018.12.04-06.34.38:702][  0]LogInit: Selected Device Profile: [Windows]
[2018.12.04-06.34.38:702][  0]LogInit: Applying CVar settings loaded from the selected device profile: [Windows]
[2018.12.04-06.34.38:713][  0]LogHAL: Display: Platform has ~ 32 GB [34157633536 / 34359738368 / 32], which maps to Largest [LargestMinGB=32, LargerMinGB=12, DefaultMinGB=8, SmallerMinGB=6, SmallestMinGB=0)
[2018.12.04-06.34.38:713][  0]LogInit: Setting Device Profile CVar: [[r.Vulkan.UseRealUBs:1]]
[2018.12.04-06.34.38:713][  0]LogInit: Going up to parent DeviceProfile []
[2018.12.04-06.34.38:713][  0]LogInit: Computer: DESKTOP-E78FIG1
[2018.12.04-06.34.38:713][  0]LogInit: User: VRARECLab03
[2018.12.04-06.34.38:713][  0]LogInit: CPU Page size=4096, Cores=6
[2018.12.04-06.34.38:713][  0]LogInit: High frequency timer resolution =3.117190 MHz
[2018.12.04-06.34.38:713][  0]LogMemory: Memory total: Physical=31.8GB (32GB approx)
[2018.12.04-06.34.38:713][  0]LogMemory: Platform Memory Stats for Windows
[2018.12.04-06.34.38:713][  0]LogMemory: Process Physical Memory: 103.66 MB used, 103.66 MB peak
[2018.12.04-06.34.38:713][  0]LogMemory: Process Virtual Memory: 89.21 MB used, 89.21 MB peak
[2018.12.04-06.34.38:713][  0]LogMemory: Physical Memory: 10916.23 MB used,  21659.03 MB free, 32575.26 MB total
[2018.12.04-06.34.38:713][  0]LogMemory: Virtual Memory: 4667.39 MB used,  21659.03 MB free, 134217728.00 MB total
[2018.12.04-06.34.38:734][  0]LogInit: Using OS detected language (ko-KR).
[2018.12.04-06.34.38:734][  0]LogInit: Using OS detected locale (ko-KR).
[2018.12.04-06.34.38:735][  0]LogTextLocalizationManager: No specific localization for 'ko-KR' exists, so the 'ko' localization will be used.
[2018.12.04-06.34.39:005][  0]LogStreaming: Display: Took  0.272s to InitEngineTextLocalization.
[2018.12.04-06.34.39:006][  0]LogInit: Setting process to per monitor DPI aware
[2018.12.04-06.34.39:031][  0]LogSlate: New Slate User Created.  User Index 0, Is Virtual User: 0
[2018.12.04-06.34.39:031][  0]LogSlate: Slate User Registered.  User Index 0, Is Virtual User: 0
[2018.12.04-06.34.39:250][  0]LogHMD: Failed to initialize OpenVR with code 110
[2018.12.04-06.34.39:250][  0]LogD3D11RHI: D3D11 adapters:
[2018.12.04-06.34.39:308][  0]LogD3D11RHI:    0. 'NVIDIA GeForce GTX 1070' (Feature Level 11_0)
[2018.12.04-06.34.39:308][  0]LogD3D11RHI:       8088/0/16287 MB DedicatedVideo/DedicatedSystem/SharedSystem, Outputs:1, VendorId:0x10de
[2018.12.04-06.34.39:318][  0]LogD3D11RHI:    1. 'Intel(R) UHD Graphics 630' (Feature Level 11_0)
[2018.12.04-06.34.39:318][  0]LogD3D11RHI:       128/0/16287 MB DedicatedVideo/DedicatedSystem/SharedSystem, Outputs:0, VendorId:0x8086
[2018.12.04-06.34.39:319][  0]LogD3D11RHI:    2. 'Microsoft Basic Render Driver' (Feature Level 11_0)
[2018.12.04-06.34.39:319][  0]LogD3D11RHI:       0/0/16287 MB DedicatedVideo/DedicatedSystem/SharedSystem, Outputs:0, VendorId:0x1414
[2018.12.04-06.34.39:319][  0]LogD3D11RHI: Chosen D3D11 Adapter: 0
[2018.12.04-06.34.39:325][  0]LogD3D11RHI: Creating new Direct3DDevice
[2018.12.04-06.34.39:325][  0]LogD3D11RHI:     GPU DeviceId: 0x1b81 (for the marketing name, search the web for "GPU Device Id")
[2018.12.04-06.34.39:325][  0]LogWindows: EnumDisplayDevices:
[2018.12.04-06.34.39:325][  0]LogWindows:    0. 'NVIDIA GeForce GTX 1070' (P:1 D:1)
[2018.12.04-06.34.39:325][  0]LogWindows:    1. 'NVIDIA GeForce GTX 1070' (P:0 D:0)
[2018.12.04-06.34.39:326][  0]LogWindows:    2. 'NVIDIA GeForce GTX 1070' (P:0 D:0)
[2018.12.04-06.34.39:326][  0]LogWindows:    3. 'NVIDIA GeForce GTX 1070' (P:0 D:0)
[2018.12.04-06.34.39:326][  0]LogWindows:    4. 'Intel(R) UHD Graphics 630' (P:0 D:0)
[2018.12.04-06.34.39:327][  0]LogWindows:    5. 'Intel(R) UHD Graphics 630' (P:0 D:0)
[2018.12.04-06.34.39:327][  0]LogWindows:    6. 'Intel(R) UHD Graphics 630' (P:0 D:0)
[2018.12.04-06.34.39:327][  0]LogWindows: DebugString: PrimaryIsNotTheChoosenAdapter PrimaryIsNotTheChoosenAdapter PrimaryIsNotTheChoosenAdapter FoundDriverCount:4 
[2018.12.04-06.34.39:327][  0]LogD3D11RHI:     Adapter Name: NVIDIA GeForce GTX 1070
[2018.12.04-06.34.39:327][  0]LogD3D11RHI:   Driver Version: 397.93 (internal:24.21.13.9793, unified:397.93)
[2018.12.04-06.34.39:327][  0]LogD3D11RHI:      Driver Date: 5-22-2018
[2018.12.04-06.34.39:327][  0]LogRHI: Texture pool is 5661 MB (70% of 8088 MB)
[2018.12.04-06.34.39:360][  0]LogD3D11RHI: Async texture creation enabled
[2018.12.04-06.34.39:376][  0]LogD3D11RHI: GPU Timing Frequency: 1000.000000 (Debug: 2 2)
[2018.12.04-06.34.39:426][  0]LogShaderCompilers: Guid format shader working directory is -22 characters bigger than the processId version (../../../../../../Users/VRAR EC-Lab 03/Documents/Unreal Projects/ExpeditionVR/Intermediate/Shaders/WorkingDirectory/1224/).
[2018.12.04-06.34.39:426][  0]LogShaderCompilers: Cleaned the shader compiler working directory 'C:/Users/VRAR EC-Lab 03/AppData/Local/Temp/UnrealShaderWorkingDir/414330F54587399F5ADF1AA846A8B43C/'.
[2018.12.04-06.34.39:636][  0]LogTemp: Display: Loaded TP AllDesktopTargetPlatform
[2018.12.04-06.34.39:646][  0]LogTemp: Display: Loaded TP MacClientTargetPlatform
[2018.12.04-06.34.39:655][  0]LogTemp: Display: Loaded TP MacNoEditorTargetPlatform
[2018.12.04-06.34.39:665][  0]LogTemp: Display: Loaded TP MacServerTargetPlatform
[2018.12.04-06.34.39:676][  0]LogTemp: Display: Loaded TP MacTargetPlatform
[2018.12.04-06.34.39:686][  0]LogTemp: Display: Loaded TP WindowsClientTargetPlatform
[2018.12.04-06.34.39:696][  0]LogTemp: Display: Loaded TP WindowsNoEditorTargetPlatform
[2018.12.04-06.34.39:706][  0]LogTemp: Display: Loaded TP WindowsServerTargetPlatform
[2018.12.04-06.34.39:711][  0]LogTemp: Display: Loaded TP WindowsTargetPlatform
[2018.12.04-06.34.39:772][  0]LogTemp: Display: Loaded TP AndroidTargetPlatform
[2018.12.04-06.34.39:772][  0]LogTemp: Display: Loaded TP AndroidTargetPlatform
[2018.12.04-06.34.39:772][  0]LogTemp: Display: Loaded TP AndroidTargetPlatform
[2018.12.04-06.34.39:772][  0]LogTemp: Display: Loaded TP AndroidTargetPlatform
[2018.12.04-06.34.39:772][  0]LogTemp: Display: Loaded TP AndroidTargetPlatform
[2018.12.04-06.34.39:772][  0]LogTemp: Display: Loaded TP AndroidTargetPlatform
[2018.12.04-06.34.39:772][  0]LogTemp: Display: Loaded TP AndroidTargetPlatform
[2018.12.04-06.34.39:772][  0]LogTemp: Display: Loaded TP AndroidTargetPlatform
[2018.12.04-06.34.39:773][  0]LogTemp: Display: Loaded TP AndroidTargetPlatform
[2018.12.04-06.34.39:773][  0]LogTemp: Display: Loaded TP AndroidTargetPlatform
[2018.12.04-06.34.39:773][  0]LogTemp: Display: Loaded TP AndroidTargetPlatform
[2018.12.04-06.34.39:773][  0]LogTemp: Display: Loaded TP AndroidTargetPlatform
[2018.12.04-06.34.39:773][  0]LogTemp: Display: Loaded TP AndroidTargetPlatform
[2018.12.04-06.34.39:773][  0]LogTemp: Display: Loaded TP AndroidTargetPlatform
[2018.12.04-06.34.39:773][  0]LogTemp: Display: Loaded TP AndroidTargetPlatform
[2018.12.04-06.34.39:773][  0]LogTemp: Display: Loaded TP AndroidTargetPlatform
[2018.12.04-06.34.39:773][  0]LogTemp: Display: Loaded TP AndroidTargetPlatform
[2018.12.04-06.34.39:773][  0]LogTemp: Display: Loaded TP AndroidTargetPlatform
[2018.12.04-06.34.39:774][  0]LogTemp: Display: Loaded TP HTML5TargetPlatform
[2018.12.04-06.34.39:828][  0]LogTemp: Display: Loaded TP IOSTargetPlatform
[2018.12.04-06.34.39:828][  0]LogTemp: Display: Loaded TP IOSTargetPlatform
[2018.12.04-06.34.39:847][  0]LogTemp: Display: Loaded TP TVOSTargetPlatform
[2018.12.04-06.34.39:847][  0]LogTemp: Display: Loaded TP TVOSTargetPlatform
[2018.12.04-06.34.39:857][  0]LogTemp: Display: Loaded TP LinuxClientTargetPlatform
[2018.12.04-06.34.39:866][  0]LogTemp: Display: Loaded TP LinuxNoEditorTargetPlatform
[2018.12.04-06.34.39:876][  0]LogTemp: Display: Loaded TP LinuxServerTargetPlatform
[2018.12.04-06.34.39:887][  0]LogTemp: Display: Loaded TP LinuxTargetPlatform
[2018.12.04-06.34.39:894][  0]LogTemp: Display: Loaded TP LuminTargetPlatform
[2018.12.04-06.34.39:894][  0]LogTargetPlatformManager: Display: Building Assets For Windows
[2018.12.04-06.34.39:931][  0]LogXGEController: Cannot use XGE Controller as Incredibuild is not installed on this machine.
[2018.12.04-06.34.39:931][  0]LogShaderCompilers: Cannot use XGE Shader Compiler as Incredibuild is not installed on this machine.
[2018.12.04-06.34.39:931][  0]LogShaderCompilers: Display: Using Local Shader Compiler.
[2018.12.04-06.34.40:453][  0]LogDerivedDataCache: Display: Max Cache Size: 512 MB
[2018.12.04-06.34.40:494][  0]LogDerivedDataCache: Loaded boot cache 0.04s 71MB C:/Users/VRAR EC-Lab 03/AppData/Local/UnrealEngine/4.20/DerivedDataCache/Boot.ddc.
[2018.12.04-06.34.40:495][  0]LogDerivedDataCache: Display: Loaded Boot cache: C:/Users/VRAR EC-Lab 03/AppData/Local/UnrealEngine/4.20/DerivedDataCache/Boot.ddc
[2018.12.04-06.34.40:495][  0]LogDerivedDataCache: FDerivedDataBackendGraph:  Pak pak cache file ../../../../../../Users/VRAR EC-Lab 03/Documents/Unreal Projects/ExpeditionVR/DerivedDataCache/DDC.ddp not found, will not use a pak cache.
[2018.12.04-06.34.40:495][  0]LogDerivedDataCache: Unable to find inner node Pak for hierarchical cache Hierarchy.
[2018.12.04-06.34.40:495][  0]LogDerivedDataCache: FDerivedDataBackendGraph:  CompressedPak pak cache file ../../../../../../Users/VRAR EC-Lab 03/Documents/Unreal Projects/ExpeditionVR/DerivedDataCache/Compressed.ddp not found, will not use a pak cache.
[2018.12.04-06.34.40:495][  0]LogDerivedDataCache: Unable to find inner node CompressedPak for hierarchical cache Hierarchy.
[2018.12.04-06.34.40:504][  0]LogDerivedDataCache: Display: Pak cache opened for reading ../../../Engine/DerivedDataCache/Compressed.ddp.
[2018.12.04-06.34.40:517][  0]LogDerivedDataCache: Using Local data cache path C:/Users/VRAR EC-Lab 03/AppData/Local/UnrealEngine/Common/DerivedDataCache: Writable
[2018.12.04-06.34.40:517][  0]LogDerivedDataCache: Shared data cache path not found in *engine.ini, will not use an Shared cache.
[2018.12.04-06.34.40:517][  0]LogDerivedDataCache: Unable to find inner node Shared for hierarchical cache Hierarchy.
[2018.12.04-06.34.40:530][  0]LogMaterial: Verifying Global Shaders for PCD3D_SM5
[2018.12.04-06.34.40:531][  0]LogSlate: Using FreeType 2.6.0
[2018.12.04-06.34.40:532][  0]LogSlate: SlateFontServices - WITH_FREETYPE: 1, WITH_HARFBUZZ: 1
[2018.12.04-06.34.40:597][  0]LogAssetRegistry: FAssetRegistry took 0.0251 seconds to start up
[2018.12.04-06.34.40:827][  0]LogInit: Selected Device Profile: [Windows]
[2018.12.04-06.34.40:924][  0]LogSimplygon: Simplygon DLL not present - disabling.
[2018.12.04-06.34.40:926][  0]LogMeshReduction: Using SimplygonSwarm for distributed automatic mesh merging
[2018.12.04-06.34.40:926][  0]LogMeshReduction: Using ProxyLODMeshReduction for automatic mesh merging
[2018.12.04-06.34.40:926][  0]LogMeshReduction: Using QuadricMeshReduction for automatic static mesh reduction
[2018.12.04-06.34.40:926][  0]LogMeshReduction: No automatic skeletal mesh reduction module available
[2018.12.04-06.34.40:938][  0]LogNetVersion: ExpeditionVR 1.0.0, NetCL: 4212847, EngineNetVer: 5, GameNetVer: 0 (Checksum: 821079305)
[2018.12.04-06.34.41:306][  0]LogPackageLocalizationCache: Processed 11 localized package path(s) for 2 prioritized culture(s) in 0.074795 seconds
[2018.12.04-06.34.41:310][  0]LogUObjectArray: 38425 objects as part of root set at end of initial load.
[2018.12.04-06.34.41:310][  0]LogUObjectAllocator: 6690864 out of 0 bytes used by permanent object pool.
[2018.12.04-06.34.41:310][  0]LogUObjectArray: CloseDisregardForGC: 0/0 objects in disregard for GC pool
[2018.12.04-06.34.41:992][  0]LogTcpMessaging: Initializing TcpMessaging bridge
[2018.12.04-06.34.42:004][  0]LogUdpMessaging: Initializing bridge on interface 0.0.0.0:0 to multicast group 230.0.0.1:6666.
[2018.12.04-06.34.42:123][  0]SourceControl: 소스 컨트롤이 꺼졌습니다.
[2018.12.04-06.34.42:123][  0]SourceControl: 소스 컨트롤이 꺼졌습니다.
[2018.12.04-06.34.42:125][  0]SourceControl: 소스 컨트롤이 꺼졌습니다.
[2018.12.04-06.34.42:125][  0]SourceControl: 소스 컨트롤이 꺼졌습니다.
[2018.12.04-06.34.42:275][  0]LogAndroidPermission: UAndroidPermissionCallbackProxy::GetInstance
[2018.12.04-06.34.42:355][  0]LogOcInput: OculusInput pre-init called
[2018.12.04-06.34.42:401][  0]LogEngine: Initializing Engine...
[2018.12.04-06.34.42:402][  0]LogHMD: Failed to initialize OpenVR with code 110
[2018.12.04-06.34.42:403][  0]LogStats: UGameplayTagsManager::ConstructGameplayTagTree: ImportINI prefixes -  0.000 s
[2018.12.04-06.34.42:403][  0]LogStats: UGameplayTagsManager::ConstructGameplayTagTree: Construct from data asset -  0.000 s
[2018.12.04-06.34.42:404][  0]LogStats: UGameplayTagsManager::ConstructGameplayTagTree: ImportINI -  0.000 s
[2018.12.04-06.34.42:404][  0]LogStats: UGameplayTagsManager::ConstructGameplayTagTree: GameplayTagTreeChangedEvent.Broadcast -  0.000 s
[2018.12.04-06.34.42:558][  0]LogInit: Initializing FReadOnlyCVARCache
[2018.12.04-06.34.42:567][  0]LogAIModule: Creating AISystem for world Untitled
[2018.12.04-06.34.42:593][  0]LogInit: XAudio2 using 'U32J59x(NVIDIA High Definition Audio)' : 2 channels at 48 kHz using 16 bits per sample (channel mask 0x3)
[2018.12.04-06.34.42:629][  0]LogInit: FAudioDevice initialized.
[2018.12.04-06.34.42:630][  0]LogNetVersion: Set ProjectVersion to 1.0.0.0. Version Checksum will be recalculated on next use.
[2018.12.04-06.34.42:695][  0]LogDerivedDataCache: Saved boot cache 0.07s 71MB C:/Users/VRAR EC-Lab 03/AppData/Local/UnrealEngine/4.20/DerivedDataCache/Boot.ddc.
[2018.12.04-06.34.42:701][  0]LogInit: Texture streaming: Enabled
[2018.12.04-06.34.42:711][  0]LogEngineSessionManager: EngineSessionManager initialized
[2018.12.04-06.34.42:720][  0]LogInit: Transaction tracking system initialized
[2018.12.04-06.34.42:734][  0]BlueprintLog: New page: 에디터 로드
[2018.12.04-06.34.42:777][  0]LocalizationService: 현지화 서비스가 비활성화되었습니다.
[2018.12.04-06.34.42:966][  0]LogCook: Display: Max memory allowance for cook 16384mb min free memory 0mb
[2018.12.04-06.34.42:966][  0]LogCook: Display: Mobile HDR setting 0
[2018.12.04-06.34.42:966][  0]LogGameplayTags: Display: UGameplayTagsManager::DoneAddingNativeTags. DelegateIsBound: 0
[2018.12.04-06.34.42:966][  0]LogStats: UGameplayTagsManager::ConstructGameplayTagTree: ImportINI prefixes -  0.000 s
[2018.12.04-06.34.42:966][  0]LogFileCache: Scanning file cache for directory 'D:/Users/VRAR EC-Lab 03/Documents/Unreal Projects/ExpeditionVR/Content/' took 0.01s
[2018.12.04-06.34.42:966][  0]LogStats: UGameplayTagsManager::ConstructGameplayTagTree: Construct from data asset -  0.000 s
[2018.12.04-06.34.42:966][  0]LogStats: UGameplayTagsManager::ConstructGameplayTagTree: ImportINI -  0.000 s
[2018.12.04-06.34.42:966][  0]LogStats: UGameplayTagsManager::ConstructGameplayTagTree: GameplayTagTreeChangedEvent.Broadcast -  0.000 s
[2018.12.04-06.34.43:040][  0]SourceControl: 소스 컨트롤이 꺼졌습니다.
[2018.12.04-06.34.43:142][  0]LogWindowsTextInputMethodSystem: Display: IME system now activated using TSF (Microsoft 입력기).
[2018.12.04-06.34.43:145][  0]LogSlate: Took 0.001792 seconds to synchronously load lazily loaded font '../../../Engine/Content/Editor/Slate/Fonts/NanumGothic.ttf' (4243K)
[2018.12.04-06.34.43:147][  0]LogSlate: Took 0.000145 seconds to synchronously load lazily loaded font '../../../Engine/Content/Slate/Fonts/Roboto-Regular.ttf' (155K)
[2018.12.04-06.35.21:501][  0]LogSlate: Window '패키지 복원' being destroyed
[2018.12.04-06.35.21:503][  0]LogWindowsTextInputMethodSystem: Display: IME system now activated using TSF (Microsoft 입력기).
[2018.12.04-06.35.21:507][  0]LogWindowsTextInputMethodSystem: Display: IME system now activated using TSF (Microsoft 입력기).
[2018.12.04-06.35.25:070][  0]LogSlate: Window '소스 컨트롤에서 체크아웃할 수 없습니다!' being destroyed
[2018.12.04-06.35.25:072][  0]LogWindowsTextInputMethodSystem: Display: IME system now activated using TSF (Microsoft 입력기).
[2018.12.04-06.35.25:077][  0]LogWindowsTextInputMethodSystem: Display: IME system now activated using TSF (Microsoft 입력기).
[2018.12.04-06.35.25:084][  0]Cmd: MAP LOAD FILE="../../../Engine/Content/Maps/Templates/Template_Default.umap" TEMPLATE=1 SHOWPROGRESS=1 FEATURELEVEL=3
[2018.12.04-06.35.25:084][  0]LightingResults: New page: 라이팅 빌드
[2018.12.04-06.35.25:086][  0]MapCheck: New page: 맵 체크
[2018.12.04-06.35.25:086][  0]LightingResults: New page: 라이팅 빌드
[2018.12.04-06.35.25:238][  0]LogAIModule: Creating AISystem for world Untitled_1
[2018.12.04-06.35.25:242][  0]LogEditorServer: Finished looking for orphan Actors (0.000 secs)
[2018.12.04-06.35.25:264][  0]Cmd: MAP CHECKDEP NOCLEARLOG
[2018.12.04-06.35.25:307][  0]MapCheck: 맵 체크 완료: 오류 0 회, 경고 0 회, 소요 시간 43.477ms.
[2018.12.04-06.35.25:307][  0]LogFileHelpers: Loading map 'Template_Default' took 0.224
[2018.12.04-06.35.25:341][  0]LogSlate: Updating window title bar state: overlay mode, drag disabled, window buttons hidden, title bar hidden
[2018.12.04-06.35.25:346][  0]LogSlate: Updating window title bar state: overlay mode, drag disabled, window buttons hidden, title bar hidden
[2018.12.04-06.35.25:352][  0]LogSlate: Updating window title bar state: overlay mode, drag disabled, window buttons hidden, title bar hidden
[2018.12.04-06.35.25:357][  0]LogSlate: Updating window title bar state: overlay mode, drag disabled, window buttons hidden, title bar hidden
[2018.12.04-06.35.25:360][  0]LogCollectionManager: Loaded 0 collections in 0.000572 seconds
[2018.12.04-06.35.25:399][  0]LogFileCache: Scanning file cache for directory 'D:/Users/VRAR EC-Lab 03/Documents/Unreal Projects/ExpeditionVR/Saved/Collections/' took 0.01s
[2018.12.04-06.35.25:399][  0]LogFileCache: Scanning file cache for directory 'D:/Users/VRAR EC-Lab 03/Documents/Unreal Projects/ExpeditionVR/Content/Developers/VRARECLab03/Collections/' took 0.01s
[2018.12.04-06.35.25:399][  0]LogFileCache: Scanning file cache for directory 'D:/Users/VRAR EC-Lab 03/Documents/Unreal Projects/ExpeditionVR/Content/Collections/' took 0.01s
[2018.12.04-06.35.25:399][  0]LogCollectionManager: Rebuilt the GUID cache for 0 collections in 0.000000 seconds
[2018.12.04-06.35.25:406][  0]LogContentBrowser: Native class hierarchy populated in 0.0067 seconds. Added 2572 classes and 603 folders.
[2018.12.04-06.35.25:410][  0]LogContentBrowser: Native class hierarchy updated for 'WidgetCarousel' in 0.0002 seconds. Added 0 classes and 0 folders.
[2018.12.04-06.35.25:483][  0]LogContentBrowser: Native class hierarchy updated for 'AddContentDialog' in 0.0002 seconds. Added 0 classes and 0 folders.
[2018.12.04-06.35.25:486][  0]LogContentBrowser: Native class hierarchy updated for 'SceneOutliner' in 0.0002 seconds. Added 1 classes and 2 folders.
[2018.12.04-06.35.25:521][  0]LogContentBrowser: Native class hierarchy updated for 'HierarchicalLODOutliner' in 0.0002 seconds. Added 0 classes and 0 folders.
[2018.12.04-06.35.25:521][  0]LogLoad: (Engine Initialization) Total time: 48.80 seconds
[2018.12.04-06.35.25:521][  0]LogLoad: (Engine Initialization) Total Blueprint compile time: 0.00 seconds
[2018.12.04-06.35.25:546][  0]LogAssetRegistry: Asset discovery search completed in 44.9714 seconds
[2018.12.04-06.35.25:547][  0]LogCollectionManager: Rebuilt the object cache for 0 collections in 0.000000 seconds (found 0 objects)
[2018.12.04-06.35.25:547][  0]LogCollectionManager: Fixed up redirectors for 0 collections in 0.000037 seconds (updated 0 objects)
[2018.12.04-06.35.25:552][  0]LogContentStreaming: Texture pool size now 1000 MB
[2018.12.04-06.35.25:559][  0]LogSlate: Took 0.001550 seconds to synchronously load lazily loaded font '../../../Engine/Content/Editor/Slate/Fonts/NanumGothicBold.ttf' (4188K)
[2018.12.04-06.35.25:559][  0]LogSlate: Took 0.000121 seconds to synchronously load lazily loaded font '../../../Engine/Content/Slate/Fonts/Roboto-Bold.ttf' (160K)
[2018.12.04-06.35.25:561][  0]LogSlate: Took 0.000117 seconds to synchronously load lazily loaded font '../../../Engine/Content/Editor/Slate/Fonts/FontAwesome.ttf' (139K)
[2018.12.04-06.35.25:648][  1]LogRenderer: Reallocating scene render targets to support 800x360 Format 10 NumSamples 1 (Frame:1).
[2018.12.04-06.35.26:561][105]LogSlate: Took 0.000188 seconds to synchronously load lazily loaded font '../../../Engine/Content/Slate/Fonts/Roboto-Light.ttf' (167K)
[2018.12.04-06.35.28:097][290]LogSlate: FSceneViewport::OnFocusLost() reason 0
[2018.12.04-06.35.28:277][307]LogRenderer: Reallocating scene render targets to support 1616x812 Format 10 NumSamples 1 (Frame:292).
[2018.12.04-06.35.30:018][512]LogAssetEditorManager: Opening Asset editor for Material /Game/Materials/paper.Paper
[2018.12.04-06.35.30:020][512]LogMaterial: Display: Missing cached shader map for material Paper, compiling. 
[2018.12.04-06.35.30:260][512]LogMaterial: Display: Missing cached shader map for material Paper, compiling. 
[2018.12.04-06.35.30:271][512]LogMaterial: Display: Missing cached shader map for material Paper, compiling. 
[2018.12.04-06.35.30:296][512]LogShaderCompilers: Display: Shaders left to compile 21
[2018.12.04-06.35.30:296][512]LogShaderCompilers: Display: Shaders left to compile 20
[2018.12.04-06.35.30:296][512]LogShaderCompilers: Display: Shaders left to compile 19
[2018.12.04-06.35.30:296][512]LogShaderCompilers: Display: Shaders left to compile 18
[2018.12.04-06.35.30:296][512]LogShaderCompilers: Display: Shaders left to compile 17
[2018.12.04-06.35.30:296][512]LogShaderCompilers: Display: Shaders left to compile 16
[2018.12.04-06.35.30:296][512]LogShaderCompilers: Display: Shaders left to compile 15
[2018.12.04-06.35.30:296][512]LogShaderCompilers: Display: Shaders left to compile 14
[2018.12.04-06.35.30:362][512]LogAssetEditorManager: Opening Asset editor for Material /Game/Materials/Bottom.Bottom
[2018.12.04-06.35.30:365][512]LogMaterial: Display: Missing cached shader map for material Bottom, compiling. 
[2018.12.04-06.35.30:436][512]LogMaterial: Display: Missing cached shader map for material Bottom, compiling. 
[2018.12.04-06.35.30:447][512]LogMaterial: Display: Missing cached shader map for material Bottom, compiling. 
[2018.12.04-06.35.30:487][512]LogMaterial: Display: Missing cached shader map for material FMatExpressionPreview MaterialExpressionConstant3Vector_0, compiling. 
[2018.12.04-06.35.30:521][512]LogSlate: Took 0.000169 seconds to synchronously load lazily loaded font '../../../Engine/Content/Slate/Fonts/Roboto-BoldCondensed.ttf' (158K)
[2018.12.04-06.35.30:653][513]LogSlate: Took 0.001652 seconds to synchronously load lazily loaded font '../../../Engine/Content/Slate/Fonts/../../Editor/Slate/Fonts/NanumGothic.ttf' (4243K)
[2018.12.04-06.35.30:902][534]LogShaderCompilers: Display: Shaders left to compile 36
[2018.12.04-06.35.30:902][534]LogShaderCompilers: Display: Shaders left to compile 35
[2018.12.04-06.35.30:910][535]LogShaderCompilers: Display: Shaders left to compile 34
[2018.12.04-06.35.30:911][535]LogShaderCompilers: Display: Shaders left to compile 33
[2018.12.04-06.35.30:940][538]LogShaderCompilers: Display: Shaders left to compile 32
[2018.12.04-06.35.30:951][539]LogShaderCompilers: Display: Shaders left to compile 31
[2018.12.04-06.35.30:961][540]LogShaderCompilers: Display: Shaders left to compile 30
[2018.12.04-06.35.30:961][540]LogShaderCompilers: Display: Shaders left to compile 29
[2018.12.04-06.35.31:041][548]LogShaderCompilers: Display: Shaders left to compile 28
[2018.12.04-06.35.31:146][557]LogShaderCompilers: Display: Shaders left to compile 27
[2018.12.04-06.35.31:167][559]LogShaderCompilers: Display: Shaders left to compile 26
[2018.12.04-06.35.31:251][566]LogShaderCompilers: Display: Shaders left to compile 25
[2018.12.04-06.35.31:289][569]LogShaderCompilers: Display: Shaders left to compile 24
[2018.12.04-06.35.31:310][571]LogShaderCompilers: Display: Shaders left to compile 23
[2018.12.04-06.35.31:322][572]LogShaderCompilers: Display: Shaders left to compile 22
[2018.12.04-06.35.31:331][573]LogShaderCompilers: Display: Shaders left to compile 21
[2018.12.04-06.35.31:353][575]LogShaderCompilers: Display: Shaders left to compile 20
[2018.12.04-06.35.31:423][581]LogShaderCompilers: Display: Shaders left to compile 19
[2018.12.04-06.35.31:481][586]LogShaderCompilers: Display: Shaders left to compile 18
[2018.12.04-06.35.31:481][586]LogShaderCompilers: Display: Shaders left to compile 17
[2018.12.04-06.35.31:521][590]LogShaderCompilers: Display: Shaders left to compile 16
[2018.12.04-06.35.31:521][590]LogShaderCompilers: Display: Shaders left to compile 15
[2018.12.04-06.35.31:530][591]LogShaderCompilers: Display: Shaders left to compile 14
[2018.12.04-06.35.31:530][591]LogShaderCompilers: Display: Shaders left to compile 13
[2018.12.04-06.35.31:560][594]LogShaderCompilers: Display: Shaders left to compile 12
[2018.12.04-06.35.31:588][597]LogShaderCompilers: Display: Shaders left to compile 11
[2018.12.04-06.35.31:602][598]MaterialEditorStats: Base pass shader: 100 instructions
[2018.12.04-06.35.31:602][598]MaterialEditorStats: Base pass shader with Volumetric Lightmap: 173 instructions
[2018.12.04-06.35.31:602][598]MaterialEditorStats: Base pass vertex shader: 32 instructions
[2018.12.04-06.35.31:602][598]MaterialEditorStats: Texture samplers: 3/16
[2018.12.04-06.35.31:634][601]LogShaderCompilers: Display: Shaders left to compile 10
[2018.12.04-06.35.31:634][601]LogShaderCompilers: Display: Shaders left to compile 9
[2018.12.04-06.35.31:645][602]LogShaderCompilers: Display: Shaders left to compile 8
[2018.12.04-06.35.31:664][604]LogShaderCompilers: Display: Shaders left to compile 7
[2018.12.04-06.35.31:761][613]LogShaderCompilers: Display: Shaders left to compile 6
[2018.12.04-06.35.31:849][620]LogShaderCompilers: Display: Shaders left to compile 5
[2018.12.04-06.35.31:876][622]LogShaderCompilers: Display: Shaders left to compile 4
[2018.12.04-06.35.31:902][624]LogShaderCompilers: Display: Shaders left to compile 3
[2018.12.04-06.35.31:947][628]LogShaderCompilers: Display: Shaders left to compile 2
[2018.12.04-06.35.31:974][631]LogShaderCompilers: Display: Shaders left to compile 1
[2018.12.04-06.35.32:175][652]MaterialEditorStats: Base pass shader: 100 instructions
[2018.12.04-06.35.32:175][652]MaterialEditorStats: Base pass shader with Volumetric Lightmap: 173 instructions
[2018.12.04-06.35.32:175][652]MaterialEditorStats: Base pass vertex shader: 32 instructions
[2018.12.04-06.35.32:175][652]MaterialEditorStats: Texture samplers: 3/16
[2018.12.04-06.36.53:479][406]LogSlate: FSceneViewport::OnFocusLost() reason 0
[2018.12.04-06.53.32:608][998]LogAIModule: Creating AISystem for world Room
[2018.12.04-06.53.32:614][998]LogAssetEditorManager: Opening Asset editor for World /Game/Maps/Room.Room
[2018.12.04-06.53.32:636][998]Cmd: MAP LOAD FILE="../../../../../../Users/VRAR EC-Lab 03/Documents/Unreal Projects/ExpeditionVR/Content/Maps/Room.umap" TEMPLATE=0 SHOWPROGRESS=1 FEATURELEVEL=3
[2018.12.04-06.53.32:637][998]LightingResults: New page: 라이팅 빌드
[2018.12.04-06.53.32:637][998]LoadErrors: New page: 맵 로드중: Room.umap
[2018.12.04-06.53.32:637][998]MapCheck: New page: 맵 체크
[2018.12.04-06.53.32:637][998]LightingResults: New page: 라이팅 빌드
[2018.12.04-06.53.32:658][998]LogEditorServer: Finished looking for orphan Actors (0.000 secs)
[2018.12.04-06.53.32:706][998]Cmd: MAP CHECKDEP NOCLEARLOG
[2018.12.04-06.53.32:751][998]MapCheck: 맵 체크 완료: 오류 0 회, 경고 0 회, 소요 시간 46.442ms.
[2018.12.04-06.53.32:751][998]LogFileHelpers: Loading map 'Room' took 0.116
[2018.12.04-06.53.49:567][951]LogEditorViewport: Clicking on Actor (LMB): StaticMeshActor (BigDrawer)
[2018.12.04-06.53.51:281][149]LogSlate: FSceneViewport::OnFocusLost() reason 2
[2018.12.04-06.53.56:197][713]LogSlate: FSceneViewport::OnFocusLost() reason 2
[2018.12.04-06.53.59:116][ 63]LogSlate: FSceneViewport::OnFocusLost() reason 2
[2018.12.04-06.54.11:307][517]LogSlate: FSceneViewport::OnFocusLost() reason 2
[2018.12.04-06.54.11:418][530]LogEditorViewport: Clicking on Actor (LMB): Brush (Box 브러시3)
[2018.12.04-06.54.12:513][659]LogEditorViewport: Clicking on Actor (LMB): StaticMeshActor (BigDrawer)
[2018.12.04-06.54.16:722][159]LogSlate: FSceneViewport::OnFocusLost() reason 2
[2018.12.04-06.54.17:613][262]LogEditorViewport: Clicking on Actor (LMB): BP_Sky_Sphere_C (Sky Sphere)
[2018.12.04-06.54.18:810][402]LogSlate: FSceneViewport::OnFocusLost() reason 0
[2018.12.04-06.54.21:259][674]LogSlate: FSceneViewport::OnFocusLost() reason 2
[2018.12.04-06.54.33:284][ 96]LogEditorViewport: Clicking on Actor (context menu): StaticMeshActor (Floor)
[2018.12.04-06.54.33:326][ 96]LogSlate: FSceneViewport::OnFocusLost() reason 2
[2018.12.04-06.54.33:794][149]LogEditorViewport: Clicking on Actor (LMB): StaticMeshActor (Floor)
[2018.12.04-06.54.47:466][752]LogEditorViewport: Clicking on Actor (LMB): StaticMeshActor (BigDrawer)
[2018.12.04-06.55.08:644][238]LogSlate: FSceneViewport::OnFocusLost() reason 0
[2018.12.04-06.56.32:069][ 13]LogSlate: FSceneViewport::OnFocusLost() reason 0
[2018.12.04-06.56.51:256][ 24]LogSlate: FSceneViewport::OnFocusLost() reason 2
[2018.12.04-06.56.51:264][ 24]LogFactory: FactoryCreateFile: StaticMesh with FbxFactory (0 0 ../../../../../../Users/VRAR EC-Lab 03/Desktop/Models/Lamp.fbx)
[2018.12.04-06.56.51:283][ 24]LogFbx: Loading FBX Scene from ../../../../../../Users/VRAR EC-Lab 03/Desktop/Models/Lamp.fbx
[2018.12.04-06.56.51:287][ 24]LogFbx: FBX Scene Loaded Succesfully
[2018.12.04-06.56.53:302][ 24]LogSlate: Window 'FBX 임포트 옵션' being destroyed
[2018.12.04-06.56.53:405][ 24]LogFbx: Warning: Triangulating static mesh Lamp
[2018.12.04-06.56.53:410][ 24]LogStaticMesh: Lamp 스태틱 메시 빌드중...
[2018.12.04-06.56.53:420][ 24]LogStaticMesh: Built static mesh [0.01s] /Game/Textures/Lamp.Lamp
[2018.12.04-06.56.53:421][ 24]LogStaticMesh: Warning: Lamp 에 퇴화된 탄젠트 베이스가 있어서 셰이딩이 잘못 나오게 됩니다. MikkTSpace 는 탄젠트 베이스에 의존해서 메시가 깨질 수 있습니다. 이 옵션을 꺼 보시기 바랍니다.
[2018.12.04-06.56.53:421][ 24]LogStaticMesh: Warning: Lamp 메시에 거의 0 인 바이노멀이 있어 문제 발생 소지가 있습니다. (허용치 1E-4)
[2018.12.04-06.56.53:427][ 24]FBXImport: Warning: 이 FBX 씬에 스무딩 그룹 정보가 없습니다. FBX 익스포트 플러그인에서 파일을 익스포트하기 전, 'Export Smoothing Groups' (스무딩 그룹 익스포트)를 켰는지 확인해 주시기 바랍니다. 스무딩 그룹을 지원하지 않는 툴의 경우에도, 임포트시 버텍스 노멀을 제대로 유추할 수 있도록 FBX 익스포터가 익스포트시 적합한 스무딩 데이터를 생성해 줍니다. 
[2018.12.04-06.56.53:427][ 24]FBXImport: Warning: Lamp 에 퇴화된 탄젠트 베이스가 있어서 셰이딩이 잘못 나오게 됩니다. MikkTSpace 는 탄젠트 베이스에 의존해서 메시가 깨질 수 있습니다. 이 옵션을 꺼 보시기 바랍니다. 
[2018.12.04-06.56.53:427][ 24]FBXImport: Warning: Lamp 메시에 거의 0 인 바이노멀이 있어 문제 발생 소지가 있습니다. (허용치 1E-4) 
[2018.12.04-06.56.53:443][ 24]LogFactory: FactoryCreateFile: StaticMesh with FbxFactory (0 0 ../../../../../../Users/VRAR EC-Lab 03/Desktop/Models/SmallTable.fbx)
[2018.12.04-06.56.53:455][ 24]LogFbx: Loading FBX Scene from ../../../../../../Users/VRAR EC-Lab 03/Desktop/Models/SmallTable.fbx
[2018.12.04-06.56.53:459][ 24]LogFbx: FBX Scene Loaded Succesfully
[2018.12.04-06.56.53:460][ 24]LogFbx: Warning: Triangulating static mesh SmallTable
[2018.12.04-06.56.53:463][ 24]LogStaticMesh: SmallTable 스태틱 메시 빌드중...
[2018.12.04-06.56.53:468][ 24]LogStaticMesh: Built static mesh [0.01s] /Game/Textures/SmallTable.SmallTable
[2018.12.04-06.56.53:475][ 24]FBXImport: Warning: 이 FBX 씬에 스무딩 그룹 정보가 없습니다. FBX 익스포트 플러그인에서 파일을 익스포트하기 전, 'Export Smoothing Groups' (스무딩 그룹 익스포트)를 켰는지 확인해 주시기 바랍니다. 스무딩 그룹을 지원하지 않는 툴의 경우에도, 임포트시 버텍스 노멀을 제대로 유추할 수 있도록 FBX 익스포터가 익스포트시 적합한 스무딩 데이터를 생성해 줍니다. 
[2018.12.04-06.56.53:479][ 24]LogFactory: FactoryCreateFile: StaticMesh with FbxFactory (0 0 ../../../../../../Users/VRAR EC-Lab 03/Desktop/Models/Table.fbx)
[2018.12.04-06.56.53:486][ 24]LogFbx: Loading FBX Scene from ../../../../../../Users/VRAR EC-Lab 03/Desktop/Models/Table.fbx
[2018.12.04-06.56.53:490][ 24]LogFbx: FBX Scene Loaded Succesfully
[2018.12.04-06.56.53:491][ 24]LogFbx: Warning: Triangulating static mesh Table
[2018.12.04-06.56.53:495][ 24]LogStaticMesh: Table 스태틱 메시 빌드중...
[2018.12.04-06.56.53:509][ 24]LogStaticMesh: Built static mesh [0.01s] /Game/Textures/Table.Table
[2018.12.04-06.56.53:516][ 24]FBXImport: Warning: 이 FBX 씬에 스무딩 그룹 정보가 없습니다. FBX 익스포트 플러그인에서 파일을 익스포트하기 전, 'Export Smoothing Groups' (스무딩 그룹 익스포트)를 켰는지 확인해 주시기 바랍니다. 스무딩 그룹을 지원하지 않는 툴의 경우에도, 임포트시 버텍스 노멀을 제대로 유추할 수 있도록 FBX 익스포터가 익스포트시 적합한 스무딩 데이터를 생성해 줍니다. 
[2018.12.04-06.56.53:519][ 24]LogFactory: FactoryCreateFile: StaticMesh with FbxFactory (0 0 ../../../../../../Users/VRAR EC-Lab 03/Desktop/Models/TallLamp.fbx)
[2018.12.04-06.56.53:525][ 24]LogFbx: Loading FBX Scene from ../../../../../../Users/VRAR EC-Lab 03/Desktop/Models/TallLamp.fbx
[2018.12.04-06.56.53:530][ 24]LogFbx: FBX Scene Loaded Succesfully
[2018.12.04-06.56.53:531][ 24]LogFbx: Warning: Triangulating static mesh TallLamp
[2018.12.04-06.56.53:537][ 24]LogStaticMesh: TallLamp 스태틱 메시 빌드중...
[2018.12.04-06.56.53:552][ 24]LogStaticMesh: Built static mesh [0.02s] /Game/Textures/TallLamp.TallLamp
[2018.12.04-06.56.53:553][ 24]LogStaticMesh: Warning: TallLamp 에 퇴화된 탄젠트 베이스가 있어서 셰이딩이 잘못 나오게 됩니다. MikkTSpace 는 탄젠트 베이스에 의존해서 메시가 깨질 수 있습니다. 이 옵션을 꺼 보시기 바랍니다.
[2018.12.04-06.56.53:553][ 24]LogStaticMesh: Warning: TallLamp 메시에 거의 0 인 바이노멀이 있어 문제 발생 소지가 있습니다. (허용치 1E-4)
[2018.12.04-06.56.53:560][ 24]FBXImport: Warning: 이 FBX 씬에 스무딩 그룹 정보가 없습니다. FBX 익스포트 플러그인에서 파일을 익스포트하기 전, 'Export Smoothing Groups' (스무딩 그룹 익스포트)를 켰는지 확인해 주시기 바랍니다. 스무딩 그룹을 지원하지 않는 툴의 경우에도, 임포트시 버텍스 노멀을 제대로 유추할 수 있도록 FBX 익스포터가 익스포트시 적합한 스무딩 데이터를 생성해 줍니다. 
[2018.12.04-06.56.53:560][ 24]FBXImport: Warning: TallLamp 에 퇴화된 탄젠트 베이스가 있어서 셰이딩이 잘못 나오게 됩니다. MikkTSpace 는 탄젠트 베이스에 의존해서 메시가 깨질 수 있습니다. 이 옵션을 꺼 보시기 바랍니다. 
[2018.12.04-06.56.53:560][ 24]FBXImport: Warning: TallLamp 메시에 거의 0 인 바이노멀이 있어 문제 발생 소지가 있습니다. (허용치 1E-4) 
[2018.12.04-06.56.53:564][ 24]LogFactory: FactoryCreateFile: StaticMesh with FbxFactory (0 0 ../../../../../../Users/VRAR EC-Lab 03/Desktop/Models/Trash.fbx)
[2018.12.04-06.56.53:574][ 24]LogFbx: Loading FBX Scene from ../../../../../../Users/VRAR EC-Lab 03/Desktop/Models/Trash.fbx
[2018.12.04-06.56.53:578][ 24]LogFbx: FBX Scene Loaded Succesfully
[2018.12.04-06.56.53:580][ 24]LogFbx: Warning: Triangulating static mesh Trash
[2018.12.04-06.56.53:587][ 24]LogStaticMesh: Trash 스태틱 메시 빌드중...
[2018.12.04-06.56.53:597][ 24]LogStaticMesh: Built static mesh [0.01s] /Game/Textures/Trash.Trash
[2018.12.04-06.56.53:603][ 24]FBXImport: Warning: 이 FBX 씬에 스무딩 그룹 정보가 없습니다. FBX 익스포트 플러그인에서 파일을 익스포트하기 전, 'Export Smoothing Groups' (스무딩 그룹 익스포트)를 켰는지 확인해 주시기 바랍니다. 스무딩 그룹을 지원하지 않는 툴의 경우에도, 임포트시 버텍스 노멀을 제대로 유추할 수 있도록 FBX 익스포터가 익스포트시 적합한 스무딩 데이터를 생성해 줍니다. 
[2018.12.04-06.56.55:212][210]LogSlate: Window '메시지 로그' being destroyed
[2018.12.04-06.56.55:215][210]LogSlate: Window '메시지 로그' being destroyed
[2018.12.04-06.56.56:770][397]LogSlate: FSceneViewport::OnFocusLost() reason 0
[2018.12.04-06.57.06:104][508]LogActorFactory: Actor Factory created Table
[2018.12.04-06.57.06:521][556]LogActorFactory: Actor Factory created Table
[2018.12.04-06.57.14:621][520]LogSlate: FSceneViewport::OnFocusLost() reason 0
[2018.12.04-06.57.31:570][549]LogSlate: FSceneViewport::OnFocusLost() reason 2
[2018.12.04-06.57.33:705][804]LogEditorViewport: Clicking on Actor (LMB): BP_Sky_Sphere_C (Sky Sphere)
[2018.12.04-06.57.35:001][955]LogEditorViewport: Clicking on Actor (LMB): StaticMeshActor (Table)
[2018.12.04-06.57.36:582][138]LogSlate: FSceneViewport::OnFocusLost() reason 2
[2018.12.04-06.57.38:547][373]LogSlate: FSceneViewport::OnFocusLost() reason 2
[2018.12.04-06.57.39:514][373]LogSlate: Only BGRA pngs, bmps or icos are supported in by External Image Picker
[2018.12.04-06.57.39:708][381]LogTemp: Executing iPhonePackager certificates Engine -bundlename com.YourCompany.ExpeditionVR
[2018.12.04-06.57.39:708][381]LogTemp: CWD: D:\Program Files (x86)\Epic Games\UE_4.20\Engine\Binaries\DotNET\IOS
[2018.12.04-06.57.39:708][381]LogTemp: Initial Dir: D:\Program Files (x86)\Epic Games\UE_4.20
[2018.12.04-06.57.39:708][381]LogTemp: Env CWD: D:\Program Files (x86)\Epic Games\UE_4.20\Engine\Binaries\DotNET\IOS
[2018.12.04-06.57.39:708][381]LogTemp: BranchPath = DESKTOP-E78FIG1/D/Program Files (x86)/Epic Games/UE_4.20/Engine/Binaries --- GameBranchPath = DESKTOP-E78FIG1/D/Program Files (x86)/Epic Games/UE_4.20/Engine/Binaries
[2018.12.04-06.57.39:716][382]LogTemp: IPP ERROR: Could not find provision directory 'C:\Users\VRAR EC-Lab 03\AppData\Local/Apple Computer/MobileDevice/Provisioning Profiles/'.
[2018.12.04-06.58.23:152][583]LogSlate: Window '프로젝트 세팅' being destroyed
[2018.12.04-06.58.23:156][583]LogSlate: Window '프로젝트 세팅' being destroyed
[2018.12.04-06.58.28:840][264]LogSlate: FSceneViewport::OnFocusLost() reason 0
[2018.12.04-06.58.32:501][682]LogSlate: FSceneViewport::OnFocusLost() reason 2
[2018.12.04-06.58.47:042][419]LogSlate: FSceneViewport::OnFocusLost() reason 2
[2018.12.04-06.58.47:171][434]LogEditorViewport: Clicking on Actor (LMB): StaticMeshActor (Table)
[2018.12.04-06.58.52:123][ 26]LogSlate: FSceneViewport::OnFocusLost() reason 2
[2018.12.04-06.58.52:225][ 38]LogEditorViewport: Clicking on Actor (LMB): BP_Sky_Sphere_C (Sky Sphere)
[2018.12.04-06.58.53:126][143]LogSlate: FSceneViewport::OnFocusLost() reason 0
[2018.12.04-06.59.13:296][539]LogSlate: FSceneViewport::OnFocusLost() reason 0
[2018.12.04-07.00.29:263][351]Cmd: OBJ SAVEPACKAGE PACKAGE="/Game/Maps/Room" FILE="../../../../../../Users/VRAR EC-Lab 03/Documents/Unreal Projects/ExpeditionVR/Content/Maps/Room.umap" SILENT=true AUTOSAVING=false KEEPDIRTY=false
[2018.12.04-07.00.29:309][351]LogSavePackage: Moving '../../../../../../Users/VRAR EC-Lab 03/Documents/Unreal Projects/ExpeditionVR/Saved/Room60E8845949F5559EA8E4F9BE866F48AB.tmp' to '../../../../../../Users/VRAR EC-Lab 03/Documents/Unreal Projects/ExpeditionVR/Content/Maps/Room.umap'
[2018.12.04-07.00.29:342][351]Cmd: OBJ SAVEPACKAGE PACKAGE="/Game/Maps/Room_BuiltData" FILE="../../../../../../Users/VRAR EC-Lab 03/Documents/Unreal Projects/ExpeditionVR/Content/Maps/Room_BuiltData.uasset" SILENT=true
[2018.12.04-07.00.29:360][351]LogSavePackage: Moving '../../../../../../Users/VRAR EC-Lab 03/Documents/Unreal Projects/ExpeditionVR/Saved/Room_BuiltData2FBA470C4B7674E912D4C8B9B11697FA.tmp' to '../../../../../../Users/VRAR EC-Lab 03/Documents/Unreal Projects/ExpeditionVR/Content/Maps/Room_BuiltData.uasset'
[2018.12.04-07.02.55:991][919]Cmd: OBJ SAVEPACKAGE PACKAGE="/Game/Maps/Room" FILE="../../../../../../Users/VRAR EC-Lab 03/Documents/Unreal Projects/ExpeditionVR/Content/Maps/Room.umap" SILENT=true AUTOSAVING=false KEEPDIRTY=false
[2018.12.04-07.02.56:035][919]LogSavePackage: Moving '../../../../../../Users/VRAR EC-Lab 03/Documents/Unreal Projects/ExpeditionVR/Saved/RoomA8524E6542071813BAE689990CB2C9E4.tmp' to '../../../../../../Users/VRAR EC-Lab 03/Documents/Unreal Projects/ExpeditionVR/Content/Maps/Room.umap'
[2018.12.04-07.02.56:067][919]Cmd: OBJ SAVEPACKAGE PACKAGE="/Game/Maps/Room_BuiltData" FILE="../../../../../../Users/VRAR EC-Lab 03/Documents/Unreal Projects/ExpeditionVR/Content/Maps/Room_BuiltData.uasset" SILENT=true
[2018.12.04-07.02.56:080][919]LogSavePackage: Moving '../../../../../../Users/VRAR EC-Lab 03/Documents/Unreal Projects/ExpeditionVR/Saved/Room_BuiltData8FAB454948E4CE5D6914FFB363AD9071.tmp' to '../../../../../../Users/VRAR EC-Lab 03/Documents/Unreal Projects/ExpeditionVR/Content/Maps/Room_BuiltData.uasset'
[2018.12.04-07.03.00:343][229]LogSlate: Window '콘텐츠 저장' being destroyed
[2018.12.04-07.03.00:372][229]Cmd: OBJ SAVEPACKAGE PACKAGE="/Game/Textures/Lamp" FILE="../../../../../../Users/VRAR EC-Lab 03/Documents/Unreal Projects/ExpeditionVR/Content/Textures/Lamp.uasset" SILENT=true
[2018.12.04-07.03.00:381][229]LogSavePackage: Moving '../../../../../../Users/VRAR EC-Lab 03/Documents/Unreal Projects/ExpeditionVR/Saved/Lamp8180C50E4CB33C8B4A694DBB4A383F17.tmp' to '../../../../../../Users/VRAR EC-Lab 03/Documents/Unreal Projects/ExpeditionVR/Content/Textures/Lamp.uasset'
[2018.12.04-07.03.00:394][229]Cmd: OBJ SAVEPACKAGE PACKAGE="/Game/Textures/SmallTable" FILE="../../../../../../Users/VRAR EC-Lab 03/Documents/Unreal Projects/ExpeditionVR/Content/Textures/SmallTable.uasset" SILENT=true
[2018.12.04-07.03.00:403][229]LogSavePackage: Moving '../../../../../../Users/VRAR EC-Lab 03/Documents/Unreal Projects/ExpeditionVR/Saved/SmallTable67D0CBCB4AA076C899D4268B5089BC03.tmp' to '../../../../../../Users/VRAR EC-Lab 03/Documents/Unreal Projects/ExpeditionVR/Content/Textures/SmallTable.uasset'
[2018.12.04-07.03.00:415][229]Cmd: OBJ SAVEPACKAGE PACKAGE="/Game/Textures/Table" FILE="../../../../../../Users/VRAR EC-Lab 03/Documents/Unreal Projects/ExpeditionVR/Content/Textures/Table.uasset" SILENT=true
[2018.12.04-07.03.00:424][229]LogSavePackage: Moving '../../../../../../Users/VRAR EC-Lab 03/Documents/Unreal Projects/ExpeditionVR/Saved/TableB082B54541D2671AE5B3CF9D72F61F12.tmp' to '../../../../../../Users/VRAR EC-Lab 03/Documents/Unreal Projects/ExpeditionVR/Content/Textures/Table.uasset'
[2018.12.04-07.03.00:436][229]Cmd: OBJ SAVEPACKAGE PACKAGE="/Game/Textures/TallLamp" FILE="../../../../../../Users/VRAR EC-Lab 03/Documents/Unreal Projects/ExpeditionVR/Content/Textures/TallLamp.uasset" SILENT=true
[2018.12.04-07.03.00:446][229]LogSavePackage: Moving '../../../../../../Users/VRAR EC-Lab 03/Documents/Unreal Projects/ExpeditionVR/Saved/TallLampC9B7CB624D4D035263945EA560E6DE43.tmp' to '../../../../../../Users/VRAR EC-Lab 03/Documents/Unreal Projects/ExpeditionVR/Content/Textures/TallLamp.uasset'
[2018.12.04-07.03.00:459][229]Cmd: OBJ SAVEPACKAGE PACKAGE="/Game/Textures/Trash" FILE="../../../../../../Users/VRAR EC-Lab 03/Documents/Unreal Projects/ExpeditionVR/Content/Textures/Trash.uasset" SILENT=true
[2018.12.04-07.03.00:467][229]LogSavePackage: Moving '../../../../../../Users/VRAR EC-Lab 03/Documents/Unreal Projects/ExpeditionVR/Saved/TrashB20E526949FC5B2AB66076B4FFA43A43.tmp' to '../../../../../../Users/VRAR EC-Lab 03/Documents/Unreal Projects/ExpeditionVR/Content/Textures/Trash.uasset'
[2018.12.04-07.03.00:617][229]LogSlate: Window 'Bottom' being destroyed
[2018.12.04-07.03.00:695][229]LogSlate: Window 'ExpeditionVR - 언리얼 에디터' being destroyed
[2018.12.04-07.03.00:698][229]LogWindowsTextInputMethodSystem: Display: IME system now activated using TSF (Microsoft 입력기).
[2018.12.04-07.03.00:857][230]Cmd: QUIT_EDITOR
[2018.12.04-07.03.00:881][230]LogExit: Preparing to exit.
[2018.12.04-07.03.01:900][230]LogExit: Editor shut down
[2018.12.04-07.03.01:900][230]LogExit: Transaction tracking system shut down
[2018.12.04-07.03.02:140][230]LogExit: Object subsystem successfully closed.
[2018.12.04-07.03.02:162][230]LogShaderCompilers: Display: Shaders left to compile 0
[2018.12.04-07.03.02:162][230]LogD3D11RHI: Shutdown
[2018.12.04-07.03.02:162][230]LogD3D11RHI: CleanupD3DDevice
[2018.12.04-07.03.02:164][230]LogD3D11RHI: ~FD3D11DynamicRHI
[2018.12.04-07.03.02:172][230]LogModuleManager: Shutting down and abandoning module ExternalImagePicker (616)
[2018.12.04-07.03.02:172][230]LogModuleManager: Shutting down and abandoning module MeshBuilder (614)
[2018.12.04-07.03.02:172][230]LogModuleManager: Shutting down and abandoning module HierarchicalLODOutliner (612)
[2018.12.04-07.03.02:172][230]LogModuleManager: Shutting down and abandoning module SceneOutliner (610)
[2018.12.04-07.03.02:172][230]LogModuleManager: Shutting down and abandoning module AddContentDialog (608)
[2018.12.04-07.03.02:172][230]LogModuleManager: Shutting down and abandoning module WidgetCarousel (607)
[2018.12.04-07.03.02:172][230]LogModuleManager: Shutting down and abandoning module EditorWidgets (604)
[2018.12.04-07.03.02:172][230]LogModuleManager: Shutting down and abandoning module CollectionManager (602)
[2018.12.04-07.03.02:172][230]LogModuleManager: Shutting down and abandoning module HierarchicalLODUtilities (600)
[2018.12.04-07.03.02:172][230]LogModuleManager: Shutting down and abandoning module StatsViewer (598)
[2018.12.04-07.03.02:172][230]LogModuleManager: Shutting down and abandoning module FoliageEdit (596)
[2018.12.04-07.03.02:172][230]LogModuleManager: Shutting down and abandoning module LandscapeEditor (594)
[2018.12.04-07.03.02:172][230]LogModuleManager: Shutting down and abandoning module MeshPaintMode (592)
[2018.12.04-07.03.02:172][230]LogModuleManager: Shutting down and abandoning module SceneDepthPickerMode (590)
[2018.12.04-07.03.02:172][230]LogModuleManager: Shutting down and abandoning module ActorPickerMode (588)
[2018.12.04-07.03.02:172][230]LogModuleManager: Shutting down and abandoning module GeometryMode (586)
[2018.12.04-07.03.02:172][230]LogModuleManager: Shutting down and abandoning module TextureAlignMode (584)
[2018.12.04-07.03.02:172][230]LogModuleManager: Shutting down and abandoning module BspMode (582)
[2018.12.04-07.03.02:172][230]LogModuleManager: Shutting down and abandoning module PIEPreviewDeviceProfileSelector (580)
[2018.12.04-07.03.02:172][230]LogModuleManager: Shutting down and abandoning module SequenceRecorderSections (578)
[2018.12.04-07.03.02:172][230]LogModuleManager: Shutting down and abandoning module AutomationWorker (576)
[2018.12.04-07.03.02:172][230]LogModuleManager: Shutting down and abandoning module AudioCaptureEditor (574)
[2018.12.04-07.03.02:172][230]LogModuleManager: Shutting down and abandoning module SequenceRecorder (573)
[2018.12.04-07.03.02:172][230]LogModuleManager: Shutting down and abandoning module MatineeToLevelSequence (570)
[2018.12.04-07.03.02:172][230]LogModuleManager: Shutting down and abandoning module LevelSequenceEditor (568)
[2018.12.04-07.03.02:172][230]LogModuleManager: Shutting down and abandoning module PlacementMode (567)
[2018.12.04-07.03.02:172][230]LogModuleManager: Shutting down and abandoning module MaterialEditor (566)
[2018.12.04-07.03.02:172][230]LogModuleManager: Shutting down and abandoning module WmfMediaFactory (562)
[2018.12.04-07.03.02:172][230]LogModuleManager: Shutting down and abandoning module WmfMediaEditor (560)
[2018.12.04-07.03.02:173][230]LogModuleManager: Shutting down and abandoning module MediaPlayerEditor (558)
[2018.12.04-07.03.02:173][230]LogModuleManager: Shutting down and abandoning module OpenExrWrapper (556)
[2018.12.04-07.03.02:173][230]LogModuleManager: Shutting down and abandoning module ImgMediaFactory (554)
[2018.12.04-07.03.02:173][230]LogModuleManager: Shutting down and abandoning module ImgMediaEditor (552)
[2018.12.04-07.03.02:173][230]LogModuleManager: Shutting down and abandoning module AvfMediaFactory (550)
[2018.12.04-07.03.02:173][230]LogModuleManager: Shutting down and abandoning module AvfMediaEditor (548)
[2018.12.04-07.03.02:173][230]LogModuleManager: Shutting down and abandoning module AndroidMediaFactory (546)
[2018.12.04-07.03.02:173][230]LogModuleManager: Shutting down and abandoning module AndroidMediaEditor (544)
[2018.12.04-07.03.02:173][230]LogModuleManager: Shutting down and abandoning module MagicLeapCameraPreviewFactory (542)
[2018.12.04-07.03.02:173][230]LogModuleManager: Shutting down and abandoning module MagicLeapMediaFactory (540)
[2018.12.04-07.03.02:173][230]LogModuleManager: Shutting down and abandoning module MagicLeapMediaEditor (538)
[2018.12.04-07.03.02:173][230]LogModuleManager: Shutting down and abandoning module CharacterAI (536)
[2018.12.04-07.03.02:173][230]LogModuleManager: Shutting down and abandoning module SmartSnapping (534)
[2018.12.04-07.03.02:173][230]LogModuleManager: Shutting down and abandoning module SessionServices (532)
[2018.12.04-07.03.02:173][230]LogModuleManager: Shutting down and abandoning module ViewportSnapping (530)
[2018.12.04-07.03.02:173][230]LogModuleManager: Shutting down and abandoning module ViewportInteraction (528)
[2018.12.04-07.03.02:173][230]LogModuleManager: Shutting down and abandoning module ClothPainter (526)
[2018.12.04-07.03.02:173][230]LogModuleManager: Shutting down and abandoning module SkeletalMeshEditor (525)
[2018.12.04-07.03.02:173][230]LogModuleManager: Shutting down and abandoning module LogVisualizer (522)
[2018.12.04-07.03.02:173][230]LogModuleManager: Shutting down and abandoning module IntroTutorials (520)
[2018.12.04-07.03.02:173][230]LogModuleManager: Shutting down and abandoning module GameProjectGeneration (519)
[2018.12.04-07.03.02:173][230]LogModuleManager: Shutting down and abandoning module LuminPlatformEditor (516)
[2018.12.04-07.03.02:173][230]LogModuleManager: Shutting down and abandoning module IOSPlatformEditor (514)
[2018.12.04-07.03.02:173][230]LogModuleManager: Shutting down and abandoning module HTML5PlatformEditor (512)
[2018.12.04-07.03.02:173][230]LogModuleManager: Shutting down and abandoning module AndroidPlatformEditor (510)
[2018.12.04-07.03.02:173][230]LogModuleManager: Shutting down and abandoning module AndroidDeviceDetection (509)
[2018.12.04-07.03.03:761][230]LogModuleManager: Shutting down and abandoning module WindowsPlatformEditor (506)
[2018.12.04-07.03.03:761][230]LogModuleManager: Shutting down and abandoning module LuminRuntimeSettings (504)
[2018.12.04-07.03.03:761][230]LogModuleManager: Shutting down and abandoning module IOSRuntimeSettings (502)
[2018.12.04-07.03.03:761][230]LogModuleManager: Shutting down and abandoning module AndroidRuntimeSettings (500)
[2018.12.04-07.03.03:761][230]LogModuleManager: Shutting down and abandoning module InputBindingEditor (498)
[2018.12.04-07.03.03:761][230]LogModuleManager: Shutting down and abandoning module MergeActors (496)
[2018.12.04-07.03.03:761][230]LogModuleManager: Shutting down and abandoning module LocalizationDashboard (494)
[2018.12.04-07.03.03:761][230]LogModuleManager: Shutting down and abandoning module LocalizationService (493)
[2018.12.04-07.03.03:761][230]LogModuleManager: Shutting down and abandoning module HardwareTargeting (490)
[2018.12.04-07.03.03:761][230]LogModuleManager: Shutting down and abandoning module DeviceProfileEditor (488)
[2018.12.04-07.03.03:761][230]LogModuleManager: Shutting down and abandoning module UndoHistory (486)
[2018.12.04-07.03.03:761][230]LogModuleManager: Shutting down and abandoning module XmlParser (484)
[2018.12.04-07.03.03:761][230]LogModuleManager: Shutting down and abandoning module Blutility (482)
[2018.12.04-07.03.03:761][230]LogModuleManager: Shutting down and abandoning module ProjectSettingsViewer (480)
[2018.12.04-07.03.03:761][230]LogModuleManager: Shutting down and abandoning module ProjectTargetPlatformEditor (479)
[2018.12.04-07.03.03:761][230]LogModuleManager: Shutting down and abandoning module EditorSettingsViewer (476)
[2018.12.04-07.03.03:762][230]LogModuleManager: Shutting down and abandoning module SettingsEditor (474)
[2018.12.04-07.03.03:762][230]LogModuleManager: Shutting down and abandoning module ProjectLauncher (472)
[2018.12.04-07.03.03:762][230]LogModuleManager: Shutting down and abandoning module SessionFrontend (470)
[2018.12.04-07.03.03:762][230]LogModuleManager: Shutting down and abandoning module ProfilerClient (468)
[2018.12.04-07.03.03:762][230]LogModuleManager: Shutting down and abandoning module DeviceManager (466)
[2018.12.04-07.03.03:762][230]LogModuleManager: Shutting down and abandoning module TargetDeviceServices (465)
[2018.12.04-07.03.03:816][230]LogModuleManager: Shutting down and abandoning module AutomationController (462)
[2018.12.04-07.03.03:816][230]LogModuleManager: Shutting down and abandoning module AutomationWindow (460)
[2018.12.04-07.03.03:816][230]LogModuleManager: Shutting down and abandoning module Layers (458)
[2018.12.04-07.03.03:816][230]LogModuleManager: Shutting down and abandoning module ComponentVisualizers (456)
[2018.12.04-07.03.03:816][230]LogModuleManager: Shutting down and abandoning module DetailCustomizations (454)
[2018.12.04-07.03.03:816][230]LogModuleManager: Shutting down and abandoning module PackagesDialog (452)
[2018.12.04-07.03.03:816][230]LogModuleManager: Shutting down and abandoning module Persona (450)
[2018.12.04-07.03.03:816][230]LogModuleManager: Shutting down and abandoning module AdvancedPreviewScene (449)
[2018.12.04-07.03.03:816][230]LogModuleManager: Shutting down and abandoning module AnimGraph (447)
[2018.12.04-07.03.03:816][230]LogModuleManager: Shutting down and abandoning module Kismet (444)
[2018.12.04-07.03.03:816][230]LogModuleManager: Shutting down and abandoning module GraphEditor (442)
[2018.12.04-07.03.03:816][230]LogModuleManager: Shutting down and abandoning module ClassViewer (440)
[2018.12.04-07.03.03:816][230]LogModuleManager: Shutting down and abandoning module Toolbox (438)
[2018.12.04-07.03.03:816][230]LogModuleManager: Shutting down and abandoning module ModuleUI (436)
[2018.12.04-07.03.03:816][230]LogModuleManager: Shutting down and abandoning module MovieSceneTools (434)
[2018.12.04-07.03.03:816][230]LogModuleManager: Shutting down and abandoning module OutputLog (432)
[2018.12.04-07.03.03:816][230]LogModuleManager: Shutting down and abandoning module GammaUI (430)
[2018.12.04-07.03.03:816][230]LogModuleManager: Shutting down and abandoning module Documentation (428)
[2018.12.04-07.03.03:816][230]LogModuleManager: Shutting down and abandoning module MovieSceneTracks (426)
[2018.12.04-07.03.03:816][230]LogModuleManager: Shutting down and abandoning module MovieScene (424)
[2018.12.04-07.03.03:816][230]LogModuleManager: Shutting down and abandoning module StreamingPauseRendering (422)
[2018.12.04-07.03.03:816][230]LogModuleManager: Shutting down and abandoning module LauncherPlatform (420)
[2018.12.04-07.03.03:816][230]LogModuleManager: Shutting down and abandoning module AnalyticsET (418)
[2018.12.04-07.03.03:816][230]LogModuleManager: Shutting down and abandoning module PortalServices (416)
[2018.12.04-07.03.03:816][230]LogModuleManager: Shutting down and abandoning module PortalRpc (414)
[2018.12.04-07.03.03:816][230]LogModuleManager: Shutting down and abandoning module MessagingRpc (412)
[2018.12.04-07.03.03:816][230]LogModuleManager: Shutting down and abandoning module AIModule (410)
[2018.12.04-07.03.03:816][230]LogModuleManager: Shutting down and abandoning module GameplayDebugger (409)
[2018.12.04-07.03.03:816][230]LogModuleManager: Shutting down and abandoning module AITestSuite (407)
[2018.12.04-07.03.03:816][230]LogModuleManager: Shutting down and abandoning module NavigationSystem (405)
[2018.12.04-07.03.03:816][230]LogModuleManager: Shutting down and abandoning module DesktopPlatform (402)
[2018.12.04-07.03.03:817][230]LogModuleManager: Shutting down and abandoning module ProfilerService (400)
[2018.12.04-07.03.03:950][230]LogModuleManager: Shutting down and abandoning module TaskGraph (398)
[2018.12.04-07.03.03:950][230]LogModuleManager: Shutting down and abandoning module SteamVRController (396)
[2018.12.04-07.03.03:950][230]LogModuleManager: Shutting down and abandoning module ProceduralMeshComponentEditor (394)
[2018.12.04-07.03.03:950][230]LogModuleManager: Shutting down and abandoning module ProceduralMeshComponent (392)
[2018.12.04-07.03.03:950][230]LogModuleManager: Shutting down and abandoning module OculusInput (390)
[2018.12.04-07.03.03:950][230]LogModuleManager: Shutting down and abandoning module MobilePatchingUtils (388)
[2018.12.04-07.03.03:950][230]LogModuleManager: Shutting down and abandoning module EditableMesh (386)
[2018.12.04-07.03.03:950][230]LogModuleManager: Shutting down and abandoning module CustomMeshComponent (384)
[2018.12.04-07.03.03:950][230]LogModuleManager: Shutting down and abandoning module CableComponent (382)
[2018.12.04-07.03.03:950][230]LogModuleManager: Shutting down and abandoning module AudioCapture (380)
[2018.12.04-07.03.03:950][230]LogModuleManager: Shutting down and abandoning module ArchVisCharacter (378)
[2018.12.04-07.03.03:950][230]LogModuleManager: Shutting down and abandoning module AndroidPermission (376)
[2018.12.04-07.03.03:950][230]LogModuleManager: Shutting down and abandoning module NUTUnrealEngine4 (374)
[2018.12.04-07.03.03:950][230]LogModuleManager: Shutting down and abandoning module NetcodeUnitTest (372)
[2018.12.04-07.03.03:950][230]LogModuleManager: Shutting down and abandoning module MediaCompositingEditor (370)
[2018.12.04-07.03.03:950][230]LogModuleManager: Shutting down and abandoning module MediaCompositing (368)
[2018.12.04-07.03.03:950][230]LogModuleManager: Shutting down and abandoning module LinearTimecode (366)
[2018.12.04-07.03.03:950][230]LogModuleManager: Shutting down and abandoning module ImgMedia (364)
[2018.12.04-07.03.03:953][230]LogModuleManager: Shutting down and abandoning module HTML5Networking (362)
[2018.12.04-07.03.03:953][230]LogModuleManager: Shutting down and abandoning module GeometryCacheTracks (360)
[2018.12.04-07.03.03:953][230]LogModuleManager: Shutting down and abandoning module GeometryCacheSequencer (358)
[2018.12.04-07.03.03:953][230]LogModuleManager: Shutting down and abandoning module BackChannel (356)
[2018.12.04-07.03.03:953][230]LogModuleManager: Shutting down and abandoning module AppleVision (354)
[2018.12.04-07.03.03:953][230]LogModuleManager: Shutting down and abandoning module AppleImageUtils (352)
[2018.12.04-07.03.03:953][230]LogModuleManager: Shutting down and abandoning module AlembicImporter (350)
[2018.12.04-07.03.03:953][230]LogModuleManager: Shutting down and abandoning module AlembicLibrary (349)
[2018.12.04-07.03.03:953][230]LogModuleManager: Shutting down and abandoning module GeometryCache (348)
[2018.12.04-07.03.03:953][230]LogModuleManager: Shutting down and abandoning module GeometryCacheEd (347)
[2018.12.04-07.03.03:953][230]LogModuleManager: Shutting down and abandoning module DatasmithContentEditor (342)
[2018.12.04-07.03.03:953][230]LogModuleManager: Shutting down and abandoning module DatasmithContent (340)
[2018.12.04-07.03.03:953][230]LogModuleManager: Shutting down and abandoning module SpeedTreeImporter (338)
[2018.12.04-07.03.03:953][230]LogModuleManager: Shutting down and abandoning module PluginBrowser (336)
[2018.12.04-07.03.03:954][230]LogModuleManager: Shutting down and abandoning module MobileLauncherProfileWizard (334)
[2018.12.04-07.03.03:954][230]LogModuleManager: Shutting down and abandoning module PolygonModeling (332)
[2018.12.04-07.03.03:954][230]LogModuleManager: Shutting down and abandoning module MeshEditor (330)
[2018.12.04-07.03.03:954][230]LogModuleManager: Shutting down and abandoning module CryptoKeysOpenSSL (328)
[2018.12.04-07.03.03:954][230]LogModuleManager: Shutting down and abandoning module CryptoKeys (326)
[2018.12.04-07.03.03:954][230]LogModuleManager: Shutting down and abandoning module VisualStudioSourceCodeAccess (324)
[2018.12.04-07.03.03:954][230]LogModuleManager: Shutting down and abandoning module VisualStudioCodeSourceCodeAccess (322)
[2018.12.04-07.03.03:954][230]LogModuleManager: Shutting down and abandoning module UObjectPlugin (320)
[2018.12.04-07.03.03:954][230]LogModuleManager: Shutting down and abandoning module SubversionSourceControl (318)
[2018.12.04-07.03.03:954][230]LogModuleManager: Shutting down and abandoning module PerforceSourceControl (316)
[2018.12.04-07.03.03:954][230]LogModuleManager: Shutting down and abandoning module GitSourceControl (314)
[2018.12.04-07.03.03:954][230]LogModuleManager: Shutting down and abandoning module SourceControl (313)
[2018.12.04-07.03.03:954][230]LogModuleManager: Shutting down and abandoning module CLionSourceCodeAccess (310)
[2018.12.04-07.03.03:954][230]LogModuleManager: Shutting down and abandoning module LightPropagationVolumeEditor (308)
[2018.12.04-07.03.03:954][230]LogModuleManager: Shutting down and abandoning module PaperTiledImporter (306)
[2018.12.04-07.03.03:954][230]LogModuleManager: Shutting down and abandoning module PaperSpriteSheetImporter (304)
[2018.12.04-07.03.03:954][230]LogModuleManager: Shutting down and abandoning module Paper2DEditor (302)
[2018.12.04-07.03.03:954][230]LogModuleManager: Shutting down and abandoning module MeshPaint (301)
[2018.12.04-07.03.03:954][230]LogModuleManager: Shutting down and abandoning module RuntimePhysXCooking (298)
[2018.12.04-07.03.03:954][230]LogModuleManager: Shutting down and abandoning module PhysXVehiclesEditor (296)
[2018.12.04-07.03.03:954][230]LogModuleManager: Shutting down and abandoning module PhysXVehicles (294)
[2018.12.04-07.03.03:954][230]LogModuleManager: Shutting down and abandoning module OculusEditor (292)
[2018.12.04-07.03.03:954][230]LogModuleManager: Shutting down and abandoning module LocationServicesBPLibrary (290)
[2018.12.04-07.03.03:954][230]LogModuleManager: Shutting down and abandoning module ImmediatePhysicsEditor (288)
[2018.12.04-07.03.03:954][230]LogModuleManager: Shutting down and abandoning module ImmediatePhysics (286)
[2018.12.04-07.03.03:954][230]LogModuleManager: Shutting down and abandoning module ActorSequence (284)
[2018.12.04-07.03.03:954][230]LogModuleManager: Shutting down and abandoning module UdpMessaging (282)
[2018.12.04-07.03.04:055][230]LogModuleManager: Shutting down and abandoning module TcpMessaging (280)
[2018.12.04-07.03.04:156][230]LogModuleManager: Shutting down and abandoning module MagicLeapAudio (278)
[2018.12.04-07.03.04:156][230]LogModuleManager: Shutting down and abandoning module GameplayTagsEditor (276)
[2018.12.04-07.03.04:156][230]LogModuleManager: Shutting down and abandoning module FacialAnimationEditor (274)
[2018.12.04-07.03.04:156][230]LogModuleManager: Shutting down and abandoning module FacialAnimation (272)
[2018.12.04-07.03.04:156][230]LogModuleManager: Shutting down and abandoning module DataValidation (270)
[2018.12.04-07.03.04:156][230]LogModuleManager: Shutting down and abandoning module AssetManagerEditor (268)
[2018.12.04-07.03.04:156][230]LogModuleManager: Shutting down and abandoning module LevelEditor (267)
[2018.12.04-07.03.04:156][230]LogModuleManager: Shutting down and abandoning module PixelInspectorModule (266)
[2018.12.04-07.03.04:156][230]LogModuleManager: Shutting down and abandoning module CommonMenuExtensions (264)
[2018.12.04-07.03.04:156][230]LogModuleManager: Shutting down and abandoning module MainFrame (262)
[2018.12.04-07.03.04:156][230]LogModuleManager: Shutting down and abandoning module HotReload (261)
[2018.12.04-07.03.04:157][230]LogModuleManager: Shutting down and abandoning module ContentBrowser (257)
[2018.12.04-07.03.04:157][230]LogModuleManager: Shutting down and abandoning module TreeMap (255)
[2018.12.04-07.03.04:157][230]LogModuleManager: Shutting down and abandoning module LightPropagationVolumeRuntime (252)
[2018.12.04-07.03.04:157][230]LogModuleManager: Shutting down and abandoning module AISupportModule (250)
[2018.12.04-07.03.04:157][230]LogModuleManager: Shutting down and abandoning module Paper2D (248)
[2018.12.04-07.03.04:157][230]LogModuleManager: Shutting down and abandoning module WindowsMoviePlayer (246)
[2018.12.04-07.03.04:157][230]LogModuleManager: Shutting down and abandoning module WmfMedia (244)
[2018.12.04-07.03.04:160][230]LogModuleManager: Shutting down and abandoning module Media (243)
[2018.12.04-07.03.04:166][230]LogModuleManager: Shutting down and abandoning module PacketHandler (240)
[2018.12.04-07.03.04:166][230]LogModuleManager: Shutting down and abandoning module ClothingSystemEditor (238)
[2018.12.04-07.03.04:166][230]LogModuleManager: Shutting down and abandoning module ClothingSystemRuntime (236)
[2018.12.04-07.03.04:166][230]LogModuleManager: Shutting down and abandoning module MediaAssets (234)
[2018.12.04-07.03.04:166][230]LogModuleManager: Shutting down and abandoning module Overlay (232)
[2018.12.04-07.03.04:166][230]LogModuleManager: Shutting down and abandoning module OverlayEditor (231)
[2018.12.04-07.03.04:166][230]LogModuleManager: Shutting down and abandoning module VREditor (228)
[2018.12.04-07.03.04:166][230]LogModuleManager: Shutting down and abandoning module StringTableEditor (226)
[2018.12.04-07.03.04:166][230]LogModuleManager: Shutting down and abandoning module GameplayTasksEditor (224)
[2018.12.04-07.03.04:166][230]LogModuleManager: Shutting down and abandoning module BehaviorTreeEditor (222)
[2018.12.04-07.03.04:166][230]LogModuleManager: Shutting down and abandoning module FunctionalTesting (220)
[2018.12.04-07.03.04:166][230]LogModuleManager: Shutting down and abandoning module CollisionAnalyzer (218)
[2018.12.04-07.03.04:166][230]LogModuleManager: Shutting down and abandoning module WorkspaceMenuStructure (217)
[2018.12.04-07.03.04:166][230]LogModuleManager: Shutting down and abandoning module UMG (214)
[2018.12.04-07.03.04:166][230]LogModuleManager: Shutting down and abandoning module UMGEditor (213)
[2018.12.04-07.03.04:166][230]LogModuleManager: Shutting down and abandoning module Sequencer (212)
[2018.12.04-07.03.04:166][230]LogModuleManager: Shutting down and abandoning module MessageLog (209)
[2018.12.04-07.03.04:166][230]LogModuleManager: Shutting down and abandoning module SlateReflector (204)
[2018.12.04-07.03.04:166][230]LogModuleManager: Shutting down and abandoning module Slate (202)
[2018.12.04-07.03.04:166][230]LogModuleManager: Shutting down and abandoning module EditorStyle (200)
[2018.12.04-07.03.04:167][230]LogModuleManager: Shutting down and abandoning module MRMesh (198)
[2018.12.04-07.03.04:167][230]LogModuleManager: Shutting down and abandoning module SourceCodeAccess (196)
[2018.12.04-07.03.04:167][230]LogModuleManager: Shutting down and abandoning module HeadMountedDisplay (194)
[2018.12.04-07.03.04:167][230]LogModuleManager: Shutting down and abandoning module XAudio2 (192)
[2018.12.04-07.03.04:167][230]LogModuleManager: Shutting down and abandoning module Networking (190)
[2018.12.04-07.03.04:167][230]LogModuleManager: Shutting down and abandoning module Core (188)
[2018.12.04-07.03.04:167][230]LogModuleManager: Shutting down and abandoning module LevelSequence (186)
[2018.12.04-07.03.04:167][230]LogModuleManager: Shutting down and abandoning module KismetCompiler (184)
[2018.12.04-07.03.04:167][230]LogModuleManager: Shutting down and abandoning module MeshUtilities (182)
[2018.12.04-07.03.04:168][230]LogModuleManager: Shutting down and abandoning module MeshMergeUtilities (181)
[2018.12.04-07.03.04:168][230]LogModuleManager: Shutting down and abandoning module MeshReductionInterface (180)
[2018.12.04-07.03.04:168][230]LogModuleManager: Shutting down and abandoning module SimplygonSwarm (179)
[2018.12.04-07.03.04:168][230]LogModuleManager: Shutting down and abandoning module ProxyLODMeshReduction (177)
[2018.12.04-07.03.04:168][230]LogModuleManager: Shutting down and abandoning module SimplygonMeshReduction (175)
[2018.12.04-07.03.04:168][230]LogModuleManager: Shutting down and abandoning module QuadricMeshReduction (173)
[2018.12.04-07.03.04:168][230]LogModuleManager: Shutting down and abandoning module MaterialBaking (169)
[2018.12.04-07.03.04:168][230]LogModuleManager: Shutting down and abandoning module DirectoryWatcher (165)
[2018.12.04-07.03.04:168][230]LogModuleManager: Shutting down and abandoning module DerivedDataCache (162)
[2018.12.04-07.03.04:195][230]LogDerivedDataCache: Shutdown
[2018.12.04-07.03.04:195][230]LogModuleManager: Shutting down and abandoning module XGEController (160)
[2018.12.04-07.03.04:195][230]LogModuleManager: Shutting down and abandoning module TargetPlatform (158)
[2018.12.04-07.03.04:195][230]LogModuleManager: Shutting down and abandoning module VulkanShaderFormat (157)
[2018.12.04-07.03.04:195][230]LogModuleManager: Shutting down and abandoning module ShaderFormatVectorVM (155)
[2018.12.04-07.03.04:195][230]LogModuleManager: Shutting down and abandoning module ShaderFormatOpenGL (153)
[2018.12.04-07.03.04:195][230]LogModuleManager: Shutting down and abandoning module ShaderFormatD3D (151)
[2018.12.04-07.03.04:195][230]LogModuleManager: Shutting down and abandoning module MetalShaderFormat (149)
[2018.12.04-07.03.04:195][230]LogModuleManager: Shutting down and abandoning module TextureFormatUncompressed (147)
[2018.12.04-07.03.04:195][230]LogModuleManager: Shutting down and abandoning module TextureFormatPVR (145)
[2018.12.04-07.03.04:195][230]LogModuleManager: Shutting down and abandoning module TextureFormatDXT (143)
[2018.12.04-07.03.04:195][230]LogModuleManager: Shutting down and abandoning module TextureFormatIntelISPCTexComp (141)
[2018.12.04-07.03.04:195][230]LogModuleManager: Shutting down and abandoning module TextureFormatASTC (139)
[2018.12.04-07.03.04:195][230]LogModuleManager: Shutting down and abandoning module ImageWrapper (138)
[2018.12.04-07.03.04:195][230]LogModuleManager: Shutting down and abandoning module TextureFormatAndroid (135)
[2018.12.04-07.03.04:195][230]LogModuleManager: Shutting down and abandoning module AudioFormatOpus (133)
[2018.12.04-07.03.04:195][230]LogModuleManager: Shutting down and abandoning module AudioFormatOgg (131)
[2018.12.04-07.03.04:195][230]LogModuleManager: Shutting down and abandoning module AudioFormatADPCM (129)
[2018.12.04-07.03.04:195][230]LogModuleManager: Shutting down and abandoning module LuminTargetPlatform (127)
[2018.12.04-07.03.04:195][230]LogModuleManager: Shutting down and abandoning module LinuxTargetPlatform (125)
[2018.12.04-07.03.04:195][230]LogModuleManager: Shutting down and abandoning module LinuxServerTargetPlatform (123)
[2018.12.04-07.03.04:195][230]LogModuleManager: Shutting down and abandoning module LinuxNoEditorTargetPlatform (121)
[2018.12.04-07.03.04:195][230]LogModuleManager: Shutting down and abandoning module LinuxClientTargetPlatform (119)
[2018.12.04-07.03.04:195][230]LogModuleManager: Shutting down and abandoning module TVOSTargetPlatform (117)
[2018.12.04-07.03.04:196][230]LogModuleManager: Shutting down and abandoning module Messaging (115)
[2018.12.04-07.03.04:196][230]LogModuleManager: Shutting down and abandoning module IOSTargetPlatform (113)
[2018.12.04-07.03.04:196][230]LogModuleManager: Shutting down and abandoning module HTML5TargetPlatform (111)
[2018.12.04-07.03.04:196][230]LogModuleManager: Shutting down and abandoning module AndroidTargetPlatform (109)
[2018.12.04-07.03.04:202][230]LogModuleManager: Shutting down and abandoning module WindowsTargetPlatform (107)
[2018.12.04-07.03.04:202][230]LogModuleManager: Shutting down and abandoning module WindowsServerTargetPlatform (105)
[2018.12.04-07.03.04:202][230]LogModuleManager: Shutting down and abandoning module WindowsNoEditorTargetPlatform (103)
[2018.12.04-07.03.04:202][230]LogModuleManager: Shutting down and abandoning module WindowsClientTargetPlatform (101)
[2018.12.04-07.03.04:202][230]LogModuleManager: Shutting down and abandoning module MacTargetPlatform (99)
[2018.12.04-07.03.04:202][230]LogModuleManager: Shutting down and abandoning module MacServerTargetPlatform (97)
[2018.12.04-07.03.04:202][230]LogModuleManager: Shutting down and abandoning module MacNoEditorTargetPlatform (95)
[2018.12.04-07.03.04:202][230]LogModuleManager: Shutting down and abandoning module MacClientTargetPlatform (93)
[2018.12.04-07.03.04:202][230]LogModuleManager: Shutting down and abandoning module AllDesktopTargetPlatform (91)
[2018.12.04-07.03.04:202][230]LogModuleManager: Shutting down and abandoning module InputCore (88)
[2018.12.04-07.03.04:202][230]LogModuleManager: Shutting down and abandoning module Settings (86)
[2018.12.04-07.03.04:202][230]LogModuleManager: Shutting down and abandoning module PhysXCooking (84)
[2018.12.04-07.03.04:202][230]LogModuleManager: Shutting down and abandoning module SteamVR (82)
[2018.12.04-07.03.04:202][230]LogModuleManager: Shutting down and abandoning module OculusHMD (80)
[2018.12.04-07.03.04:202][230]LogModuleManager: Shutting down and abandoning module ExampleDeviceProfileSelector (78)
[2018.12.04-07.03.04:202][230]LogModuleManager: Shutting down and abandoning module LauncherChunkInstaller (76)
[2018.12.04-07.03.04:202][230]LogModuleManager: Shutting down and abandoning module OnlineBlueprintSupport (74)
[2018.12.04-07.03.04:202][230]LogModuleManager: Shutting down and abandoning module OnlineSubsystem (70)
[2018.12.04-07.03.04:203][230]LogModuleManager: Shutting down and abandoning module XMPP (65)
[2018.12.04-07.03.04:203][230]LogModuleManager: Shutting down and abandoning module WebSockets (64)
[2018.12.04-07.03.04:210][230]LogModuleManager: Shutting down and abandoning module HTTP (61)
[2018.12.04-07.03.04:210][230]LogHttp: Display: Http module shutting down, but needs to wait on 1 outstanding Http requests:
[2018.12.04-07.03.04:210][230]LogHttp: Display: 	verb=[POST] url=[https://datarouter.ol.epicgames.com/datarouter/api/v1/public/data?SessionID=%7BEFBA4B45-4183-9CF5-7C96-F1BA3F0B7B20%7D&AppID=UEEditor.Rocket.Release&AppVersion=4.20.3-4369336%2B%2B%2BUE4%2BRelease-4.20&UserID=ae4124074c5c1f4a3de99e9e2b98b787%7Ccdf989507d0f41cba427d593263f71c3%7C140d86af-6648-48cb-bfc0-aea95a000649&AppEnvironment=datacollector-binary&UploadType=eteventstream] status=Processing
[2018.12.04-07.03.04:227][230]LogModuleManager: Shutting down and abandoning module SSL (60)
[2018.12.04-07.03.04:228][230]LogModuleManager: Shutting down and abandoning module MagicLeapEmulator (56)
[2018.12.04-07.03.04:228][230]LogModuleManager: Shutting down and abandoning module MagicLeapPrivileges (54)
[2018.12.04-07.03.04:228][230]LogModuleManager: Shutting down and abandoning module MagicLeapIdentity (52)
[2018.12.04-07.03.04:228][230]LogModuleManager: Shutting down and abandoning module MagicLeapHelperVulkan (50)
[2018.12.04-07.03.04:228][230]LogModuleManager: Shutting down and abandoning module MagicLeapHelperOpenGL (48)
[2018.12.04-07.03.04:228][230]LogModuleManager: Shutting down and abandoning module MagicLeapSecureStorage (46)
[2018.12.04-07.03.04:228][230]LogModuleManager: Shutting down and abandoning module MagicLeapGestures (44)
[2018.12.04-07.03.04:228][230]LogModuleManager: Shutting down and abandoning module MagicLeapEyeTracker (42)
[2018.12.04-07.03.04:228][230]LogModuleManager: Shutting down and abandoning module MagicLeapController (40)
[2018.12.04-07.03.04:228][230]LogSlate: Slate User Destroyed.  User Index 0, Is Virtual User: 0
[2018.12.04-07.03.04:228][230]LogModuleManager: Shutting down and abandoning module MagicLeap (38)
[2018.12.04-07.03.04:228][230]LogModuleManager: Shutting down and abandoning module AnimationModifiers (36)
[2018.12.04-07.03.04:228][230]LogModuleManager: Shutting down and abandoning module PropertyEditor (35)
[2018.12.04-07.03.04:228][230]LogModuleManager: Shutting down and abandoning module AudioEditor (32)
[2018.12.04-07.03.04:228][230]LogModuleManager: Shutting down and abandoning module TextureCompressor (30)
[2018.12.04-07.03.04:229][230]LogModuleManager: Shutting down and abandoning module ShaderCore (28)
[2018.12.04-07.03.04:229][230]LogModuleManager: Shutting down and abandoning module Landscape (26)
[2018.12.04-07.03.04:229][230]LogModuleManager: Shutting down and abandoning module SlateRHIRenderer (24)
[2018.12.04-07.03.04:230][230]LogModuleManager: Shutting down and abandoning module OpenGLDrv (22)
[2018.12.04-07.03.04:230][230]LogModuleManager: Shutting down and abandoning module D3D11RHI (20)
[2018.12.04-07.03.04:230][230]LogModuleManager: Shutting down and abandoning module AnimGraphRuntime (18)
[2018.12.04-07.03.04:230][230]LogModuleManager: Shutting down and abandoning module Renderer (16)
[2018.12.04-07.03.04:230][230]LogModuleManager: Shutting down and abandoning module Engine (14)
[2018.12.04-07.03.04:230][230]LogModuleManager: Shutting down and abandoning module CoreUObject (12)
[2018.12.04-07.03.04:230][230]LogModuleManager: Shutting down and abandoning module NetworkFile (10)
[2018.12.04-07.03.04:230][230]LogModuleManager: Shutting down and abandoning module CookedIterativeFile (8)
[2018.12.04-07.03.04:230][230]LogModuleManager: Shutting down and abandoning module StreamingFile (6)
[2018.12.04-07.03.04:230][230]LogModuleManager: Shutting down and abandoning module SandboxFile (4)
[2018.12.04-07.03.04:230][230]LogModuleManager: Shutting down and abandoning module PakFile (2)
[2018.12.04-07.03.04:238][230]LogExit: Exiting.
[2018.12.04-07.03.04:261][230]Log file closed, 12/04/18 16:03:04
